{"C:\\APLICATIVO DE TEA\\frontend\\src\\App.js": {"path":"C:\\APLICATIVO DE TEA\\frontend\\src\\App.js","statementMap":{"0":{"start":{"line":18,"column":26},"end":{"line":18,"column":46}},"1":{"start":{"line":20,"column":2},"end":{"line":26,"column":9}},"2":{"start":{"line":21,"column":18},"end":{"line":21,"column":47}},"3":{"start":{"line":22,"column":21},"end":{"line":22,"column":49}},"4":{"start":{"line":23,"column":4},"end":{"line":25,"column":5}},"5":{"start":{"line":24,"column":6},"end":{"line":24,"column":36}},"6":{"start":{"line":28,"column":22},"end":{"line":34,"column":3}},"7":{"start":{"line":29,"column":4},"end":{"line":29,"column":64}},"8":{"start":{"line":30,"column":4},"end":{"line":30,"column":41}},"9":{"start":{"line":31,"column":4},"end":{"line":31,"column":59}},"10":{"start":{"line":32,"column":4},"end":{"line":32,"column":22}},"11":{"start":{"line":33,"column":4},"end":{"line":33,"column":54}},"12":{"start":{"line":36,"column":23},"end":{"line":40,"column":3}},"13":{"start":{"line":37,"column":4},"end":{"line":37,"column":37}},"14":{"start":{"line":38,"column":4},"end":{"line":38,"column":36}},"15":{"start":{"line":39,"column":4},"end":{"line":39,"column":18}},"16":{"start":{"line":42,"column":2},"end":{"line":93,"column":4}}},"fnMap":{"0":{"name":"App","decl":{"start":{"line":17,"column":9},"end":{"line":17,"column":12}},"loc":{"start":{"line":17,"column":15},"end":{"line":94,"column":1}},"line":17},"1":{"name":"(anonymous_1)","decl":{"start":{"line":20,"column":18},"end":{"line":20,"column":19}},"loc":{"start":{"line":20,"column":24},"end":{"line":26,"column":3}},"line":20},"2":{"name":"(anonymous_2)","decl":{"start":{"line":28,"column":22},"end":{"line":28,"column":23}},"loc":{"start":{"line":28,"column":43},"end":{"line":34,"column":3}},"line":28},"3":{"name":"(anonymous_3)","decl":{"start":{"line":36,"column":23},"end":{"line":36,"column":24}},"loc":{"start":{"line":36,"column":29},"end":{"line":40,"column":3}},"line":36}},"branchMap":{"0":{"loc":{"start":{"line":23,"column":4},"end":{"line":25,"column":5}},"type":"if","locations":[{"start":{"line":23,"column":4},"end":{"line":25,"column":5}},{"start":{},"end":{}}],"line":23},"1":{"loc":{"start":{"line":23,"column":8},"end":{"line":23,"column":25}},"type":"binary-expr","locations":[{"start":{"line":23,"column":8},"end":{"line":23,"column":13}},{"start":{"line":23,"column":17},"end":{"line":23,"column":25}}],"line":23},"2":{"loc":{"start":{"line":47,"column":12},"end":{"line":53,"column":13}},"type":"cond-expr","locations":[{"start":{"line":48,"column":14},"end":{"line":50,"column":43}},{"start":{"line":52,"column":14},"end":{"line":52,"column":38}}],"line":47},"3":{"loc":{"start":{"line":48,"column":14},"end":{"line":50,"column":43}},"type":"cond-expr","locations":[{"start":{"line":49,"column":16},"end":{"line":49,"column":40}},{"start":{"line":50,"column":16},"end":{"line":50,"column":43}}],"line":48},"4":{"loc":{"start":{"line":57,"column":12},"end":{"line":59,"column":38}},"type":"cond-expr","locations":[{"start":{"line":58,"column":14},"end":{"line":58,"column":65}},{"start":{"line":59,"column":14},"end":{"line":59,"column":38}}],"line":57},"5":{"loc":{"start":{"line":57,"column":12},"end":{"line":57,"column":41}},"type":"binary-expr","locations":[{"start":{"line":57,"column":12},"end":{"line":57,"column":16}},{"start":{"line":57,"column":20},"end":{"line":57,"column":41}}],"line":57},"6":{"loc":{"start":{"line":62,"column":12},"end":{"line":64,"column":38}},"type":"cond-expr","locations":[{"start":{"line":63,"column":14},"end":{"line":63,"column":68}},{"start":{"line":64,"column":14},"end":{"line":64,"column":38}}],"line":62},"7":{"loc":{"start":{"line":62,"column":12},"end":{"line":62,"column":44}},"type":"binary-expr","locations":[{"start":{"line":62,"column":12},"end":{"line":62,"column":16}},{"start":{"line":62,"column":20},"end":{"line":62,"column":44}}],"line":62},"8":{"loc":{"start":{"line":67,"column":12},"end":{"line":67,"column":78}},"type":"cond-expr","locations":[{"start":{"line":67,"column":19},"end":{"line":67,"column":51}},{"start":{"line":67,"column":54},"end":{"line":67,"column":78}}],"line":67},"9":{"loc":{"start":{"line":70,"column":12},"end":{"line":70,"column":78}},"type":"cond-expr","locations":[{"start":{"line":70,"column":19},"end":{"line":70,"column":51}},{"start":{"line":70,"column":54},"end":{"line":70,"column":78}}],"line":70},"10":{"loc":{"start":{"line":73,"column":12},"end":{"line":73,"column":78}},"type":"cond-expr","locations":[{"start":{"line":73,"column":19},"end":{"line":73,"column":51}},{"start":{"line":73,"column":54},"end":{"line":73,"column":78}}],"line":73},"11":{"loc":{"start":{"line":76,"column":12},"end":{"line":76,"column":73}},"type":"cond-expr","locations":[{"start":{"line":76,"column":19},"end":{"line":76,"column":46}},{"start":{"line":76,"column":49},"end":{"line":76,"column":73}}],"line":76},"12":{"loc":{"start":{"line":79,"column":12},"end":{"line":79,"column":81}},"type":"cond-expr","locations":[{"start":{"line":79,"column":19},"end":{"line":79,"column":54}},{"start":{"line":79,"column":57},"end":{"line":79,"column":81}}],"line":79},"13":{"loc":{"start":{"line":82,"column":12},"end":{"line":82,"column":72}},"type":"cond-expr","locations":[{"start":{"line":82,"column":19},"end":{"line":82,"column":45}},{"start":{"line":82,"column":48},"end":{"line":82,"column":72}}],"line":82},"14":{"loc":{"start":{"line":85,"column":12},"end":{"line":85,"column":71}},"type":"cond-expr","locations":[{"start":{"line":85,"column":19},"end":{"line":85,"column":44}},{"start":{"line":85,"column":47},"end":{"line":85,"column":71}}],"line":85},"15":{"loc":{"start":{"line":88,"column":12},"end":{"line":88,"column":72}},"type":"cond-expr","locations":[{"start":{"line":88,"column":19},"end":{"line":88,"column":45}},{"start":{"line":88,"column":48},"end":{"line":88,"column":72}}],"line":88}},"s":{"0":0,"1":0,"2":0,"3":0,"4":0,"5":0,"6":0,"7":0,"8":0,"9":0,"10":0,"11":0,"12":0,"13":0,"14":0,"15":0,"16":0},"f":{"0":0,"1":0,"2":0,"3":0},"b":{"0":[0,0],"1":[0,0],"2":[0,0],"3":[0,0],"4":[0,0],"5":[0,0],"6":[0,0],"7":[0,0],"8":[0,0],"9":[0,0],"10":[0,0],"11":[0,0],"12":[0,0],"13":[0,0],"14":[0,0],"15":[0,0]}}
,"C:\\APLICATIVO DE TEA\\frontend\\src\\index.js": {"path":"C:\\APLICATIVO DE TEA\\frontend\\src\\index.js","statementMap":{"0":{"start":{"line":6,"column":13},"end":{"line":6,"column":65}},"1":{"start":{"line":7,"column":0},"end":{"line":11,"column":2}}},"fnMap":{},"branchMap":{},"s":{"0":0,"1":0},"f":{},"b":{}}
,"C:\\APLICATIVO DE TEA\\frontend\\src\\features\\achievements\\index.js": {"path":"C:\\APLICATIVO DE TEA\\frontend\\src\\features\\achievements\\index.js","statementMap":{},"fnMap":{},"branchMap":{},"s":{},"f":{},"b":{}}
,"C:\\APLICATIVO DE TEA\\frontend\\src\\features\\achievements\\components\\AchievementCard.js": {"path":"C:\\APLICATIVO DE TEA\\frontend\\src\\features\\achievements\\components\\AchievementCard.js","statementMap":{"0":{"start":{"line":14,"column":24},"end":{"line":109,"column":1}},"1":{"start":{"line":26,"column":6},"end":{"line":26,"column":17}},"2":{"start":{"line":28,"column":23},"end":{"line":33,"column":3}},"3":{"start":{"line":35,"column":23},"end":{"line":40,"column":3}},"4":{"start":{"line":42,"column":21},"end":{"line":50,"column":3}},"5":{"start":{"line":43,"column":4},"end":{"line":43,"column":30}},"6":{"start":{"line":43,"column":20},"end":{"line":43,"column":30}},"7":{"start":{"line":44,"column":17},"end":{"line":44,"column":36}},"8":{"start":{"line":45,"column":4},"end":{"line":49,"column":7}},"9":{"start":{"line":52,"column":2},"end":{"line":108,"column":4}}},"fnMap":{"0":{"name":"(anonymous_0)","decl":{"start":{"line":14,"column":24},"end":{"line":14,"column":25}},"loc":{"start":{"line":14,"column":54},"end":{"line":109,"column":1}},"line":14},"1":{"name":"(anonymous_1)","decl":{"start":{"line":42,"column":21},"end":{"line":42,"column":22}},"loc":{"start":{"line":42,"column":36},"end":{"line":50,"column":3}},"line":42}},"branchMap":{"0":{"loc":{"start":{"line":24,"column":4},"end":{"line":24,"column":16}},"type":"default-arg","locations":[{"start":{"line":24,"column":15},"end":{"line":24,"column":16}}],"line":24},"1":{"loc":{"start":{"line":43,"column":4},"end":{"line":43,"column":30}},"type":"if","locations":[{"start":{"line":43,"column":4},"end":{"line":43,"column":30}},{"start":{},"end":{}}],"line":43},"2":{"loc":{"start":{"line":54,"column":37},"end":{"line":54,"column":69}},"type":"cond-expr","locations":[{"start":{"line":54,"column":48},"end":{"line":54,"column":58}},{"start":{"line":54,"column":61},"end":{"line":54,"column":69}}],"line":54},"3":{"loc":{"start":{"line":59,"column":44},"end":{"line":59,"column":73}},"type":"cond-expr","locations":[{"start":{"line":59,"column":55},"end":{"line":59,"column":57}},{"start":{"line":59,"column":60},"end":{"line":59,"column":73}}],"line":59},"4":{"loc":{"start":{"line":60,"column":11},"end":{"line":60,"column":33}},"type":"cond-expr","locations":[{"start":{"line":60,"column":22},"end":{"line":60,"column":26}},{"start":{"line":60,"column":29},"end":{"line":60,"column":33}}],"line":60},"5":{"loc":{"start":{"line":69,"column":11},"end":{"line":69,"column":34}},"type":"cond-expr","locations":[{"start":{"line":69,"column":22},"end":{"line":69,"column":26}},{"start":{"line":69,"column":29},"end":{"line":69,"column":34}}],"line":69},"6":{"loc":{"start":{"line":72,"column":11},"end":{"line":72,"column":57}},"type":"cond-expr","locations":[{"start":{"line":72,"column":22},"end":{"line":72,"column":33}},{"start":{"line":72,"column":36},"end":{"line":72,"column":57}}],"line":72},"7":{"loc":{"start":{"line":75,"column":9},"end":{"line":88,"column":9}},"type":"binary-expr","locations":[{"start":{"line":75,"column":9},"end":{"line":75,"column":18}},{"start":{"line":75,"column":22},"end":{"line":75,"column":34}},{"start":{"line":76,"column":10},"end":{"line":87,"column":16}}],"line":75},"8":{"loc":{"start":{"line":95,"column":9},"end":{"line":99,"column":9}},"type":"binary-expr","locations":[{"start":{"line":95,"column":9},"end":{"line":95,"column":17}},{"start":{"line":95,"column":21},"end":{"line":95,"column":31}},{"start":{"line":96,"column":10},"end":{"line":98,"column":16}}],"line":95},"9":{"loc":{"start":{"line":102,"column":7},"end":{"line":106,"column":7}},"type":"binary-expr","locations":[{"start":{"line":102,"column":7},"end":{"line":102,"column":15}},{"start":{"line":103,"column":8},"end":{"line":105,"column":14}}],"line":102}},"s":{"0":0,"1":0,"2":0,"3":0,"4":0,"5":0,"6":0,"7":0,"8":0,"9":0},"f":{"0":0,"1":0},"b":{"0":[0],"1":[0,0],"2":[0,0],"3":[0,0],"4":[0,0],"5":[0,0],"6":[0,0],"7":[0,0,0],"8":[0,0,0],"9":[0,0]}}
,"C:\\APLICATIVO DE TEA\\frontend\\src\\features\\achievements\\components\\AchievementNotification.js": {"path":"C:\\APLICATIVO DE TEA\\frontend\\src\\features\\achievements\\components\\AchievementNotification.js","statementMap":{"0":{"start":{"line":13,"column":32},"end":{"line":70,"column":1}},"1":{"start":{"line":14,"column":36},"end":{"line":14,"column":51}},"2":{"start":{"line":16,"column":2},"end":{"line":28,"column":17}},"3":{"start":{"line":18,"column":4},"end":{"line":20,"column":7}},"4":{"start":{"line":19,"column":6},"end":{"line":19,"column":25}},"5":{"start":{"line":23,"column":18},"end":{"line":25,"column":16}},"6":{"start":{"line":24,"column":6},"end":{"line":24,"column":20}},"7":{"start":{"line":27,"column":4},"end":{"line":27,"column":37}},"8":{"start":{"line":27,"column":17},"end":{"line":27,"column":36}},"9":{"start":{"line":30,"column":22},"end":{"line":35,"column":3}},"10":{"start":{"line":31,"column":4},"end":{"line":31,"column":24}},"11":{"start":{"line":32,"column":4},"end":{"line":34,"column":12}},"12":{"start":{"line":33,"column":6},"end":{"line":33,"column":29}},"13":{"start":{"line":33,"column":19},"end":{"line":33,"column":29}},"14":{"start":{"line":37,"column":23},"end":{"line":42,"column":3}},"15":{"start":{"line":44,"column":2},"end":{"line":69,"column":4}}},"fnMap":{"0":{"name":"(anonymous_0)","decl":{"start":{"line":13,"column":32},"end":{"line":13,"column":33}},"loc":{"start":{"line":13,"column":79},"end":{"line":70,"column":1}},"line":13},"1":{"name":"(anonymous_1)","decl":{"start":{"line":16,"column":12},"end":{"line":16,"column":13}},"loc":{"start":{"line":16,"column":18},"end":{"line":28,"column":3}},"line":16},"2":{"name":"(anonymous_2)","decl":{"start":{"line":18,"column":26},"end":{"line":18,"column":27}},"loc":{"start":{"line":18,"column":32},"end":{"line":20,"column":5}},"line":18},"3":{"name":"(anonymous_3)","decl":{"start":{"line":23,"column":29},"end":{"line":23,"column":30}},"loc":{"start":{"line":23,"column":35},"end":{"line":25,"column":5}},"line":23},"4":{"name":"(anonymous_4)","decl":{"start":{"line":27,"column":11},"end":{"line":27,"column":12}},"loc":{"start":{"line":27,"column":17},"end":{"line":27,"column":36}},"line":27},"5":{"name":"(anonymous_5)","decl":{"start":{"line":30,"column":22},"end":{"line":30,"column":23}},"loc":{"start":{"line":30,"column":28},"end":{"line":35,"column":3}},"line":30},"6":{"name":"(anonymous_6)","decl":{"start":{"line":32,"column":15},"end":{"line":32,"column":16}},"loc":{"start":{"line":32,"column":21},"end":{"line":34,"column":5}},"line":32}},"branchMap":{"0":{"loc":{"start":{"line":13,"column":57},"end":{"line":13,"column":72}},"type":"default-arg","locations":[{"start":{"line":13,"column":68},"end":{"line":13,"column":72}}],"line":13},"1":{"loc":{"start":{"line":33,"column":6},"end":{"line":33,"column":29}},"type":"if","locations":[{"start":{"line":33,"column":6},"end":{"line":33,"column":29}},{"start":{},"end":{}}],"line":33},"2":{"loc":{"start":{"line":46,"column":45},"end":{"line":46,"column":71}},"type":"cond-expr","locations":[{"start":{"line":46,"column":57},"end":{"line":46,"column":66}},{"start":{"line":46,"column":69},"end":{"line":46,"column":71}}],"line":46},"3":{"loc":{"start":{"line":57,"column":13},"end":{"line":57,"column":50}},"type":"binary-expr","locations":[{"start":{"line":57,"column":13},"end":{"line":57,"column":30}},{"start":{"line":57,"column":34},"end":{"line":57,"column":50}}],"line":57}},"s":{"0":0,"1":0,"2":0,"3":0,"4":0,"5":0,"6":0,"7":0,"8":0,"9":0,"10":0,"11":0,"12":0,"13":0,"14":0,"15":0},"f":{"0":0,"1":0,"2":0,"3":0,"4":0,"5":0,"6":0},"b":{"0":[0],"1":[0,0],"2":[0,0],"3":[0,0]}}
,"C:\\APLICATIVO DE TEA\\frontend\\src\\features\\achievements\\components\\AchievementPanel.js": {"path":"C:\\APLICATIVO DE TEA\\frontend\\src\\features\\achievements\\components\\AchievementPanel.js","statementMap":{"0":{"start":{"line":17,"column":25},"end":{"line":144,"column":1}},"1":{"start":{"line":18,"column":46},"end":{"line":18,"column":61}},"2":{"start":{"line":19,"column":42},"end":{"line":19,"column":57}},"3":{"start":{"line":20,"column":30},"end":{"line":20,"column":48}},"4":{"start":{"line":22,"column":57},"end":{"line":26,"column":4}},"5":{"start":{"line":28,"column":43},"end":{"line":28,"column":64}},"6":{"start":{"line":30,"column":21},"end":{"line":37,"column":3}},"7":{"start":{"line":39,"column":18},"end":{"line":43,"column":3}},"8":{"start":{"line":45,"column":22},"end":{"line":50,"column":3}},"9":{"start":{"line":52,"column":2},"end":{"line":143,"column":4}},"10":{"start":{"line":86,"column":14},"end":{"line":93,"column":23}},"11":{"start":{"line":89,"column":31},"end":{"line":89,"column":56}},"12":{"start":{"line":101,"column":60},"end":{"line":101,"column":91}},"13":{"start":{"line":103,"column":18},"end":{"line":103,"column":67}},"14":{"start":{"line":110,"column":54},"end":{"line":110,"column":79}},"15":{"start":{"line":112,"column":18},"end":{"line":112,"column":67}},"16":{"start":{"line":133,"column":14},"end":{"line":137,"column":16}},"17":{"start":{"line":136,"column":31},"end":{"line":136,"column":82}}},"fnMap":{"0":{"name":"(anonymous_0)","decl":{"start":{"line":17,"column":25},"end":{"line":17,"column":26}},"loc":{"start":{"line":17,"column":42},"end":{"line":144,"column":1}},"line":17},"1":{"name":"(anonymous_1)","decl":{"start":{"line":85,"column":28},"end":{"line":85,"column":29}},"loc":{"start":{"line":86,"column":14},"end":{"line":93,"column":23}},"line":86},"2":{"name":"(anonymous_2)","decl":{"start":{"line":89,"column":25},"end":{"line":89,"column":26}},"loc":{"start":{"line":89,"column":31},"end":{"line":89,"column":56}},"line":89},"3":{"name":"(anonymous_3)","decl":{"start":{"line":101,"column":53},"end":{"line":101,"column":54}},"loc":{"start":{"line":101,"column":60},"end":{"line":101,"column":91}},"line":101},"4":{"name":"(anonymous_4)","decl":{"start":{"line":102,"column":29},"end":{"line":102,"column":30}},"loc":{"start":{"line":103,"column":18},"end":{"line":103,"column":67}},"line":103},"5":{"name":"(anonymous_5)","decl":{"start":{"line":110,"column":47},"end":{"line":110,"column":48}},"loc":{"start":{"line":110,"column":54},"end":{"line":110,"column":79}},"line":110},"6":{"name":"(anonymous_6)","decl":{"start":{"line":111,"column":33},"end":{"line":111,"column":34}},"loc":{"start":{"line":112,"column":18},"end":{"line":112,"column":67}},"line":112},"7":{"name":"(anonymous_7)","decl":{"start":{"line":132,"column":29},"end":{"line":132,"column":30}},"loc":{"start":{"line":133,"column":14},"end":{"line":137,"column":16}},"line":133},"8":{"name":"(anonymous_8)","decl":{"start":{"line":136,"column":25},"end":{"line":136,"column":26}},"loc":{"start":{"line":136,"column":31},"end":{"line":136,"column":82}},"line":136}},"branchMap":{"0":{"loc":{"start":{"line":23,"column":14},"end":{"line":23,"column":67}},"type":"cond-expr","locations":[{"start":{"line":23,"column":41},"end":{"line":23,"column":50}},{"start":{"line":23,"column":53},"end":{"line":23,"column":67}}],"line":23},"1":{"loc":{"start":{"line":24,"column":14},"end":{"line":24,"column":96}},"type":"cond-expr","locations":[{"start":{"line":24,"column":44},"end":{"line":24,"column":48}},{"start":{"line":24,"column":51},"end":{"line":24,"column":96}}],"line":24},"2":{"loc":{"start":{"line":24,"column":51},"end":{"line":24,"column":96}},"type":"cond-expr","locations":[{"start":{"line":24,"column":79},"end":{"line":24,"column":84}},{"start":{"line":24,"column":87},"end":{"line":24,"column":96}}],"line":24},"3":{"loc":{"start":{"line":63,"column":11},"end":{"line":78,"column":11}},"type":"binary-expr","locations":[{"start":{"line":63,"column":11},"end":{"line":63,"column":16}},{"start":{"line":63,"column":20},"end":{"line":63,"column":33}},{"start":{"line":64,"column":12},"end":{"line":77,"column":18}}],"line":63},"4":{"loc":{"start":{"line":88,"column":43},"end":{"line":88,"column":84}},"type":"cond-expr","locations":[{"start":{"line":88,"column":71},"end":{"line":88,"column":79}},{"start":{"line":88,"column":82},"end":{"line":88,"column":84}}],"line":88},"5":{"loc":{"start":{"line":121,"column":11},"end":{"line":139,"column":11}},"type":"cond-expr","locations":[{"start":{"line":122,"column":12},"end":{"line":125,"column":18}},{"start":{"line":126,"column":14},"end":{"line":139,"column":11}}],"line":121},"6":{"loc":{"start":{"line":126,"column":14},"end":{"line":139,"column":11}},"type":"cond-expr","locations":[{"start":{"line":127,"column":12},"end":{"line":130,"column":18}},{"start":{"line":132,"column":12},"end":{"line":138,"column":14}}],"line":126}},"s":{"0":0,"1":0,"2":0,"3":0,"4":0,"5":0,"6":0,"7":0,"8":0,"9":0,"10":0,"11":0,"12":0,"13":0,"14":0,"15":0,"16":0,"17":0},"f":{"0":0,"1":0,"2":0,"3":0,"4":0,"5":0,"6":0,"7":0,"8":0},"b":{"0":[0,0],"1":[0,0],"2":[0,0],"3":[0,0,0],"4":[0,0],"5":[0,0],"6":[0,0]}}
,"C:\\APLICATIVO DE TEA\\frontend\\src\\features\\achievements\\data\\achievements\\cyberRunnerAchievements.js": {"path":"C:\\APLICATIVO DE TEA\\frontend\\src\\features\\achievements\\data\\achievements\\cyberRunnerAchievements.js","statementMap":{"0":{"start":{"line":10,"column":39},"end":{"line":76,"column":1}},"1":{"start":{"line":21,"column":22},"end":{"line":21,"column":58}},"2":{"start":{"line":34,"column":22},"end":{"line":34,"column":58}},"3":{"start":{"line":47,"column":22},"end":{"line":47,"column":56}},"4":{"start":{"line":60,"column":22},"end":{"line":60,"column":56}},"5":{"start":{"line":73,"column":22},"end":{"line":73,"column":58}}},"fnMap":{"0":{"name":"(anonymous_0)","decl":{"start":{"line":21,"column":15},"end":{"line":21,"column":16}},"loc":{"start":{"line":21,"column":22},"end":{"line":21,"column":58}},"line":21},"1":{"name":"(anonymous_1)","decl":{"start":{"line":34,"column":15},"end":{"line":34,"column":16}},"loc":{"start":{"line":34,"column":22},"end":{"line":34,"column":58}},"line":34},"2":{"name":"(anonymous_2)","decl":{"start":{"line":47,"column":15},"end":{"line":47,"column":16}},"loc":{"start":{"line":47,"column":22},"end":{"line":47,"column":56}},"line":47},"3":{"name":"(anonymous_3)","decl":{"start":{"line":60,"column":15},"end":{"line":60,"column":16}},"loc":{"start":{"line":60,"column":22},"end":{"line":60,"column":56}},"line":60},"4":{"name":"(anonymous_4)","decl":{"start":{"line":73,"column":15},"end":{"line":73,"column":16}},"loc":{"start":{"line":73,"column":22},"end":{"line":73,"column":58}},"line":73}},"branchMap":{},"s":{"0":1,"1":0,"2":0,"3":0,"4":0,"5":0},"f":{"0":0,"1":0,"2":0,"3":0,"4":0},"b":{},"_coverageSchema":"1a1c01bbd47fc00a2c39e90264f33305004495a9","hash":"d998f9fc5925217ad401ea094da3b16c27992b43"}
,"C:\\APLICATIVO DE TEA\\frontend\\src\\features\\achievements\\data\\achievements\\echoTempleAchievements.js": {"path":"C:\\APLICATIVO DE TEA\\frontend\\src\\features\\achievements\\data\\achievements\\echoTempleAchievements.js","statementMap":{"0":{"start":{"line":10,"column":38},"end":{"line":76,"column":1}},"1":{"start":{"line":21,"column":22},"end":{"line":21,"column":57}},"2":{"start":{"line":34,"column":22},"end":{"line":34,"column":64}},"3":{"start":{"line":47,"column":22},"end":{"line":47,"column":60}},"4":{"start":{"line":60,"column":22},"end":{"line":60,"column":56}},"5":{"start":{"line":73,"column":22},"end":{"line":73,"column":58}}},"fnMap":{"0":{"name":"(anonymous_0)","decl":{"start":{"line":21,"column":15},"end":{"line":21,"column":16}},"loc":{"start":{"line":21,"column":22},"end":{"line":21,"column":57}},"line":21},"1":{"name":"(anonymous_1)","decl":{"start":{"line":34,"column":15},"end":{"line":34,"column":16}},"loc":{"start":{"line":34,"column":22},"end":{"line":34,"column":64}},"line":34},"2":{"name":"(anonymous_2)","decl":{"start":{"line":47,"column":15},"end":{"line":47,"column":16}},"loc":{"start":{"line":47,"column":22},"end":{"line":47,"column":60}},"line":47},"3":{"name":"(anonymous_3)","decl":{"start":{"line":60,"column":15},"end":{"line":60,"column":16}},"loc":{"start":{"line":60,"column":22},"end":{"line":60,"column":56}},"line":60},"4":{"name":"(anonymous_4)","decl":{"start":{"line":73,"column":15},"end":{"line":73,"column":16}},"loc":{"start":{"line":73,"column":22},"end":{"line":73,"column":58}},"line":73}},"branchMap":{},"s":{"0":1,"1":0,"2":0,"3":0,"4":0,"5":0},"f":{"0":0,"1":0,"2":0,"3":0,"4":0},"b":{},"_coverageSchema":"1a1c01bbd47fc00a2c39e90264f33305004495a9","hash":"2fddd4907f2d64bcfc30ca1c041290c74bb25233"}
,"C:\\APLICATIVO DE TEA\\frontend\\src\\features\\achievements\\data\\achievements\\globalAchievements.js": {"path":"C:\\APLICATIVO DE TEA\\frontend\\src\\features\\achievements\\data\\achievements\\globalAchievements.js","statementMap":{"0":{"start":{"line":10,"column":34},"end":{"line":80,"column":1}},"1":{"start":{"line":21,"column":22},"end":{"line":21,"column":52}},"2":{"start":{"line":35,"column":6},"end":{"line":38,"column":40}},"3":{"start":{"line":51,"column":22},"end":{"line":51,"column":57}},"4":{"start":{"line":64,"column":22},"end":{"line":64,"column":53}},"5":{"start":{"line":77,"column":22},"end":{"line":77,"column":63}}},"fnMap":{"0":{"name":"(anonymous_0)","decl":{"start":{"line":21,"column":15},"end":{"line":21,"column":16}},"loc":{"start":{"line":21,"column":22},"end":{"line":21,"column":52}},"line":21},"1":{"name":"(anonymous_1)","decl":{"start":{"line":34,"column":15},"end":{"line":34,"column":16}},"loc":{"start":{"line":35,"column":6},"end":{"line":38,"column":40}},"line":35},"2":{"name":"(anonymous_2)","decl":{"start":{"line":51,"column":15},"end":{"line":51,"column":16}},"loc":{"start":{"line":51,"column":22},"end":{"line":51,"column":57}},"line":51},"3":{"name":"(anonymous_3)","decl":{"start":{"line":64,"column":15},"end":{"line":64,"column":16}},"loc":{"start":{"line":64,"column":22},"end":{"line":64,"column":53}},"line":64},"4":{"name":"(anonymous_4)","decl":{"start":{"line":77,"column":15},"end":{"line":77,"column":16}},"loc":{"start":{"line":77,"column":22},"end":{"line":77,"column":63}},"line":77}},"branchMap":{"0":{"loc":{"start":{"line":35,"column":6},"end":{"line":38,"column":40}},"type":"binary-expr","locations":[{"start":{"line":35,"column":6},"end":{"line":35,"column":41}},{"start":{"line":36,"column":6},"end":{"line":36,"column":40}},{"start":{"line":37,"column":6},"end":{"line":37,"column":39}},{"start":{"line":38,"column":6},"end":{"line":38,"column":40}}],"line":35}},"s":{"0":1,"1":0,"2":0,"3":0,"4":0,"5":0},"f":{"0":0,"1":0,"2":0,"3":0,"4":0},"b":{"0":[0,0,0,0]},"_coverageSchema":"1a1c01bbd47fc00a2c39e90264f33305004495a9","hash":"66ff60c4198db022f0bc73a9137ee126fec5823d"}
,"C:\\APLICATIVO DE TEA\\frontend\\src\\features\\achievements\\data\\achievements\\gravityLabAchievements.js": {"path":"C:\\APLICATIVO DE TEA\\frontend\\src\\features\\achievements\\data\\achievements\\gravityLabAchievements.js","statementMap":{"0":{"start":{"line":10,"column":38},"end":{"line":76,"column":1}},"1":{"start":{"line":21,"column":22},"end":{"line":21,"column":57}},"2":{"start":{"line":34,"column":22},"end":{"line":34,"column":59}},"3":{"start":{"line":47,"column":22},"end":{"line":47,"column":60}},"4":{"start":{"line":60,"column":22},"end":{"line":60,"column":58}},"5":{"start":{"line":73,"column":22},"end":{"line":73,"column":58}}},"fnMap":{"0":{"name":"(anonymous_0)","decl":{"start":{"line":21,"column":15},"end":{"line":21,"column":16}},"loc":{"start":{"line":21,"column":22},"end":{"line":21,"column":57}},"line":21},"1":{"name":"(anonymous_1)","decl":{"start":{"line":34,"column":15},"end":{"line":34,"column":16}},"loc":{"start":{"line":34,"column":22},"end":{"line":34,"column":59}},"line":34},"2":{"name":"(anonymous_2)","decl":{"start":{"line":47,"column":15},"end":{"line":47,"column":16}},"loc":{"start":{"line":47,"column":22},"end":{"line":47,"column":60}},"line":47},"3":{"name":"(anonymous_3)","decl":{"start":{"line":60,"column":15},"end":{"line":60,"column":16}},"loc":{"start":{"line":60,"column":22},"end":{"line":60,"column":58}},"line":60},"4":{"name":"(anonymous_4)","decl":{"start":{"line":73,"column":15},"end":{"line":73,"column":16}},"loc":{"start":{"line":73,"column":22},"end":{"line":73,"column":58}},"line":73}},"branchMap":{},"s":{"0":1,"1":0,"2":0,"3":0,"4":0,"5":0},"f":{"0":0,"1":0,"2":0,"3":0,"4":0},"b":{},"_coverageSchema":"1a1c01bbd47fc00a2c39e90264f33305004495a9","hash":"ad0d430ffea9845d80373a95669d20c0d74e3912"}
,"C:\\APLICATIVO DE TEA\\frontend\\src\\features\\achievements\\data\\achievements\\index.js": {"path":"C:\\APLICATIVO DE TEA\\frontend\\src\\features\\achievements\\data\\achievements\\index.js","statementMap":{},"fnMap":{},"branchMap":{},"s":{},"f":{},"b":{},"_coverageSchema":"1a1c01bbd47fc00a2c39e90264f33305004495a9","hash":"192524f140eebfe7667bed9e91c258b6c7c67faf"}
,"C:\\APLICATIVO DE TEA\\frontend\\src\\features\\achievements\\data\\achievements\\sonicJumpAchievements.js": {"path":"C:\\APLICATIVO DE TEA\\frontend\\src\\features\\achievements\\data\\achievements\\sonicJumpAchievements.js","statementMap":{"0":{"start":{"line":10,"column":37},"end":{"line":76,"column":1}},"1":{"start":{"line":21,"column":22},"end":{"line":21,"column":56}},"2":{"start":{"line":34,"column":22},"end":{"line":34,"column":61}},"3":{"start":{"line":47,"column":22},"end":{"line":47,"column":57}},"4":{"start":{"line":60,"column":22},"end":{"line":60,"column":59}},"5":{"start":{"line":73,"column":22},"end":{"line":73,"column":56}}},"fnMap":{"0":{"name":"(anonymous_0)","decl":{"start":{"line":21,"column":15},"end":{"line":21,"column":16}},"loc":{"start":{"line":21,"column":22},"end":{"line":21,"column":56}},"line":21},"1":{"name":"(anonymous_1)","decl":{"start":{"line":34,"column":15},"end":{"line":34,"column":16}},"loc":{"start":{"line":34,"column":22},"end":{"line":34,"column":61}},"line":34},"2":{"name":"(anonymous_2)","decl":{"start":{"line":47,"column":15},"end":{"line":47,"column":16}},"loc":{"start":{"line":47,"column":22},"end":{"line":47,"column":57}},"line":47},"3":{"name":"(anonymous_3)","decl":{"start":{"line":60,"column":15},"end":{"line":60,"column":16}},"loc":{"start":{"line":60,"column":22},"end":{"line":60,"column":59}},"line":60},"4":{"name":"(anonymous_4)","decl":{"start":{"line":73,"column":15},"end":{"line":73,"column":16}},"loc":{"start":{"line":73,"column":22},"end":{"line":73,"column":56}},"line":73}},"branchMap":{},"s":{"0":1,"1":0,"2":0,"3":0,"4":0,"5":0},"f":{"0":0,"1":0,"2":0,"3":0,"4":0},"b":{},"_coverageSchema":"1a1c01bbd47fc00a2c39e90264f33305004495a9","hash":"841ed2783e1341807f644f9dbd29fd8738bdb87e"}
,"C:\\APLICATIVO DE TEA\\frontend\\src\\features\\achievements\\hooks\\useAchievementStats.js": {"path":"C:\\APLICATIVO DE TEA\\frontend\\src\\features\\achievements\\hooks\\useAchievementStats.js","statementMap":{"0":{"start":{"line":13,"column":35},"end":{"line":53,"column":1}},"1":{"start":{"line":14,"column":34},"end":{"line":14,"column":56}},"2":{"start":{"line":15,"column":28},"end":{"line":15,"column":42}},"3":{"start":{"line":16,"column":32},"end":{"line":16,"column":46}},"4":{"start":{"line":17,"column":28},"end":{"line":17,"column":42}},"5":{"start":{"line":19,"column":2},"end":{"line":46,"column":28}},"6":{"start":{"line":20,"column":4},"end":{"line":20,"column":29}},"7":{"start":{"line":20,"column":22},"end":{"line":20,"column":29}},"8":{"start":{"line":22,"column":22},"end":{"line":34,"column":5}},"9":{"start":{"line":23,"column":6},"end":{"line":33,"column":7}},"10":{"start":{"line":24,"column":8},"end":{"line":24,"column":25}},"11":{"start":{"line":25,"column":21},"end":{"line":25,"column":44}},"12":{"start":{"line":26,"column":8},"end":{"line":26,"column":23}},"13":{"start":{"line":27,"column":8},"end":{"line":27,"column":23}},"14":{"start":{"line":29,"column":8},"end":{"line":29,"column":73}},"15":{"start":{"line":30,"column":8},"end":{"line":30,"column":30}},"16":{"start":{"line":32,"column":8},"end":{"line":32,"column":26}},"17":{"start":{"line":36,"column":4},"end":{"line":36,"column":16}},"18":{"start":{"line":39,"column":24},"end":{"line":43,"column":6}},"19":{"start":{"line":40,"column":6},"end":{"line":42,"column":7}},"20":{"start":{"line":41,"column":8},"end":{"line":41,"column":20}},"21":{"start":{"line":45,"column":4},"end":{"line":45,"column":23}},"22":{"start":{"line":48,"column":2},"end":{"line":52,"column":4}}},"fnMap":{"0":{"name":"(anonymous_0)","decl":{"start":{"line":13,"column":35},"end":{"line":13,"column":36}},"loc":{"start":{"line":13,"column":41},"end":{"line":53,"column":1}},"line":13},"1":{"name":"(anonymous_1)","decl":{"start":{"line":19,"column":12},"end":{"line":19,"column":13}},"loc":{"start":{"line":19,"column":18},"end":{"line":46,"column":3}},"line":19},"2":{"name":"(anonymous_2)","decl":{"start":{"line":22,"column":22},"end":{"line":22,"column":23}},"loc":{"start":{"line":22,"column":34},"end":{"line":34,"column":5}},"line":22},"3":{"name":"(anonymous_3)","decl":{"start":{"line":39,"column":48},"end":{"line":39,"column":49}},"loc":{"start":{"line":39,"column":59},"end":{"line":43,"column":5}},"line":39}},"branchMap":{"0":{"loc":{"start":{"line":20,"column":4},"end":{"line":20,"column":29}},"type":"if","locations":[{"start":{"line":20,"column":4},"end":{"line":20,"column":29}},{"start":{},"end":{}}],"line":20},"1":{"loc":{"start":{"line":40,"column":6},"end":{"line":42,"column":7}},"type":"if","locations":[{"start":{"line":40,"column":6},"end":{"line":42,"column":7}},{"start":{},"end":{}}],"line":40}},"s":{"0":1,"1":6,"2":6,"3":6,"4":6,"5":6,"6":3,"7":3,"8":0,"9":0,"10":0,"11":0,"12":0,"13":0,"14":0,"15":0,"16":0,"17":0,"18":0,"19":0,"20":0,"21":0,"22":6},"f":{"0":6,"1":3,"2":0,"3":0},"b":{"0":[3,0],"1":[0,0]},"_coverageSchema":"1a1c01bbd47fc00a2c39e90264f33305004495a9","hash":"102a51da024c5f885697b244d9944099f3775ad0"}
,"C:\\APLICATIVO DE TEA\\frontend\\src\\features\\achievements\\hooks\\useAchievementSystem.js": {"path":"C:\\APLICATIVO DE TEA\\frontend\\src\\features\\achievements\\hooks\\useAchievementSystem.js","statementMap":{"0":{"start":{"line":13,"column":36},"end":{"line":75,"column":1}},"1":{"start":{"line":14,"column":19},"end":{"line":14,"column":57}},"2":{"start":{"line":14,"column":34},"end":{"line":14,"column":56}},"3":{"start":{"line":15,"column":40},"end":{"line":15,"column":55}},"4":{"start":{"line":16,"column":32},"end":{"line":16,"column":46}},"5":{"start":{"line":17,"column":28},"end":{"line":17,"column":42}},"6":{"start":{"line":19,"column":2},"end":{"line":34,"column":15}},"7":{"start":{"line":20,"column":17},"end":{"line":31,"column":5}},"8":{"start":{"line":21,"column":6},"end":{"line":30,"column":7}},"9":{"start":{"line":22,"column":8},"end":{"line":22,"column":34}},"10":{"start":{"line":23,"column":8},"end":{"line":23,"column":29}},"11":{"start":{"line":24,"column":8},"end":{"line":24,"column":23}},"12":{"start":{"line":26,"column":8},"end":{"line":26,"column":75}},"13":{"start":{"line":27,"column":8},"end":{"line":27,"column":30}},"14":{"start":{"line":29,"column":8},"end":{"line":29,"column":26}},"15":{"start":{"line":33,"column":4},"end":{"line":33,"column":11}},"16":{"start":{"line":36,"column":21},"end":{"line":42,"column":27}},"17":{"start":{"line":37,"column":4},"end":{"line":40,"column":5}},"18":{"start":{"line":38,"column":6},"end":{"line":38,"column":68}},"19":{"start":{"line":39,"column":6},"end":{"line":39,"column":16}},"20":{"start":{"line":41,"column":4},"end":{"line":41,"column":52}},"21":{"start":{"line":44,"column":29},"end":{"line":47,"column":27}},"22":{"start":{"line":45,"column":4},"end":{"line":45,"column":32}},"23":{"start":{"line":45,"column":22},"end":{"line":45,"column":32}},"24":{"start":{"line":46,"column":4},"end":{"line":46,"column":45}},"25":{"start":{"line":49,"column":36},"end":{"line":52,"column":27}},"26":{"start":{"line":50,"column":4},"end":{"line":50,"column":32}},"27":{"start":{"line":50,"column":22},"end":{"line":50,"column":32}},"28":{"start":{"line":51,"column":4},"end":{"line":51,"column":60}},"29":{"start":{"line":54,"column":19},"end":{"line":57,"column":27}},"30":{"start":{"line":55,"column":4},"end":{"line":55,"column":34}},"31":{"start":{"line":55,"column":22},"end":{"line":55,"column":34}},"32":{"start":{"line":56,"column":4},"end":{"line":56,"column":35}},"33":{"start":{"line":59,"column":16},"end":{"line":62,"column":27}},"34":{"start":{"line":60,"column":4},"end":{"line":60,"column":29}},"35":{"start":{"line":60,"column":22},"end":{"line":60,"column":29}},"36":{"start":{"line":61,"column":4},"end":{"line":61,"column":25}},"37":{"start":{"line":64,"column":2},"end":{"line":74,"column":4}}},"fnMap":{"0":{"name":"(anonymous_0)","decl":{"start":{"line":13,"column":36},"end":{"line":13,"column":37}},"loc":{"start":{"line":13,"column":42},"end":{"line":75,"column":1}},"line":13},"1":{"name":"(anonymous_1)","decl":{"start":{"line":14,"column":28},"end":{"line":14,"column":29}},"loc":{"start":{"line":14,"column":34},"end":{"line":14,"column":56}},"line":14},"2":{"name":"(anonymous_2)","decl":{"start":{"line":19,"column":12},"end":{"line":19,"column":13}},"loc":{"start":{"line":19,"column":18},"end":{"line":34,"column":3}},"line":19},"3":{"name":"(anonymous_3)","decl":{"start":{"line":20,"column":17},"end":{"line":20,"column":18}},"loc":{"start":{"line":20,"column":29},"end":{"line":31,"column":5}},"line":20},"4":{"name":"(anonymous_4)","decl":{"start":{"line":36,"column":33},"end":{"line":36,"column":34}},"loc":{"start":{"line":36,"column":60},"end":{"line":42,"column":3}},"line":36},"5":{"name":"(anonymous_5)","decl":{"start":{"line":44,"column":41},"end":{"line":44,"column":42}},"loc":{"start":{"line":44,"column":53},"end":{"line":47,"column":3}},"line":44},"6":{"name":"(anonymous_6)","decl":{"start":{"line":49,"column":48},"end":{"line":49,"column":49}},"loc":{"start":{"line":49,"column":68},"end":{"line":52,"column":3}},"line":49},"7":{"name":"(anonymous_7)","decl":{"start":{"line":54,"column":31},"end":{"line":54,"column":32}},"loc":{"start":{"line":54,"column":43},"end":{"line":57,"column":3}},"line":54},"8":{"name":"(anonymous_8)","decl":{"start":{"line":59,"column":28},"end":{"line":59,"column":29}},"loc":{"start":{"line":59,"column":40},"end":{"line":62,"column":3}},"line":59}},"branchMap":{"0":{"loc":{"start":{"line":37,"column":4},"end":{"line":40,"column":5}},"type":"if","locations":[{"start":{"line":37,"column":4},"end":{"line":40,"column":5}},{"start":{},"end":{}}],"line":37},"1":{"loc":{"start":{"line":45,"column":4},"end":{"line":45,"column":32}},"type":"if","locations":[{"start":{"line":45,"column":4},"end":{"line":45,"column":32}},{"start":{},"end":{}}],"line":45},"2":{"loc":{"start":{"line":50,"column":4},"end":{"line":50,"column":32}},"type":"if","locations":[{"start":{"line":50,"column":4},"end":{"line":50,"column":32}},{"start":{},"end":{}}],"line":50},"3":{"loc":{"start":{"line":55,"column":4},"end":{"line":55,"column":34}},"type":"if","locations":[{"start":{"line":55,"column":4},"end":{"line":55,"column":34}},{"start":{},"end":{}}],"line":55},"4":{"loc":{"start":{"line":60,"column":4},"end":{"line":60,"column":29}},"type":"if","locations":[{"start":{"line":60,"column":4},"end":{"line":60,"column":29}},{"start":{},"end":{}}],"line":60}},"s":{"0":3,"1":16,"2":8,"3":16,"4":16,"5":16,"6":16,"7":8,"8":8,"9":8,"10":0,"11":0,"12":8,"13":8,"14":8,"15":8,"16":16,"17":1,"18":1,"19":1,"20":0,"21":16,"22":0,"23":0,"24":0,"25":16,"26":0,"27":0,"28":0,"29":16,"30":0,"31":0,"32":0,"33":16,"34":0,"35":0,"36":0,"37":16},"f":{"0":16,"1":8,"2":8,"3":8,"4":1,"5":0,"6":0,"7":0,"8":0},"b":{"0":[1,0],"1":[0,0],"2":[0,0],"3":[0,0],"4":[0,0]},"_coverageSchema":"1a1c01bbd47fc00a2c39e90264f33305004495a9","hash":"7212c75b661c7020b19c5200fb1b4b2f8ec16d00"}
,"C:\\APLICATIVO DE TEA\\frontend\\src\\features\\achievements\\hooks\\useAchievements.js": {"path":"C:\\APLICATIVO DE TEA\\frontend\\src\\features\\achievements\\hooks\\useAchievements.js","statementMap":{"0":{"start":{"line":13,"column":31},"end":{"line":78,"column":1}},"1":{"start":{"line":14,"column":34},"end":{"line":14,"column":56}},"2":{"start":{"line":15,"column":42},"end":{"line":15,"column":54}},"3":{"start":{"line":16,"column":32},"end":{"line":16,"column":46}},"4":{"start":{"line":17,"column":28},"end":{"line":17,"column":42}},"5":{"start":{"line":19,"column":2},"end":{"line":71,"column":96}},"6":{"start":{"line":20,"column":4},"end":{"line":20,"column":29}},"7":{"start":{"line":20,"column":22},"end":{"line":20,"column":29}},"8":{"start":{"line":22,"column":29},"end":{"line":59,"column":5}},"9":{"start":{"line":23,"column":6},"end":{"line":58,"column":7}},"10":{"start":{"line":24,"column":8},"end":{"line":24,"column":25}},"11":{"start":{"line":25,"column":19},"end":{"line":25,"column":21}},"12":{"start":{"line":27,"column":8},"end":{"line":31,"column":9}},"13":{"start":{"line":28,"column":10},"end":{"line":28,"column":74}},"14":{"start":{"line":30,"column":10},"end":{"line":30,"column":51}},"15":{"start":{"line":34,"column":8},"end":{"line":36,"column":9}},"16":{"start":{"line":35,"column":10},"end":{"line":35,"column":67}},"17":{"start":{"line":35,"column":34},"end":{"line":35,"column":65}},"18":{"start":{"line":38,"column":8},"end":{"line":40,"column":9}},"19":{"start":{"line":39,"column":10},"end":{"line":39,"column":63}},"20":{"start":{"line":39,"column":34},"end":{"line":39,"column":61}},"21":{"start":{"line":43,"column":8},"end":{"line":49,"column":9}},"22":{"start":{"line":44,"column":10},"end":{"line":44,"column":51}},"23":{"start":{"line":44,"column":30},"end":{"line":44,"column":49}},"24":{"start":{"line":45,"column":15},"end":{"line":49,"column":9}},"25":{"start":{"line":46,"column":10},"end":{"line":46,"column":73}},"26":{"start":{"line":46,"column":30},"end":{"line":46,"column":71}},"27":{"start":{"line":47,"column":15},"end":{"line":49,"column":9}},"28":{"start":{"line":48,"column":10},"end":{"line":48,"column":60}},"29":{"start":{"line":48,"column":30},"end":{"line":48,"column":58}},"30":{"start":{"line":51,"column":8},"end":{"line":51,"column":30}},"31":{"start":{"line":52,"column":8},"end":{"line":52,"column":23}},"32":{"start":{"line":54,"column":8},"end":{"line":54,"column":76}},"33":{"start":{"line":55,"column":8},"end":{"line":55,"column":30}},"34":{"start":{"line":57,"column":8},"end":{"line":57,"column":26}},"35":{"start":{"line":61,"column":4},"end":{"line":61,"column":23}},"36":{"start":{"line":64,"column":24},"end":{"line":68,"column":6}},"37":{"start":{"line":65,"column":6},"end":{"line":67,"column":7}},"38":{"start":{"line":66,"column":8},"end":{"line":66,"column":27}},"39":{"start":{"line":70,"column":4},"end":{"line":70,"column":23}},"40":{"start":{"line":73,"column":2},"end":{"line":77,"column":4}}},"fnMap":{"0":{"name":"(anonymous_0)","decl":{"start":{"line":13,"column":31},"end":{"line":13,"column":32}},"loc":{"start":{"line":13,"column":49},"end":{"line":78,"column":1}},"line":13},"1":{"name":"(anonymous_1)","decl":{"start":{"line":19,"column":12},"end":{"line":19,"column":13}},"loc":{"start":{"line":19,"column":18},"end":{"line":71,"column":3}},"line":19},"2":{"name":"(anonymous_2)","decl":{"start":{"line":22,"column":29},"end":{"line":22,"column":30}},"loc":{"start":{"line":22,"column":41},"end":{"line":59,"column":5}},"line":22},"3":{"name":"(anonymous_3)","decl":{"start":{"line":35,"column":29},"end":{"line":35,"column":30}},"loc":{"start":{"line":35,"column":34},"end":{"line":35,"column":65}},"line":35},"4":{"name":"(anonymous_4)","decl":{"start":{"line":39,"column":29},"end":{"line":39,"column":30}},"loc":{"start":{"line":39,"column":34},"end":{"line":39,"column":61}},"line":39},"5":{"name":"(anonymous_5)","decl":{"start":{"line":44,"column":20},"end":{"line":44,"column":21}},"loc":{"start":{"line":44,"column":30},"end":{"line":44,"column":49}},"line":44},"6":{"name":"(anonymous_6)","decl":{"start":{"line":46,"column":20},"end":{"line":46,"column":21}},"loc":{"start":{"line":46,"column":30},"end":{"line":46,"column":71}},"line":46},"7":{"name":"(anonymous_7)","decl":{"start":{"line":48,"column":20},"end":{"line":48,"column":21}},"loc":{"start":{"line":48,"column":30},"end":{"line":48,"column":58}},"line":48},"8":{"name":"(anonymous_8)","decl":{"start":{"line":64,"column":48},"end":{"line":64,"column":49}},"loc":{"start":{"line":64,"column":65},"end":{"line":68,"column":5}},"line":64}},"branchMap":{"0":{"loc":{"start":{"line":13,"column":32},"end":{"line":13,"column":44}},"type":"default-arg","locations":[{"start":{"line":13,"column":42},"end":{"line":13,"column":44}}],"line":13},"1":{"loc":{"start":{"line":20,"column":4},"end":{"line":20,"column":29}},"type":"if","locations":[{"start":{"line":20,"column":4},"end":{"line":20,"column":29}},{"start":{},"end":{}}],"line":20},"2":{"loc":{"start":{"line":27,"column":8},"end":{"line":31,"column":9}},"type":"if","locations":[{"start":{"line":27,"column":8},"end":{"line":31,"column":9}},{"start":{"line":29,"column":15},"end":{"line":31,"column":9}}],"line":27},"3":{"loc":{"start":{"line":34,"column":8},"end":{"line":36,"column":9}},"type":"if","locations":[{"start":{"line":34,"column":8},"end":{"line":36,"column":9}},{"start":{},"end":{}}],"line":34},"4":{"loc":{"start":{"line":38,"column":8},"end":{"line":40,"column":9}},"type":"if","locations":[{"start":{"line":38,"column":8},"end":{"line":40,"column":9}},{"start":{},"end":{}}],"line":38},"5":{"loc":{"start":{"line":43,"column":8},"end":{"line":49,"column":9}},"type":"if","locations":[{"start":{"line":43,"column":8},"end":{"line":49,"column":9}},{"start":{"line":45,"column":15},"end":{"line":49,"column":9}}],"line":43},"6":{"loc":{"start":{"line":45,"column":15},"end":{"line":49,"column":9}},"type":"if","locations":[{"start":{"line":45,"column":15},"end":{"line":49,"column":9}},{"start":{"line":47,"column":15},"end":{"line":49,"column":9}}],"line":45},"7":{"loc":{"start":{"line":46,"column":31},"end":{"line":46,"column":48}},"type":"binary-expr","locations":[{"start":{"line":46,"column":31},"end":{"line":46,"column":43}},{"start":{"line":46,"column":47},"end":{"line":46,"column":48}}],"line":46},"8":{"loc":{"start":{"line":46,"column":53},"end":{"line":46,"column":70}},"type":"binary-expr","locations":[{"start":{"line":46,"column":53},"end":{"line":46,"column":65}},{"start":{"line":46,"column":69},"end":{"line":46,"column":70}}],"line":46},"9":{"loc":{"start":{"line":47,"column":15},"end":{"line":49,"column":9}},"type":"if","locations":[{"start":{"line":47,"column":15},"end":{"line":49,"column":9}},{"start":{},"end":{}}],"line":47},"10":{"loc":{"start":{"line":65,"column":6},"end":{"line":67,"column":7}},"type":"if","locations":[{"start":{"line":65,"column":6},"end":{"line":67,"column":7}},{"start":{},"end":{}}],"line":65}},"s":{"0":1,"1":4,"2":4,"3":4,"4":4,"5":4,"6":2,"7":2,"8":0,"9":0,"10":0,"11":0,"12":0,"13":0,"14":0,"15":0,"16":0,"17":0,"18":0,"19":0,"20":0,"21":0,"22":0,"23":0,"24":0,"25":0,"26":0,"27":0,"28":0,"29":0,"30":0,"31":0,"32":0,"33":0,"34":0,"35":0,"36":0,"37":0,"38":0,"39":0,"40":4},"f":{"0":4,"1":2,"2":0,"3":0,"4":0,"5":0,"6":0,"7":0,"8":0},"b":{"0":[4],"1":[2,0],"2":[0,0],"3":[0,0],"4":[0,0],"5":[0,0],"6":[0,0],"7":[0,0],"8":[0,0],"9":[0,0],"10":[0,0]},"_coverageSchema":"1a1c01bbd47fc00a2c39e90264f33305004495a9","hash":"836e309417b4e8de5d6488f49c2923ff34882ed6"}
,"C:\\APLICATIVO DE TEA\\frontend\\src\\features\\achievements\\services\\AchievementSystem.js": {"path":"C:\\APLICATIVO DE TEA\\frontend\\src\\features\\achievements\\services\\AchievementSystem.js","statementMap":{"0":{"start":{"line":17,"column":4},"end":{"line":17,"column":40}},"1":{"start":{"line":18,"column":4},"end":{"line":18,"column":57}},"2":{"start":{"line":19,"column":4},"end":{"line":19,"column":52}},"3":{"start":{"line":20,"column":4},"end":{"line":20,"column":31}},"4":{"start":{"line":21,"column":4},"end":{"line":21,"column":29}},"5":{"start":{"line":28,"column":4},"end":{"line":28,"column":33}},"6":{"start":{"line":28,"column":26},"end":{"line":28,"column":33}},"7":{"start":{"line":30,"column":4},"end":{"line":37,"column":5}},"8":{"start":{"line":31,"column":6},"end":{"line":31,"column":38}},"9":{"start":{"line":32,"column":6},"end":{"line":32,"column":30}},"10":{"start":{"line":33,"column":6},"end":{"line":33,"column":66}},"11":{"start":{"line":35,"column":6},"end":{"line":35,"column":73}},"12":{"start":{"line":36,"column":6},"end":{"line":36,"column":18}},"13":{"start":{"line":44,"column":28},"end":{"line":44,"column":30}},"14":{"start":{"line":46,"column":4},"end":{"line":52,"column":7}},"15":{"start":{"line":47,"column":6},"end":{"line":51,"column":7}},"16":{"start":{"line":48,"column":8},"end":{"line":50,"column":11}},"17":{"start":{"line":49,"column":10},"end":{"line":49,"column":56}},"18":{"start":{"line":54,"column":4},"end":{"line":54,"column":27}},"19":{"start":{"line":61,"column":4},"end":{"line":64,"column":5}},"20":{"start":{"line":62,"column":6},"end":{"line":62,"column":86}},"21":{"start":{"line":63,"column":6},"end":{"line":63,"column":13}},"22":{"start":{"line":66,"column":4},"end":{"line":88,"column":5}},"23":{"start":{"line":67,"column":35},"end":{"line":67,"column":37}},"24":{"start":{"line":70,"column":6},"end":{"line":77,"column":7}},"25":{"start":{"line":71,"column":8},"end":{"line":76,"column":9}},"26":{"start":{"line":72,"column":27},"end":{"line":72,"column":74}},"27":{"start":{"line":73,"column":10},"end":{"line":75,"column":11}},"28":{"start":{"line":74,"column":12},"end":{"line":74,"column":51}},"29":{"start":{"line":80,"column":6},"end":{"line":82,"column":7}},"30":{"start":{"line":81,"column":8},"end":{"line":81,"column":77}},"31":{"start":{"line":84,"column":6},"end":{"line":84,"column":34}},"32":{"start":{"line":86,"column":6},"end":{"line":86,"column":72}},"33":{"start":{"line":87,"column":6},"end":{"line":87,"column":16}},"34":{"start":{"line":96,"column":21},"end":{"line":96,"column":78}},"35":{"start":{"line":97,"column":4},"end":{"line":97,"column":40}},"36":{"start":{"line":97,"column":27},"end":{"line":97,"column":40}},"37":{"start":{"line":100,"column":25},"end":{"line":100,"column":62}},"38":{"start":{"line":102,"column":4},"end":{"line":105,"column":5}},"39":{"start":{"line":103,"column":6},"end":{"line":103,"column":49}},"40":{"start":{"line":104,"column":6},"end":{"line":104,"column":18}},"41":{"start":{"line":108,"column":4},"end":{"line":111,"column":5}},"42":{"start":{"line":109,"column":26},"end":{"line":109,"column":68}},"43":{"start":{"line":110,"column":6},"end":{"line":110,"column":80}},"44":{"start":{"line":113,"column":4},"end":{"line":113,"column":17}},"45":{"start":{"line":120,"column":22},"end":{"line":120,"column":32}},"46":{"start":{"line":123,"column":4},"end":{"line":123,"column":68}},"47":{"start":{"line":126,"column":4},"end":{"line":133,"column":7}},"48":{"start":{"line":135,"column":4},"end":{"line":135,"column":79}},"49":{"start":{"line":142,"column":37},"end":{"line":142,"column":39}},"50":{"start":{"line":144,"column":4},"end":{"line":152,"column":5}},"51":{"start":{"line":145,"column":23},"end":{"line":145,"column":80}},"52":{"start":{"line":146,"column":6},"end":{"line":151,"column":9}},"53":{"start":{"line":154,"column":4},"end":{"line":154,"column":36}},"54":{"start":{"line":161,"column":16},"end":{"line":161,"column":47}},"55":{"start":{"line":162,"column":4},"end":{"line":162,"column":52}},"56":{"start":{"line":162,"column":27},"end":{"line":162,"column":50}},"57":{"start":{"line":169,"column":16},"end":{"line":169,"column":47}},"58":{"start":{"line":170,"column":4},"end":{"line":170,"column":39}},"59":{"start":{"line":170,"column":27},"end":{"line":170,"column":37}},"60":{"start":{"line":177,"column":16},"end":{"line":177,"column":47}},"61":{"start":{"line":178,"column":21},"end":{"line":178,"column":48}},"62":{"start":{"line":178,"column":37},"end":{"line":178,"column":47}},"63":{"start":{"line":180,"column":4},"end":{"line":192,"column":6}},"64":{"start":{"line":185,"column":47},"end":{"line":185,"column":64}},"65":{"start":{"line":187,"column":37},"end":{"line":187,"column":58}},"66":{"start":{"line":188,"column":35},"end":{"line":188,"column":54}},"67":{"start":{"line":189,"column":35},"end":{"line":189,"column":54}},"68":{"start":{"line":190,"column":40},"end":{"line":190,"column":64}},"69":{"start":{"line":199,"column":4},"end":{"line":199,"column":33}},"70":{"start":{"line":200,"column":4},"end":{"line":200,"column":49}},"71":{"start":{"line":200,"column":17},"end":{"line":200,"column":48}},"72":{"start":{"line":207,"column":4},"end":{"line":213,"column":7}},"73":{"start":{"line":208,"column":6},"end":{"line":212,"column":7}},"74":{"start":{"line":209,"column":8},"end":{"line":209,"column":30}},"75":{"start":{"line":211,"column":8},"end":{"line":211,"column":68}},"76":{"start":{"line":220,"column":4},"end":{"line":220,"column":38}},"77":{"start":{"line":221,"column":4},"end":{"line":221,"column":62}},"78":{"start":{"line":226,"column":15},"end":{"line":226,"column":19}},"79":{"start":{"line":228,"column":36},"end":{"line":233,"column":1}},"80":{"start":{"line":229,"column":2},"end":{"line":231,"column":3}},"81":{"start":{"line":230,"column":4},"end":{"line":230,"column":39}},"82":{"start":{"line":232,"column":2},"end":{"line":232,"column":18}}},"fnMap":{"0":{"name":"(anonymous_0)","decl":{"start":{"line":16,"column":2},"end":{"line":16,"column":3}},"loc":{"start":{"line":16,"column":16},"end":{"line":22,"column":3}},"line":16},"1":{"name":"(anonymous_1)","decl":{"start":{"line":27,"column":2},"end":{"line":27,"column":3}},"loc":{"start":{"line":27,"column":21},"end":{"line":38,"column":3}},"line":27},"2":{"name":"(anonymous_2)","decl":{"start":{"line":43,"column":2},"end":{"line":43,"column":3}},"loc":{"start":{"line":43,"column":25},"end":{"line":55,"column":3}},"line":43},"3":{"name":"(anonymous_3)","decl":{"start":{"line":46,"column":40},"end":{"line":46,"column":41}},"loc":{"start":{"line":46,"column":61},"end":{"line":52,"column":5}},"line":46},"4":{"name":"(anonymous_4)","decl":{"start":{"line":48,"column":34},"end":{"line":48,"column":35}},"loc":{"start":{"line":48,"column":49},"end":{"line":50,"column":9}},"line":48},"5":{"name":"(anonymous_5)","decl":{"start":{"line":60,"column":2},"end":{"line":60,"column":3}},"loc":{"start":{"line":60,"column":41},"end":{"line":89,"column":3}},"line":60},"6":{"name":"(anonymous_6)","decl":{"start":{"line":94,"column":2},"end":{"line":94,"column":3}},"loc":{"start":{"line":94,"column":45},"end":{"line":114,"column":3}},"line":94},"7":{"name":"(anonymous_7)","decl":{"start":{"line":119,"column":2},"end":{"line":119,"column":3}},"loc":{"start":{"line":119,"column":40},"end":{"line":136,"column":3}},"line":119},"8":{"name":"(anonymous_8)","decl":{"start":{"line":141,"column":2},"end":{"line":141,"column":3}},"loc":{"start":{"line":141,"column":29},"end":{"line":155,"column":3}},"line":141},"9":{"name":"(anonymous_9)","decl":{"start":{"line":160,"column":2},"end":{"line":160,"column":3}},"loc":{"start":{"line":160,"column":44},"end":{"line":163,"column":3}},"line":160},"10":{"name":"(anonymous_10)","decl":{"start":{"line":162,"column":22},"end":{"line":162,"column":23}},"loc":{"start":{"line":162,"column":27},"end":{"line":162,"column":50}},"line":162},"11":{"name":"(anonymous_11)","decl":{"start":{"line":168,"column":2},"end":{"line":168,"column":3}},"loc":{"start":{"line":168,"column":34},"end":{"line":171,"column":3}},"line":168},"12":{"name":"(anonymous_12)","decl":{"start":{"line":170,"column":22},"end":{"line":170,"column":23}},"loc":{"start":{"line":170,"column":27},"end":{"line":170,"column":37}},"line":170},"13":{"name":"(anonymous_13)","decl":{"start":{"line":176,"column":2},"end":{"line":176,"column":3}},"loc":{"start":{"line":176,"column":19},"end":{"line":193,"column":3}},"line":176},"14":{"name":"(anonymous_14)","decl":{"start":{"line":178,"column":32},"end":{"line":178,"column":33}},"loc":{"start":{"line":178,"column":37},"end":{"line":178,"column":47}},"line":178},"15":{"name":"(anonymous_15)","decl":{"start":{"line":185,"column":35},"end":{"line":185,"column":36}},"loc":{"start":{"line":185,"column":47},"end":{"line":185,"column":64}},"line":185},"16":{"name":"(anonymous_16)","decl":{"start":{"line":187,"column":32},"end":{"line":187,"column":33}},"loc":{"start":{"line":187,"column":37},"end":{"line":187,"column":58}},"line":187},"17":{"name":"(anonymous_17)","decl":{"start":{"line":188,"column":30},"end":{"line":188,"column":31}},"loc":{"start":{"line":188,"column":35},"end":{"line":188,"column":54}},"line":188},"18":{"name":"(anonymous_18)","decl":{"start":{"line":189,"column":30},"end":{"line":189,"column":31}},"loc":{"start":{"line":189,"column":35},"end":{"line":189,"column":54}},"line":189},"19":{"name":"(anonymous_19)","decl":{"start":{"line":190,"column":35},"end":{"line":190,"column":36}},"loc":{"start":{"line":190,"column":40},"end":{"line":190,"column":64}},"line":190},"20":{"name":"(anonymous_20)","decl":{"start":{"line":198,"column":2},"end":{"line":198,"column":3}},"loc":{"start":{"line":198,"column":29},"end":{"line":201,"column":3}},"line":198},"21":{"name":"(anonymous_21)","decl":{"start":{"line":200,"column":11},"end":{"line":200,"column":12}},"loc":{"start":{"line":200,"column":17},"end":{"line":200,"column":48}},"line":200},"22":{"name":"(anonymous_22)","decl":{"start":{"line":206,"column":2},"end":{"line":206,"column":3}},"loc":{"start":{"line":206,"column":32},"end":{"line":214,"column":3}},"line":206},"23":{"name":"(anonymous_23)","decl":{"start":{"line":207,"column":27},"end":{"line":207,"column":28}},"loc":{"start":{"line":207,"column":39},"end":{"line":213,"column":5}},"line":207},"24":{"name":"(anonymous_24)","decl":{"start":{"line":219,"column":2},"end":{"line":219,"column":3}},"loc":{"start":{"line":219,"column":16},"end":{"line":222,"column":3}},"line":219},"25":{"name":"(anonymous_25)","decl":{"start":{"line":228,"column":36},"end":{"line":228,"column":37}},"loc":{"start":{"line":228,"column":42},"end":{"line":233,"column":1}},"line":228}},"branchMap":{"0":{"loc":{"start":{"line":28,"column":4},"end":{"line":28,"column":33}},"type":"if","locations":[{"start":{"line":28,"column":4},"end":{"line":28,"column":33}},{"start":{},"end":{}}],"line":28},"1":{"loc":{"start":{"line":47,"column":6},"end":{"line":51,"column":7}},"type":"if","locations":[{"start":{"line":47,"column":6},"end":{"line":51,"column":7}},{"start":{},"end":{}}],"line":47},"2":{"loc":{"start":{"line":60,"column":30},"end":{"line":60,"column":39}},"type":"default-arg","locations":[{"start":{"line":60,"column":37},"end":{"line":60,"column":39}}],"line":60},"3":{"loc":{"start":{"line":61,"column":4},"end":{"line":64,"column":5}},"type":"if","locations":[{"start":{"line":61,"column":4},"end":{"line":64,"column":5}},{"start":{},"end":{}}],"line":61},"4":{"loc":{"start":{"line":71,"column":8},"end":{"line":76,"column":9}},"type":"if","locations":[{"start":{"line":71,"column":8},"end":{"line":76,"column":9}},{"start":{},"end":{}}],"line":71},"5":{"loc":{"start":{"line":73,"column":10},"end":{"line":75,"column":11}},"type":"if","locations":[{"start":{"line":73,"column":10},"end":{"line":75,"column":11}},{"start":{},"end":{}}],"line":73},"6":{"loc":{"start":{"line":80,"column":6},"end":{"line":82,"column":7}},"type":"if","locations":[{"start":{"line":80,"column":6},"end":{"line":82,"column":7}},{"start":{},"end":{}}],"line":80},"7":{"loc":{"start":{"line":97,"column":4},"end":{"line":97,"column":40}},"type":"if","locations":[{"start":{"line":97,"column":4},"end":{"line":97,"column":40}},{"start":{},"end":{}}],"line":97},"8":{"loc":{"start":{"line":102,"column":4},"end":{"line":105,"column":5}},"type":"if","locations":[{"start":{"line":102,"column":4},"end":{"line":105,"column":5}},{"start":{},"end":{}}],"line":102},"9":{"loc":{"start":{"line":108,"column":4},"end":{"line":111,"column":5}},"type":"if","locations":[{"start":{"line":108,"column":4},"end":{"line":111,"column":5}},{"start":{},"end":{}}],"line":108},"10":{"loc":{"start":{"line":148,"column":18},"end":{"line":148,"column":40}},"type":"binary-expr","locations":[{"start":{"line":148,"column":18},"end":{"line":148,"column":35}},{"start":{"line":148,"column":39},"end":{"line":148,"column":40}}],"line":148},"11":{"loc":{"start":{"line":149,"column":18},"end":{"line":149,"column":44}},"type":"binary-expr","locations":[{"start":{"line":149,"column":18},"end":{"line":149,"column":35}},{"start":{"line":149,"column":39},"end":{"line":149,"column":44}}],"line":149},"12":{"loc":{"start":{"line":150,"column":20},"end":{"line":150,"column":47}},"type":"binary-expr","locations":[{"start":{"line":150,"column":20},"end":{"line":150,"column":39}},{"start":{"line":150,"column":43},"end":{"line":150,"column":47}}],"line":150},"13":{"loc":{"start":{"line":185,"column":54},"end":{"line":185,"column":63}},"type":"binary-expr","locations":[{"start":{"line":185,"column":54},"end":{"line":185,"column":58}},{"start":{"line":185,"column":62},"end":{"line":185,"column":63}}],"line":185},"14":{"loc":{"start":{"line":229,"column":2},"end":{"line":231,"column":3}},"type":"if","locations":[{"start":{"line":229,"column":2},"end":{"line":231,"column":3}},{"start":{},"end":{}}],"line":229}},"s":{"0":38,"1":38,"2":38,"3":38,"4":38,"5":25,"6":1,"7":24,"8":24,"9":23,"10":23,"11":1,"12":1,"13":41,"14":41,"15":205,"16":205,"17":1025,"18":41,"19":3,"20":1,"21":1,"22":2,"23":2,"24":2,"25":50,"26":0,"27":0,"28":0,"29":2,"30":0,"31":2,"32":0,"33":0,"34":3,"35":3,"36":1,"37":2,"38":2,"39":1,"40":1,"41":1,"42":0,"43":0,"44":1,"45":2,"46":2,"47":2,"48":2,"49":13,"50":13,"51":325,"52":325,"53":13,"54":3,"55":3,"56":75,"57":2,"58":2,"59":50,"60":4,"61":4,"62":100,"63":4,"64":25,"65":25,"66":25,"67":25,"68":25,"69":10,"70":10,"71":1,"72":5,"73":8,"74":8,"75":2,"76":2,"77":2,"78":1,"79":1,"80":2,"81":1,"82":2},"f":{"0":38,"1":25,"2":41,"3":205,"4":1025,"5":3,"6":3,"7":2,"8":13,"9":3,"10":75,"11":2,"12":50,"13":4,"14":100,"15":25,"16":25,"17":25,"18":25,"19":25,"20":10,"21":1,"22":5,"23":8,"24":2,"25":2},"b":{"0":[1,24],"1":[205,0],"2":[0],"3":[1,2],"4":[0,50],"5":[0,0],"6":[0,2],"7":[1,2],"8":[1,1],"9":[0,1],"10":[325,250],"11":[325,292],"12":[325,325],"13":[25,0],"14":[1,1]},"_coverageSchema":"1a1c01bbd47fc00a2c39e90264f33305004495a9","hash":"b4e44d489acb44d5c5be9afb3055400232af0353"}
,"C:\\APLICATIVO DE TEA\\frontend\\src\\features\\achievements\\services\\NotificationManager.js": {"path":"C:\\APLICATIVO DE TEA\\frontend\\src\\features\\achievements\\services\\NotificationManager.js","statementMap":{"0":{"start":{"line":15,"column":4},"end":{"line":15,"column":20}},"1":{"start":{"line":16,"column":4},"end":{"line":16,"column":27}},"2":{"start":{"line":17,"column":4},"end":{"line":17,"column":26}},"3":{"start":{"line":18,"column":4},"end":{"line":18,"column":36}},"4":{"start":{"line":25,"column":4},"end":{"line":25,"column":31}},"5":{"start":{"line":25,"column":24},"end":{"line":25,"column":31}},"6":{"start":{"line":27,"column":4},"end":{"line":27,"column":51}},"7":{"start":{"line":28,"column":4},"end":{"line":28,"column":52}},"8":{"start":{"line":29,"column":4},"end":{"line":35,"column":6}},"9":{"start":{"line":36,"column":4},"end":{"line":36,"column":46}},"10":{"start":{"line":43,"column":4},"end":{"line":43,"column":33}},"11":{"start":{"line":44,"column":4},"end":{"line":46,"column":5}},"12":{"start":{"line":45,"column":6},"end":{"line":45,"column":23}},"13":{"start":{"line":53,"column":4},"end":{"line":56,"column":5}},"14":{"start":{"line":54,"column":6},"end":{"line":54,"column":29}},"15":{"start":{"line":55,"column":6},"end":{"line":55,"column":13}},"16":{"start":{"line":58,"column":4},"end":{"line":58,"column":26}},"17":{"start":{"line":59,"column":24},"end":{"line":59,"column":42}},"18":{"start":{"line":62,"column":4},"end":{"line":62,"column":22}},"19":{"start":{"line":65,"column":25},"end":{"line":65,"column":69}},"20":{"start":{"line":66,"column":4},"end":{"line":66,"column":45}},"21":{"start":{"line":67,"column":4},"end":{"line":67,"column":44}},"22":{"start":{"line":70,"column":4},"end":{"line":70,"column":51}},"23":{"start":{"line":73,"column":4},"end":{"line":76,"column":7}},"24":{"start":{"line":74,"column":6},"end":{"line":74,"column":53}},"25":{"start":{"line":75,"column":6},"end":{"line":75,"column":39}},"26":{"start":{"line":79,"column":4},"end":{"line":79,"column":27}},"27":{"start":{"line":81,"column":4},"end":{"line":81,"column":55}},"28":{"start":{"line":82,"column":4},"end":{"line":82,"column":37}},"29":{"start":{"line":84,"column":4},"end":{"line":84,"column":26}},"30":{"start":{"line":87,"column":4},"end":{"line":89,"column":5}},"31":{"start":{"line":88,"column":6},"end":{"line":88,"column":56}},"32":{"start":{"line":91,"column":4},"end":{"line":91,"column":36}},"33":{"start":{"line":94,"column":4},"end":{"line":94,"column":21}},"34":{"start":{"line":101,"column":16},"end":{"line":101,"column":45}},"35":{"start":{"line":102,"column":4},"end":{"line":102,"column":76}},"36":{"start":{"line":103,"column":4},"end":{"line":117,"column":6}},"37":{"start":{"line":120,"column":25},"end":{"line":125,"column":5}},"38":{"start":{"line":127,"column":4},"end":{"line":127,"column":83}},"39":{"start":{"line":129,"column":4},"end":{"line":147,"column":6}},"40":{"start":{"line":150,"column":4},"end":{"line":158,"column":7}},"41":{"start":{"line":151,"column":6},"end":{"line":151,"column":48}},"42":{"start":{"line":152,"column":6},"end":{"line":152,"column":30}},"43":{"start":{"line":153,"column":6},"end":{"line":157,"column":14}},"44":{"start":{"line":154,"column":8},"end":{"line":156,"column":9}},"45":{"start":{"line":155,"column":10},"end":{"line":155,"column":42}},"46":{"start":{"line":160,"column":4},"end":{"line":160,"column":15}},"47":{"start":{"line":167,"column":4},"end":{"line":180,"column":5}},"48":{"start":{"line":168,"column":23},"end":{"line":173,"column":7}},"49":{"start":{"line":175,"column":24},"end":{"line":175,"column":53}},"50":{"start":{"line":176,"column":28},"end":{"line":176,"column":46}},"51":{"start":{"line":177,"column":6},"end":{"line":177,"column":36}},"52":{"start":{"line":179,"column":6},"end":{"line":179,"column":73}},"53":{"start":{"line":187,"column":4},"end":{"line":187,"column":59}},"54":{"start":{"line":187,"column":34},"end":{"line":187,"column":57}},"55":{"start":{"line":194,"column":4},"end":{"line":194,"column":20}},"56":{"start":{"line":195,"column":4},"end":{"line":197,"column":5}},"57":{"start":{"line":196,"column":6},"end":{"line":196,"column":80}},"58":{"start":{"line":198,"column":4},"end":{"line":198,"column":36}},"59":{"start":{"line":199,"column":4},"end":{"line":199,"column":27}},"60":{"start":{"line":204,"column":15},"end":{"line":204,"column":19}},"61":{"start":{"line":206,"column":38},"end":{"line":211,"column":1}},"62":{"start":{"line":207,"column":2},"end":{"line":209,"column":3}},"63":{"start":{"line":208,"column":4},"end":{"line":208,"column":41}},"64":{"start":{"line":210,"column":2},"end":{"line":210,"column":18}}},"fnMap":{"0":{"name":"(anonymous_0)","decl":{"start":{"line":14,"column":2},"end":{"line":14,"column":3}},"loc":{"start":{"line":14,"column":16},"end":{"line":19,"column":3}},"line":14},"1":{"name":"(anonymous_1)","decl":{"start":{"line":24,"column":2},"end":{"line":24,"column":3}},"loc":{"start":{"line":24,"column":15},"end":{"line":37,"column":3}},"line":24},"2":{"name":"(anonymous_2)","decl":{"start":{"line":42,"column":2},"end":{"line":42,"column":3}},"loc":{"start":{"line":42,"column":20},"end":{"line":47,"column":3}},"line":42},"3":{"name":"(anonymous_3)","decl":{"start":{"line":52,"column":2},"end":{"line":52,"column":3}},"loc":{"start":{"line":52,"column":20},"end":{"line":95,"column":3}},"line":52},"4":{"name":"(anonymous_4)","decl":{"start":{"line":73,"column":26},"end":{"line":73,"column":27}},"loc":{"start":{"line":73,"column":32},"end":{"line":76,"column":5}},"line":73},"5":{"name":"(anonymous_5)","decl":{"start":{"line":100,"column":2},"end":{"line":100,"column":3}},"loc":{"start":{"line":100,"column":42},"end":{"line":161,"column":3}},"line":100},"6":{"name":"(anonymous_6)","decl":{"start":{"line":150,"column":34},"end":{"line":150,"column":35}},"loc":{"start":{"line":150,"column":40},"end":{"line":158,"column":5}},"line":150},"7":{"name":"(anonymous_7)","decl":{"start":{"line":153,"column":17},"end":{"line":153,"column":18}},"loc":{"start":{"line":153,"column":23},"end":{"line":157,"column":7}},"line":153},"8":{"name":"(anonymous_8)","decl":{"start":{"line":166,"column":2},"end":{"line":166,"column":3}},"loc":{"start":{"line":166,"column":32},"end":{"line":181,"column":3}},"line":166},"9":{"name":"(anonymous_9)","decl":{"start":{"line":186,"column":2},"end":{"line":186,"column":3}},"loc":{"start":{"line":186,"column":12},"end":{"line":188,"column":3}},"line":186},"10":{"name":"(anonymous_10)","decl":{"start":{"line":187,"column":23},"end":{"line":187,"column":24}},"loc":{"start":{"line":187,"column":34},"end":{"line":187,"column":57}},"line":187},"11":{"name":"(anonymous_11)","decl":{"start":{"line":193,"column":2},"end":{"line":193,"column":3}},"loc":{"start":{"line":193,"column":10},"end":{"line":200,"column":3}},"line":193},"12":{"name":"(anonymous_12)","decl":{"start":{"line":206,"column":38},"end":{"line":206,"column":39}},"loc":{"start":{"line":206,"column":44},"end":{"line":211,"column":1}},"line":206}},"branchMap":{"0":{"loc":{"start":{"line":25,"column":4},"end":{"line":25,"column":31}},"type":"if","locations":[{"start":{"line":25,"column":4},"end":{"line":25,"column":31}},{"start":{},"end":{}}],"line":25},"1":{"loc":{"start":{"line":44,"column":4},"end":{"line":46,"column":5}},"type":"if","locations":[{"start":{"line":44,"column":4},"end":{"line":46,"column":5}},{"start":{},"end":{}}],"line":44},"2":{"loc":{"start":{"line":53,"column":4},"end":{"line":56,"column":5}},"type":"if","locations":[{"start":{"line":53,"column":4},"end":{"line":56,"column":5}},{"start":{},"end":{}}],"line":53},"3":{"loc":{"start":{"line":87,"column":4},"end":{"line":89,"column":5}},"type":"if","locations":[{"start":{"line":87,"column":4},"end":{"line":89,"column":5}},{"start":{},"end":{}}],"line":87},"4":{"loc":{"start":{"line":127,"column":27},"end":{"line":127,"column":82}},"type":"binary-expr","locations":[{"start":{"line":127,"column":27},"end":{"line":127,"column":59}},{"start":{"line":127,"column":63},"end":{"line":127,"column":82}}],"line":127},"5":{"loc":{"start":{"line":154,"column":8},"end":{"line":156,"column":9}},"type":"if","locations":[{"start":{"line":154,"column":8},"end":{"line":156,"column":9}},{"start":{},"end":{}}],"line":154},"6":{"loc":{"start":{"line":175,"column":24},"end":{"line":175,"column":53}},"type":"binary-expr","locations":[{"start":{"line":175,"column":24},"end":{"line":175,"column":40}},{"start":{"line":175,"column":44},"end":{"line":175,"column":53}}],"line":175},"7":{"loc":{"start":{"line":195,"column":4},"end":{"line":197,"column":5}},"type":"if","locations":[{"start":{"line":195,"column":4},"end":{"line":197,"column":5}},{"start":{},"end":{}}],"line":195},"8":{"loc":{"start":{"line":195,"column":8},"end":{"line":195,"column":71}},"type":"binary-expr","locations":[{"start":{"line":195,"column":8},"end":{"line":195,"column":32}},{"start":{"line":195,"column":36},"end":{"line":195,"column":71}}],"line":195},"9":{"loc":{"start":{"line":207,"column":2},"end":{"line":209,"column":3}},"type":"if","locations":[{"start":{"line":207,"column":2},"end":{"line":209,"column":3}},{"start":{},"end":{}}],"line":207}},"s":{"0":5,"1":5,"2":5,"3":5,"4":1,"5":0,"6":1,"7":1,"8":1,"9":1,"10":3,"11":3,"12":3,"13":0,"14":0,"15":0,"16":0,"17":0,"18":0,"19":0,"20":0,"21":0,"22":0,"23":0,"24":0,"25":0,"26":0,"27":0,"28":0,"29":0,"30":0,"31":0,"32":0,"33":0,"34":0,"35":0,"36":0,"37":0,"38":0,"39":0,"40":0,"41":0,"42":0,"43":0,"44":0,"45":0,"46":0,"47":0,"48":0,"49":0,"50":0,"51":0,"52":0,"53":0,"54":0,"55":0,"56":0,"57":0,"58":0,"59":0,"60":1,"61":1,"62":0,"63":0,"64":0},"f":{"0":5,"1":1,"2":3,"3":0,"4":0,"5":0,"6":0,"7":0,"8":0,"9":0,"10":0,"11":0,"12":0},"b":{"0":[0,1],"1":[3,0],"2":[0,0],"3":[0,0],"4":[0,0],"5":[0,0],"6":[0,0],"7":[0,0],"8":[0,0],"9":[0,0]},"_coverageSchema":"1a1c01bbd47fc00a2c39e90264f33305004495a9","hash":"53c8441ec5e1ab3897e6d72abe9531cc8f39ce71"}
,"C:\\APLICATIVO DE TEA\\frontend\\src\\features\\achievements\\services\\StorageManager.js": {"path":"C:\\APLICATIVO DE TEA\\frontend\\src\\features\\achievements\\services\\StorageManager.js","statementMap":{"0":{"start":{"line":17,"column":4},"end":{"line":17,"column":25}},"1":{"start":{"line":18,"column":4},"end":{"line":18,"column":57}},"2":{"start":{"line":19,"column":4},"end":{"line":19,"column":25}},"3":{"start":{"line":20,"column":4},"end":{"line":20,"column":29}},"4":{"start":{"line":28,"column":4},"end":{"line":28,"column":33}},"5":{"start":{"line":28,"column":26},"end":{"line":28,"column":33}},"6":{"start":{"line":30,"column":4},"end":{"line":41,"column":5}},"7":{"start":{"line":32,"column":6},"end":{"line":34,"column":7}},"8":{"start":{"line":33,"column":8},"end":{"line":33,"column":55}},"9":{"start":{"line":36,"column":6},"end":{"line":36,"column":30}},"10":{"start":{"line":37,"column":6},"end":{"line":37,"column":51}},"11":{"start":{"line":39,"column":6},"end":{"line":39,"column":68}},"12":{"start":{"line":40,"column":6},"end":{"line":40,"column":18}},"13":{"start":{"line":50,"column":4},"end":{"line":60,"column":5}},"14":{"start":{"line":51,"column":19},"end":{"line":51,"column":30}},"15":{"start":{"line":52,"column":6},"end":{"line":54,"column":7}},"16":{"start":{"line":53,"column":8},"end":{"line":53,"column":66}},"17":{"start":{"line":56,"column":6},"end":{"line":56,"column":100}},"18":{"start":{"line":58,"column":6},"end":{"line":58,"column":57}},"19":{"start":{"line":59,"column":6},"end":{"line":59,"column":64}},"20":{"start":{"line":70,"column":4},"end":{"line":86,"column":5}},"21":{"start":{"line":71,"column":19},"end":{"line":71,"column":65}},"22":{"start":{"line":73,"column":6},"end":{"line":75,"column":7}},"23":{"start":{"line":74,"column":8},"end":{"line":74,"column":31}},"24":{"start":{"line":77,"column":6},"end":{"line":80,"column":8}},"25":{"start":{"line":82,"column":6},"end":{"line":82,"column":29}},"26":{"start":{"line":84,"column":6},"end":{"line":84,"column":61}},"27":{"start":{"line":85,"column":6},"end":{"line":85,"column":19}},"28":{"start":{"line":96,"column":4},"end":{"line":121,"column":5}},"29":{"start":{"line":97,"column":19},"end":{"line":97,"column":91}},"30":{"start":{"line":99,"column":6},"end":{"line":101,"column":7}},"31":{"start":{"line":100,"column":8},"end":{"line":100,"column":31}},"32":{"start":{"line":103,"column":6},"end":{"line":105,"column":7}},"33":{"start":{"line":104,"column":8},"end":{"line":104,"column":39}},"34":{"start":{"line":107,"column":6},"end":{"line":111,"column":8}},"35":{"start":{"line":113,"column":6},"end":{"line":115,"column":7}},"36":{"start":{"line":114,"column":8},"end":{"line":114,"column":54}},"37":{"start":{"line":117,"column":6},"end":{"line":117,"column":29}},"38":{"start":{"line":119,"column":6},"end":{"line":119,"column":63}},"39":{"start":{"line":120,"column":6},"end":{"line":120,"column":19}},"40":{"start":{"line":129,"column":4},"end":{"line":129,"column":24}},"41":{"start":{"line":138,"column":4},"end":{"line":164,"column":5}},"42":{"start":{"line":140,"column":6},"end":{"line":143,"column":7}},"43":{"start":{"line":141,"column":8},"end":{"line":141,"column":68}},"44":{"start":{"line":142,"column":8},"end":{"line":142,"column":21}},"45":{"start":{"line":145,"column":25},"end":{"line":150,"column":8}},"46":{"start":{"line":152,"column":6},"end":{"line":152,"column":56}},"47":{"start":{"line":153,"column":6},"end":{"line":153,"column":48}},"48":{"start":{"line":154,"column":6},"end":{"line":154,"column":18}},"49":{"start":{"line":156,"column":6},"end":{"line":156,"column":54}},"50":{"start":{"line":159,"column":6},"end":{"line":161,"column":7}},"51":{"start":{"line":160,"column":8},"end":{"line":160,"column":80}},"52":{"start":{"line":163,"column":6},"end":{"line":163,"column":19}},"53":{"start":{"line":172,"column":4},"end":{"line":200,"column":5}},"54":{"start":{"line":173,"column":25},"end":{"line":173,"column":62}},"55":{"start":{"line":175,"column":6},"end":{"line":178,"column":7}},"56":{"start":{"line":176,"column":8},"end":{"line":176,"column":55}},"57":{"start":{"line":177,"column":8},"end":{"line":177,"column":20}},"58":{"start":{"line":180,"column":19},"end":{"line":180,"column":41}},"59":{"start":{"line":183,"column":6},"end":{"line":186,"column":7}},"60":{"start":{"line":184,"column":8},"end":{"line":184,"column":67}},"61":{"start":{"line":185,"column":8},"end":{"line":185,"column":34}},"62":{"start":{"line":188,"column":6},"end":{"line":188,"column":52}},"63":{"start":{"line":189,"column":6},"end":{"line":189,"column":31}},"64":{"start":{"line":191,"column":6},"end":{"line":191,"column":56}},"65":{"start":{"line":194,"column":6},"end":{"line":197,"column":7}},"66":{"start":{"line":195,"column":8},"end":{"line":195,"column":65}},"67":{"start":{"line":196,"column":8},"end":{"line":196,"column":21}},"68":{"start":{"line":199,"column":6},"end":{"line":199,"column":18}},"69":{"start":{"line":208,"column":4},"end":{"line":233,"column":5}},"70":{"start":{"line":209,"column":19},"end":{"line":209,"column":30}},"71":{"start":{"line":211,"column":6},"end":{"line":214,"column":7}},"72":{"start":{"line":212,"column":8},"end":{"line":212,"column":53}},"73":{"start":{"line":213,"column":8},"end":{"line":213,"column":20}},"74":{"start":{"line":216,"column":6},"end":{"line":229,"column":8}},"75":{"start":{"line":231,"column":6},"end":{"line":231,"column":56}},"76":{"start":{"line":232,"column":6},"end":{"line":232,"column":18}},"77":{"start":{"line":241,"column":4},"end":{"line":248,"column":5}},"78":{"start":{"line":242,"column":6},"end":{"line":242,"column":47}},"79":{"start":{"line":243,"column":6},"end":{"line":243,"column":51}},"80":{"start":{"line":244,"column":6},"end":{"line":244,"column":18}},"81":{"start":{"line":246,"column":6},"end":{"line":246,"column":55}},"82":{"start":{"line":247,"column":6},"end":{"line":247,"column":19}},"83":{"start":{"line":257,"column":4},"end":{"line":284,"column":5}},"84":{"start":{"line":259,"column":6},"end":{"line":262,"column":7}},"85":{"start":{"line":260,"column":8},"end":{"line":260,"column":51}},"86":{"start":{"line":261,"column":8},"end":{"line":261,"column":21}},"87":{"start":{"line":265,"column":6},"end":{"line":268,"column":7}},"88":{"start":{"line":266,"column":8},"end":{"line":266,"column":58}},"89":{"start":{"line":267,"column":8},"end":{"line":267,"column":21}},"90":{"start":{"line":270,"column":6},"end":{"line":273,"column":7}},"91":{"start":{"line":271,"column":8},"end":{"line":271,"column":72}},"92":{"start":{"line":272,"column":8},"end":{"line":272,"column":21}},"93":{"start":{"line":275,"column":6},"end":{"line":278,"column":7}},"94":{"start":{"line":276,"column":8},"end":{"line":276,"column":65}},"95":{"start":{"line":277,"column":8},"end":{"line":277,"column":21}},"96":{"start":{"line":280,"column":6},"end":{"line":280,"column":18}},"97":{"start":{"line":282,"column":6},"end":{"line":282,"column":51}},"98":{"start":{"line":283,"column":6},"end":{"line":283,"column":19}},"99":{"start":{"line":293,"column":4},"end":{"line":293,"column":87}},"100":{"start":{"line":297,"column":4},"end":{"line":297,"column":43}},"101":{"start":{"line":305,"column":4},"end":{"line":305,"column":58}},"102":{"start":{"line":313,"column":17},"end":{"line":313,"column":54}},"103":{"start":{"line":314,"column":4},"end":{"line":314,"column":44}},"104":{"start":{"line":322,"column":4},"end":{"line":330,"column":5}},"105":{"start":{"line":323,"column":25},"end":{"line":323,"column":62}},"106":{"start":{"line":324,"column":6},"end":{"line":324,"column":35}},"107":{"start":{"line":324,"column":23},"end":{"line":324,"column":35}},"108":{"start":{"line":326,"column":19},"end":{"line":326,"column":41}},"109":{"start":{"line":327,"column":6},"end":{"line":327,"column":35}},"110":{"start":{"line":329,"column":6},"end":{"line":329,"column":18}}},"fnMap":{"0":{"name":"(anonymous_0)","decl":{"start":{"line":16,"column":2},"end":{"line":16,"column":3}},"loc":{"start":{"line":16,"column":34},"end":{"line":21,"column":3}},"line":16},"1":{"name":"(anonymous_1)","decl":{"start":{"line":27,"column":2},"end":{"line":27,"column":3}},"loc":{"start":{"line":27,"column":21},"end":{"line":42,"column":3}},"line":27},"2":{"name":"(anonymous_2)","decl":{"start":{"line":49,"column":2},"end":{"line":49,"column":3}},"loc":{"start":{"line":49,"column":46},"end":{"line":61,"column":3}},"line":49},"3":{"name":"(anonymous_3)","decl":{"start":{"line":69,"column":2},"end":{"line":69,"column":3}},"loc":{"start":{"line":69,"column":59},"end":{"line":87,"column":3}},"line":69},"4":{"name":"(anonymous_4)","decl":{"start":{"line":95,"column":2},"end":{"line":95,"column":3}},"loc":{"start":{"line":95,"column":52},"end":{"line":122,"column":3}},"line":95},"5":{"name":"(anonymous_5)","decl":{"start":{"line":128,"column":2},"end":{"line":128,"column":3}},"loc":{"start":{"line":128,"column":23},"end":{"line":130,"column":3}},"line":128},"6":{"name":"(anonymous_6)","decl":{"start":{"line":137,"column":2},"end":{"line":137,"column":3}},"lo
[...]
"column":4},"end":{"line":13,"column":29}},"2":{"start":{"line":17,"column":4},"end":{"line":100,"column":6}},"3":{"start":{"line":107,"column":4},"end":{"line":107,"column":33}},"4":{"start":{"line":107,"column":26},"end":{"line":107,"column":33}},"5":{"start":{"line":109,"column":4},"end":{"line":115,"column":5}},"6":{"start":{"line":110,"column":6},"end":{"line":110,"column":83}},"7":{"start":{"line":111,"column":6},"end":{"line":111,"column":30}},"8":{"start":{"line":112,"column":6},"end":{"line":112,"column":67}},"9":{"start":{"line":114,"column":6},"end":{"line":114,"column":73}},"10":{"start":{"line":124,"column":4},"end":{"line":127,"column":5}},"11":{"start":{"line":125,"column":6},"end":{"line":125,"column":79}},"12":{"start":{"line":126,"column":6},"end":{"line":126,"column":13}},"13":{"start":{"line":129,"column":17},"end":{"line":129,"column":42}},"14":{"start":{"line":130,"column":4},"end":{"line":133,"column":5}},"15":{"start":{"line":131,"column":6},"end":{"line":131,"column":72}},"16":{"start":{"line":132,"column":6},"end":{"line":132,"column":13}},"17":{"start":{"line":135,"column":16},"end":{"line":135,"column":45}},"18":{"start":{"line":137,"column":4},"end":{"line":141,"column":5}},"19":{"start":{"line":138,"column":6},"end":{"line":138,"column":48}},"20":{"start":{"line":139,"column":11},"end":{"line":141,"column":5}},"21":{"start":{"line":140,"column":6},"end":{"line":140,"column":50}},"22":{"start":{"line":149,"column":16},"end":{"line":149,"column":33}},"23":{"start":{"line":152,"column":23},"end":{"line":152,"column":47}},"24":{"start":{"line":153,"column":24},"end":{"line":153,"column":71}},"25":{"start":{"line":154,"column":4},"end":{"line":154,"column":36}},"26":{"start":{"line":156,"column":24},"end":{"line":156,"column":48}},"27":{"start":{"line":157,"column":4},"end":{"line":157,"column":34}},"28":{"start":{"line":158,"column":4},"end":{"line":158,"column":42}},"29":{"start":{"line":159,"column":4},"end":{"line":159,"column":28}},"30":{"start":{"line":161,"column":22},"end":{"line":161,"column":38}},"31":{"start":{"line":162,"column":4},"end":{"line":162,"column":59}},"32":{"start":{"line":163,"column":4},"end":{"line":163,"column":86}},"33":{"start":{"line":165,"column":4},"end":{"line":165,"column":36}},"34":{"start":{"line":166,"column":4},"end":{"line":166,"column":35}},"35":{"start":{"line":167,"column":4},"end":{"line":167,"column":39}},"36":{"start":{"line":169,"column":4},"end":{"line":169,"column":32}},"37":{"start":{"line":170,"column":4},"end":{"line":170,"column":52}},"38":{"start":{"line":173,"column":4},"end":{"line":207,"column":5}},"39":{"start":{"line":174,"column":25},"end":{"line":174,"column":55}},"40":{"start":{"line":175,"column":28},"end":{"line":175,"column":62}},"41":{"start":{"line":178,"column":25},"end":{"line":178,"column":47}},"42":{"start":{"line":179,"column":6},"end":{"line":179,"column":35}},"43":{"start":{"line":180,"column":6},"end":{"line":180,"column":39}},"44":{"start":{"line":183,"column":23},"end":{"line":183,"column":47}},"45":{"start":{"line":184,"column":6},"end":{"line":184,"column":33}},"46":{"start":{"line":185,"column":6},"end":{"line":185,"column":41}},"47":{"start":{"line":186,"column":6},"end":{"line":186,"column":28}},"48":{"start":{"line":189,"column":23},"end":{"line":189,"column":47}},"49":{"start":{"line":190,"column":6},"end":{"line":190,"column":33}},"50":{"start":{"line":191,"column":6},"end":{"line":191,"column":41}},"51":{"start":{"line":192,"column":6},"end":{"line":192,"column":28}},"52":{"start":{"line":195,"column":24},"end":{"line":195,"column":40}},"53":{"start":{"line":196,"column":6},"end":{"line":196,"column":51}},"54":{"start":{"line":197,"column":6},"end":{"line":197,"column":78}},"55":{"start":{"line":198,"column":6},"end":{"line":198,"column":84}},"56":{"start":{"line":200,"column":6},"end":{"line":200,"column":35}},"57":{"start":{"line":201,"column":6},"end":{"line":201,"column":33}},"58":{"start":{"line":202,"column":6},"end":{"line":202,"column":34}},"59":{"start":{"line":203,"column":6},"end":{"line":203,"column":41}},"60":{"start":{"line":205,"column":6},"end":{"line":205,"column":35}},"61":{"start":{"line":206,"column":6},"end":{"line":206,"column":50}},"62":{"start":{"line":210,"column":4},"end":{"line":232,"column":5}},"63":{"start":{"line":211,"column":30},"end":{"line":211,"column":60}},"64":{"start":{"line":212,"column":33},"end":{"line":212,"column":37}},"65":{"start":{"line":214,"column":30},"end":{"line":214,"column":54}},"66":{"start":{"line":215,"column":31},"end":{"line":215,"column":78}},"67":{"start":{"line":216,"column":6},"end":{"line":216,"column":48}},"68":{"start":{"line":218,"column":31},"end":{"line":218,"column":55}},"69":{"start":{"line":219,"column":6},"end":{"line":219,"column":41}},"70":{"start":{"line":220,"column":6},"end":{"line":220,"column":46}},"71":{"start":{"line":222,"column":29},"end":{"line":222,"column":45}},"72":{"start":{"line":223,"column":6},"end":{"line":223,"column":72}},"73":{"start":{"line":224,"column":6},"end":{"line":224,"column":99}},"74":{"start":{"line":226,"column":6},"end":{"line":226,"column":48}},"75":{"start":{"line":227,"column":6},"end":{"line":227,"column":47}},"76":{"start":{"line":228,"column":6},"end":{"line":228,"column":46}},"77":{"start":{"line":230,"column":6},"end":{"line":230,"column":45}},"78":{"start":{"line":231,"column":6},"end":{"line":231,"column":65}},"79":{"start":{"line":240,"column":16},"end":{"line":240,"column":33}},"80":{"start":{"line":243,"column":18},"end":{"line":243,"column":42}},"81":{"start":{"line":244,"column":24},"end":{"line":244,"column":66}},"82":{"start":{"line":245,"column":4},"end":{"line":245,"column":31}},"83":{"start":{"line":248,"column":19},"end":{"line":248,"column":43}},"84":{"start":{"line":249,"column":4},"end":{"line":249,"column":29}},"85":{"start":{"line":250,"column":4},"end":{"line":250,"column":44}},"86":{"start":{"line":251,"column":4},"end":{"line":251,"column":41}},"87":{"start":{"line":254,"column":4},"end":{"line":275,"column":5}},"88":{"start":{"line":256,"column":25},"end":{"line":256,"column":47}},"89":{"start":{"line":257,"column":6},"end":{"line":257,"column":35}},"90":{"start":{"line":258,"column":6},"end":{"line":258,"column":39}},"91":{"start":{"line":260,"column":22},"end":{"line":260,"column":46}},"92":{"start":{"line":261,"column":6},"end":{"line":261,"column":32}},"93":{"start":{"line":262,"column":6},"end":{"line":262,"column":40}},"94":{"start":{"line":263,"column":6},"end":{"line":263,"column":26}},"95":{"start":{"line":265,"column":24},"end":{"line":265,"column":40}},"96":{"start":{"line":266,"column":6},"end":{"line":266,"column":61}},"97":{"start":{"line":267,"column":6},"end":{"line":267,"column":83}},"98":{"start":{"line":269,"column":6},"end":{"line":269,"column":34}},"99":{"start":{"line":270,"column":6},"end":{"line":270,"column":33}},"100":{"start":{"line":271,"column":6},"end":{"line":271,"column":41}},"101":{"start":{"line":273,"column":6},"end":{"line":273,"column":34}},"102":{"start":{"line":274,"column":6},"end":{"line":274,"column":49}},"103":{"start":{"line":278,"column":17},"end":{"line":278,"column":33}},"104":{"start":{"line":279,"column":4},"end":{"line":279,"column":43}},"105":{"start":{"line":280,"column":4},"end":{"line":280,"column":70}},"106":{"start":{"line":281,"column":4},"end":{"line":281,"column":77}},"107":{"start":{"line":282,"column":4},"end":{"line":282,"column":76}},"108":{"start":{"line":284,"column":4},"end":{"line":284,"column":26}},"109":{"start":{"line":285,"column":4},"end":{"line":285,"column":25}},"110":{"start":{"line":286,"column":4},"end":{"line":286,"column":34}},"111":{"start":{"line":288,"column":4},"end":{"line":288,"column":27}},"112":{"start":{"line":289,"column":4},"end":{"line":289,"column":42}},"113":{"start":{"line":296,"column":23},"end":{"line":296,"column":51}},"114":{"start":{"line":297,"column":23},"end":{"line":297,"column":44}},"115":{"start":{"line":298,"column":19},"end":{"line":298,"column":76}},"116":{"start":{"line":299,"column":17},"end":{"line":299,"column":41}},"117":{"start":{"line":301,"column":4},"end":{"line":303,"column":5}},"118":{"start":{"line":301,"column":17},"end":{"line":301,"column":18}},"119":{"start":{"line":302,"column":6},"end":{"line":302,"column":52}},"120":{"start":{"line":305,"column":4},"end":{"line":305,"column":18}},"121":{"start":{"line":312,"column":4},"end":{"line":312,"column":57}},"122":{"start":{"line":319,"column":4},"end":{"line":319,"column":37}},"123":{"start":{"line":326,"column":4},"end":{"line":326,"column":41}},"124":{"start":{"line":331,"column":33},"end":{"line":331,"column":37}},"125":{"start":{"line":337,"column":2},"end":{"line":339,"column":3}},"126":{"start":{"line":338,"column":4},"end":{"line":338,"column":58}},"127":{"start":{"line":340,"column":2},"end":{"line":340,"column":36}}},"fnMap":{"0":{"name":"(anonymous_0)","decl":{"start":{"line":11,"column":2},"end":{"line":11,"column":3}},"loc":{"start":{"line":11,"column":16},"end":{"line":101,"column":3}},"line":11},"1":{"name":"(anonymous_1)","decl":{"start":{"line":106,"column":2},"end":{"line":106,"column":3}},"loc":{"start":{"line":106,"column":15},"end":{"line":116,"column":3}},"line":106},"2":{"name":"(anonymous_2)","decl":{"start":{"line":123,"column":2},"end":{"line":123,"column":3}},"loc":{"start":{"line":123,"column":43},"end":{"line":142,"column":3}},"line":123},"3":{"name":"(anonymous_3)","decl":{"start":{"line":148,"column":2},"end":{"line":148,"column":3}},"loc":{"start":{"line":148,"column":45},"end":{"line":233,"column":3}},"line":148},"4":{"name":"(anonymous_4)","decl":{"start":{"line":239,"column":2},"end":{"line":239,"column":3}},"loc":{"start":{"line":239,"column":47},"end":{"line":290,"column":3}},"line":239},"5":{"name":"(anonymous_5)","decl":{"start":{"line":295,"column":2},"end":{"line":295,"column":3}},"loc":{"start":{"line":295,"column":41},"end":{"line":306,"column":3}},"line":295},"6":{"name":"(anonymous_6)","decl":{"start":{"line":311,"column":2},"end":{"line":311,"column":3}},"loc":{"start":{"line":311,"column":20},"end":{"line":313,"column":3}},"line":311},"7":{"name":"(anonymous_7)","decl":{"start":{"line":318,"column":2},"end":{"line":318,"column":3}},"loc":{"start":{"line":318,"column":26},"end":{"line":320,"column":3}},"line":318},"8":{"name":"(anonymous_8)","decl":{"start":{"line":325,"column":2},"end":{"line":325,"column":3}},"loc":{"start":{"line":325,"column":19},"end":{"line":327,"column":3}},"line":325},"9":{"name":"getPhonemeSynthesizer","decl":{"start":{"line":336,"column":16},"end":{"line":336,"column":37}},"loc":{"start":{"line":336,"column":40},"end":{"line":341,"column":1}},"line":336}},"branchMap":{"0":{"loc":{"start":{"line":107,"column":4},"end":{"line":107,"column":33}},"type":"if","locations":[{"start":{"line":107,"column":4},"end":{"line":107,"column":33}},{"start":{},"end":{}}],"line":107},"1":{"loc":{"start":{"line":110,"column":31},"end":{"line":110,"column":79}},"type":"binary-expr","locations":[{"start":{"line":110,"column":31},"end":{"line":110,"column":50}},{"start":{"line":110,"column":54},"end":{"line":110,"column":79}}],"line":110},"2":{"loc":{"start":{"line":123,"column":29},"end":{"line":123,"column":41}},"type":"default-arg","locations":[{"start":{"line":123,"column":38},"end":{"line":123,"column":41}}],"line":123},"3":{"loc":{"start":{"line":124,"column":4},"end":{"line":127,"column":5}},"type":"if","locations":[{"start":{"line":124,"column":4},"end":{"line":127,"column":5}},{"start":{},"end":{}}],"line":124},"4":{"loc":{"start":{"line":130,"column":4},"end":{"line":133,"column":5}},"type":"if","locations":[{"start":{"line":130,"column":4},"end":{"line":133,"column":5}},{"start":{},"end":{}}],"line":130},"5":{"loc":{"start":{"line":137,"column":4},"end":{"line":141,"column":5}},"type":"if","locations":[{"start":{"line":137,"column":4},"end":{"line":141,"column":5}},{"start":{"line":139,"column":11},"end":{"line":141,"column":5}}],"line":137},"6":{"loc":{"start":{"line":139,"column":11},"end":{"line":141,"column":5}},"type":"if","locations":[{"start":{"line":139,"column":11},"end":{"line":141,"column":5}},{"start":{},"end":{}}],"line":139},"7":{"loc":{"start":{"line":173,"column":4},"end":{"line":207,"column":5}},"type":"if","locations":[{"start":{"line":173,"column":4},"end":{"line":207,"column":5}},{"start":{},"end":{}}],"line":173},"8":{"loc":{"start":{"line":210,"column":4},"end":{"line":232,"column":5}},"type":"if","locations":[{"start":{"line":210,"column":4},"end":{"line":232,"column":5}},{"start":{},"end":{}}],"line":210},"9":{"loc":{"start":{"line":251,"column":21},"end":{"line":251,"column":40}},"type":"cond-expr","locations":[{"start":{"line":251,"column":35},"end":{"line":251,"column":36}},{"start":{"line":251,"column":39},"end":{"line":251,"column":40}}],"line":251},"10":{"loc":{"start":{"line":254,"column":4},"end":{"line":275,"column":5}},"type":"if","locations":[{"start":{"line":254,"column":4},"end":{"line":275,"column":5}},{"start":{},"end":{}}],"line":254},"11":{"loc":{"start":{"line":337,"column":2},"end":{"line":339,"column":3}},"type":"if","locations":[{"start":{"line":337,"column":2},"end":{"line":339,"column":3}},{"start":{},"end":{}}],"line":337}},"s":{"0":0,"1":0,"2":0,"3":0,"4":0,"5":0,"6":0,"7":0,"8":0,"9":0,"10":0,"11":0,"12":0,"13":0,"14":0,"15":0,"16":0,"17":0,"18":0,"19":0,"20":0,"21":0,"22":0,"23":0,"24":0,"25":0,"26":0,"27":0,"28":0,"29":0,"30":0,"31":0,"32":0,"33":0,"34":0,"35":0,"36":0,"37":0,"38":0,"39":0,"40":0,"41":0,"42":0,"43":0,"44":0,"45":0,"46":0,"47":0,"48":0,"49":0,"50":0,"51":0,"52":0,"53":0,"54":0,"55":0,"56":0,"57":0,"58":0,"59":0,"60":0,"61":0,"62":0,"63":0,"64":0,"65":0,"66":0,"67":0,"68":0,"69":0,"70":0,"71":0,"72":0,"73":0,"74":0,"75":0,"76":0,"77":0,"78":0,"79":0,"80":0,"81":0,"82":0,"83":0,"84":0,"85":0,"86":0,"87":0,"88":0,"89":0,"90":0,"91":0,"92":0,"93":0,"94":0,"95":0,"96":0,"97":0,"98":0,"99":0,"100":0,"101":0,"102":0,"103":0,"104":0,"105":0,"106":0,"107":0,"108":0,"109":0,"110":0,"111":0,"112":0,"113":0,"114":0,"115":0,"116":0,"117":0,"118":0,"119":0,"120":0,"121":0,"122":0,"123":0,"124":0,"125":0,"126":0,"127":0},"f":{"0":0,"1":0,"2":0,"3":0,"4":0,"5":0,"6":0,"7":0,"8":0,"9":0},"b":{"0":[0,0],"1":[0,0],"2":[0],"3":[0,0],"4":[0,0],"5":[0,0],"6":[0,0],"7":[0,0],"8":[0,0],"9":[0,0],"10":[0,0],"11":[0,0]}}
,"C:\\APLICATIVO DE TEA\\frontend\\src\\store\\gameStore.js": {"path":"C:\\APLICATIVO DE TEA\\frontend\\src\\store\\gameStore.js","statementMap":{"0":{"start":{"line":4,"column":21},"end":{"line":76,"column":3}},"1":{"start":{"line":4,"column":43},"end":{"line":76,"column":1}},"2":{"start":{"line":7,"column":21},"end":{"line":7,"column":34}},"3":{"start":{"line":13,"column":21},"end":{"line":13,"column":76}},"4":{"start":{"line":13,"column":37},"end":{"line":13,"column":74}},"5":{"start":{"line":14,"column":21},"end":{"line":14,"column":76}},"6":{"start":{"line":14,"column":37},"end":{"line":14,"column":74}},"7":{"start":{"line":15,"column":25},"end":{"line":15,"column":40}},"8":{"start":{"line":21,"column":25},"end":{"line":29,"column":4}},"9":{"start":{"line":22,"column":19},"end":{"line":22,"column":44}},"10":{"start":{"line":23,"column":21},"end":{"line":23,"column":50}},"11":{"start":{"line":24,"column":4},"end":{"line":28,"column":6}},"12":{"start":{"line":33,"column":38},"end":{"line":35,"column":5}},"13":{"start":{"line":33,"column":54},"end":{"line":35,"column":3}},"14":{"start":{"line":44,"column":38},"end":{"line":53,"column":5}},"15":{"start":{"line":44,"column":54},"end":{"line":53,"column":3}},"16":{"start":{"line":60,"column":22},"end":{"line":60,"column":65}},"17":{"start":{"line":61,"column":25},"end":{"line":61,"column":61}},"18":{"start":{"line":62,"column":29},"end":{"line":62,"column":86}},"19":{"start":{"line":62,"column":57},"end":{"line":62,"column":62}},"20":{"start":{"line":64,"column":21},"end":{"line":64,"column":58}},"21":{"start":{"line":65,"column":6},"end":{"line":65,"column":70}},"22":{"start":{"line":65,"column":32},"end":{"line":65,"column":70}},"23":{"start":{"line":66,"column":6},"end":{"line":66,"column":69}},"24":{"start":{"line":66,"column":32},"end":{"line":66,"column":69}},"25":{"start":{"line":68,"column":6},"end":{"line":73,"column":9}}},"fnMap":{"0":{"name":"(anonymous_0)","decl":{"start":{"line":4,"column":28},"end":{"line":4,"column":29}},"loc":{"start":{"line":4,"column":43},"end":{"line":76,"column":1}},"line":4},"1":{"name":"(anonymous_1)","decl":{"start":{"line":7,"column":11},"end":{"line":7,"column":12}},"loc":{"start":{"line":7,"column":21},"end":{"line":7,"column":34}},"line":7},"2":{"name":"(anonymous_2)","decl":{"start":{"line":13,"column":15},"end":{"line":13,"column":16}},"loc":{"start":{"line":13,"column":21},"end":{"line":13,"column":76}},"line":13},"3":{"name":"(anonymous_3)","decl":{"start":{"line":13,"column":25},"end":{"line":13,"column":26}},"loc":{"start":{"line":13,"column":37},"end":{"line":13,"column":74}},"line":13},"4":{"name":"(anonymous_4)","decl":{"start":{"line":14,"column":15},"end":{"line":14,"column":16}},"loc":{"start":{"line":14,"column":21},"end":{"line":14,"column":76}},"line":14},"5":{"name":"(anonymous_5)","decl":{"start":{"line":14,"column":25},"end":{"line":14,"column":26}},"loc":{"start":{"line":14,"column":37},"end":{"line":14,"column":74}},"line":14},"6":{"name":"(anonymous_6)","decl":{"start":{"line":15,"column":13},"end":{"line":15,"column":14}},"loc":{"start":{"line":15,"column":25},"end":{"line":15,"column":40}},"line":15},"7":{"name":"(anonymous_7)","decl":{"start":{"line":21,"column":13},"end":{"line":21,"column":14}},"loc":{"start":{"line":21,"column":25},"end":{"line":29,"column":4}},"line":21},"8":{"name":"(anonymous_8)","decl":{"start":{"line":21,"column":29},"end":{"line":21,"column":30}},"loc":{"start":{"line":21,"column":40},"end":{"line":29,"column":3}},"line":21},"9":{"name":"(anonymous_9)","decl":{"start":{"line":33,"column":21},"end":{"line":33,"column":22}},"loc":{"start":{"line":33,"column":38},"end":{"line":35,"column":5}},"line":33},"10":{"name":"(anonymous_10)","decl":{"start":{"line":33,"column":42},"end":{"line":33,"column":43}},"loc":{"start":{"line":33,"column":54},"end":{"line":35,"column":3}},"line":33},"11":{"name":"(anonymous_11)","decl":{"start":{"line":44,"column":19},"end":{"line":44,"column":20}},"loc":{"start":{"line":44,"column":38},"end":{"line":53,"column":5}},"line":44},"12":{"name":"(anonymous_12)","decl":{"start":{"line":44,"column":42},"end":{"line":44,"column":43}},"loc":{"start":{"line":44,"column":54},"end":{"line":53,"column":3}},"line":44},"13":{"name":"(anonymous_13)","decl":{"start":{"line":59,"column":22},"end":{"line":59,"column":23}},"loc":{"start":{"line":59,"column":39},"end":{"line":74,"column":5}},"line":59},"14":{"name":"(anonymous_14)","decl":{"start":{"line":62,"column":47},"end":{"line":62,"column":48}},"loc":{"start":{"line":62,"column":57},"end":{"line":62,"column":62}},"line":62}},"branchMap":{"0":{"loc":{"start":{"line":50,"column":27},"end":{"line":50,"column":66}},"type":"binary-expr","locations":[{"start":{"line":50,"column":27},"end":{"line":50,"column":61}},{"start":{"line":50,"column":65},"end":{"line":50,"column":66}}],"line":50},"1":{"loc":{"start":{"line":65,"column":6},"end":{"line":65,"column":70}},"type":"if","locations":[{"start":{"line":65,"column":6},"end":{"line":65,"column":70}},{"start":{},"end":{}}],"line":65},"2":{"loc":{"start":{"line":66,"column":6},"end":{"line":66,"column":69}},"type":"if","locations":[{"start":{"line":66,"column":6},"end":{"line":66,"column":69}},{"start":{},"end":{}}],"line":66}},"s":{"0":0,"1":0,"2":0,"3":0,"4":0,"5":0,"6":0,"7":0,"8":0,"9":0,"10":0,"11":0,"12":0,"13":0,"14":0,"15":0,"16":0,"17":0,"18":0,"19":0,"20":0,"21":0,"22":0,"23":0,"24":0,"25":0},"f":{"0":0,"1":0,"2":0,"3":0,"4":0,"5":0,"6":0,"7":0,"8":0,"9":0,"10":0,"11":0,"12":0,"13":0,"14":0},"b":{"0":[0,0],"1":[0,0],"2":[0,0]}}
}
