TN:
SF:src\App.js
FN:17,App
FN:20,(anonymous_1)
FN:28,(anonymous_2)
FN:36,(anonymous_3)
FNF:4
FNH:0
FNDA:0,App
FNDA:0,(anonymous_1)
FNDA:0,(anonymous_2)
FNDA:0,(anonymous_3)
DA:18,0
DA:20,0
DA:21,0
DA:22,0
DA:23,0
DA:24,0
DA:28,0
DA:29,0
DA:30,0
DA:31,0
DA:32,0
DA:33,0
DA:36,0
DA:37,0
DA:38,0
DA:39,0
DA:42,0
LF:17
LH:0
BRDA:23,0,0,0
BRDA:23,0,1,0
BRDA:23,1,0,0
BRDA:23,1,1,0
BRDA:47,2,0,0
BRDA:47,2,1,0
BRDA:48,3,0,0
BRDA:48,3,1,0
BRDA:57,4,0,0
BRDA:57,4,1,0
BRDA:57,5,0,0
BRDA:57,5,1,0
BRDA:62,6,0,0
BRDA:62,6,1,0
BRDA:62,7,0,0
BRDA:62,7,1,0
BRDA:67,8,0,0
BRDA:67,8,1,0
BRDA:70,9,0,0
BRDA:70,9,1,0
BRDA:73,10,0,0
BRDA:73,10,1,0
BRDA:76,11,0,0
BRDA:76,11,1,0
BRDA:79,12,0,0
BRDA:79,12,1,0
BRDA:82,13,0,0
BRDA:82,13,1,0
BRDA:85,14,0,0
BRDA:85,14,1,0
BRDA:88,15,0,0
BRDA:88,15,1,0
BRF:32
BRH:0
end_of_record
TN:
SF:src\index.js
FNF:0
FNH:0
DA:6,0
DA:7,0
LF:2
LH:0
BRF:0
BRH:0
end_of_record
TN:
SF:src\features\achievements\index.js
FNF:0
FNH:0
LF:0
LH:0
BRF:0
BRH:0
end_of_record
TN:
SF:src\features\achievements\components\AchievementCard.js
FN:14,(anonymous_0)
FN:42,(anonymous_1)
FNF:2
FNH:0
FNDA:0,(anonymous_0)
FNDA:0,(anonymous_1)
DA:14,0
DA:26,0
DA:28,0
DA:35,0
DA:42,0
DA:43,0
DA:44,0
DA:45,0
DA:52,0
LF:9
LH:0
BRDA:24,0,0,0
BRDA:43,1,0,0
BRDA:43,1,1,0
BRDA:54,2,0,0
BRDA:54,2,1,0
BRDA:59,3,0,0
BRDA:59,3,1,0
BRDA:60,4,0,0
BRDA:60,4,1,0
BRDA:69,5,0,0
BRDA:69,5,1,0
BRDA:72,6,0,0
BRDA:72,6,1,0
BRDA:75,7,0,0
BRDA:75,7,1,0
BRDA:75,7,2,0
BRDA:95,8,0,0
BRDA:95,8,1,0
BRDA:95,8,2,0
BRDA:102,9,0,0
BRDA:102,9,1,0
BRF:21
BRH:0
end_of_record
TN:
SF:src\features\achievements\components\AchievementNotification.js
FN:13,(anonymous_0)
FN:16,(anonymous_1)
FN:18,(anonymous_2)
FN:23,(anonymous_3)
FN:27,(anonymous_4)
FN:30,(anonymous_5)
FN:32,(anonymous_6)
FNF:7
FNH:0
FNDA:0,(anonymous_0)
FNDA:0,(anonymous_1)
FNDA:0,(anonymous_2)
FNDA:0,(anonymous_3)
FNDA:0,(anonymous_4)
FNDA:0,(anonymous_5)
FNDA:0,(anonymous_6)
DA:13,0
DA:14,0
DA:16,0
DA:18,0
DA:19,0
DA:23,0
DA:24,0
DA:27,0
DA:30,0
DA:31,0
DA:32,0
DA:33,0
DA:37,0
DA:44,0
LF:14
LH:0
BRDA:13,0,0,0
BRDA:33,1,0,0
BRDA:33,1,1,0
BRDA:46,2,0,0
BRDA:46,2,1,0
BRDA:57,3,0,0
BRDA:57,3,1,0
BRF:7
BRH:0
end_of_record
TN:
SF:src\features\achievements\components\AchievementPanel.js
FN:17,(anonymous_0)
FN:85,(anonymous_1)
FN:89,(anonymous_2)
FN:101,(anonymous_3)
FN:102,(anonymous_4)
FN:110,(anonymous_5)
FN:111,(anonymous_6)
FN:132,(anonymous_7)
FN:136,(anonymous_8)
FNF:9
FNH:0
FNDA:0,(anonymous_0)
FNDA:0,(anonymous_1)
FNDA:0,(anonymous_2)
FNDA:0,(anonymous_3)
FNDA:0,(anonymous_4)
FNDA:0,(anonymous_5)
FNDA:0,(anonymous_6)
FNDA:0,(anonymous_7)
FNDA:0,(anonymous_8)
DA:17,0
DA:18,0
DA:19,0
DA:20,0
DA:22,0
DA:28,0
DA:30,0
DA:39,0
DA:45,0
DA:52,0
DA:86,0
DA:89,0
DA:101,0
DA:103,0
DA:110,0
DA:112,0
DA:133,0
DA:136,0
LF:18
LH:0
BRDA:23,0,0,0
BRDA:23,0,1,0
BRDA:24,1,0,0
BRDA:24,1,1,0
BRDA:24,2,0,0
BRDA:24,2,1,0
BRDA:63,3,0,0
BRDA:63,3,1,0
BRDA:63,3,2,0
BRDA:88,4,0,0
BRDA:88,4,1,0
BRDA:121,5,0,0
BRDA:121,5,1,0
BRDA:126,6,0,0
BRDA:126,6,1,0
BRF:15
BRH:0
end_of_record
TN:
SF:src\features\achievements\data\achievements\cyberRunnerAchievements.js
FN:21,(anonymous_0)
FN:34,(anonymous_1)
FN:47,(anonymous_2)
FN:60,(anonymous_3)
FN:73,(anonymous_4)
FNF:5
FNH:0
FNDA:0,(anonymous_0)
FNDA:0,(anonymous_1)
FNDA:0,(anonymous_2)
FNDA:0,(anonymous_3)
FNDA:0,(anonymous_4)
DA:10,1
DA:21,0
DA:34,0
DA:47,0
DA:60,0
DA:73,0
LF:6
LH:1
BRF:0
BRH:0
end_of_record
TN:
SF:src\features\achievements\data\achievements\echoTempleAchievements.js
FN:21,(anonymous_0)
FN:34,(anonymous_1)
FN:47,(anonymous_2)
FN:60,(anonymous_3)
FN:73,(anonymous_4)
FNF:5
FNH:0
FNDA:0,(anonymous_0)
FNDA:0,(anonymous_1)
FNDA:0,(anonymous_2)
FNDA:0,(anonymous_3)
FNDA:0,(anonymous_4)
DA:10,1
DA:21,0
DA:34,0
DA:47,0
DA:60,0
DA:73,0
LF:6
LH:1
BRF:0
BRH:0
end_of_record
TN:
SF:src\features\achievements\data\achievements\globalAchievements.js
FN:21,(anonymous_0)
FN:34,(anonymous_1)
FN:51,(anonymous_2)
FN:64,(anonymous_3)
FN:77,(anonymous_4)
FNF:5
FNH:0
FNDA:0,(anonymous_0)
FNDA:0,(anonymous_1)
FNDA:0,(anonymous_2)
FNDA:0,(anonymous_3)
FNDA:0,(anonymous_4)
DA:10,1
DA:21,0
DA:35,0
DA:51,0
DA:64,0
DA:77,0
LF:6
LH:1
BRDA:35,0,0,0
BRDA:35,0,1,0
BRDA:35,0,2,0
BRDA:35,0,3,0
BRF:4
BRH:0
end_of_record
TN:
SF:src\features\achievements\data\achievements\gravityLabAchievements.js
FN:21,(anonymous_0)
FN:34,(anonymous_1)
FN:47,(anonymous_2)
FN:60,(anonymous_3)
FN:73,(anonymous_4)
FNF:5
FNH:0
FNDA:0,(anonymous_0)
FNDA:0,(anonymous_1)
FNDA:0,(anonymous_2)
FNDA:0,(anonymous_3)
FNDA:0,(anonymous_4)
DA:10,1
DA:21,0
DA:34,0
DA:47,0
DA:60,0
DA:73,0
LF:6
LH:1
BRF:0
BRH:0
end_of_record
TN:
SF:src\features\achievements\data\achievements\index.js
FNF:0
FNH:0
LF:0
LH:0
BRF:0
BRH:0
end_of_record
TN:
SF:src\features\achievements\data\achievements\sonicJumpAchievements.js
FN:21,(anonymous_0)
FN:34,(anonymous_1)
FN:47,(anonymous_2)
FN:60,(anonymous_3)
FN:73,(anonymous_4)
FNF:5
FNH:0
FNDA:0,(anonymous_0)
FNDA:0,(anonymous_1)
FNDA:0,(anonymous_2)
FNDA:0,(anonymous_3)
FNDA:0,(anonymous_4)
DA:10,1
DA:21,0
DA:34,0
DA:47,0
DA:60,0
DA:73,0
LF:6
LH:1
BRF:0
BRH:0
end_of_record
TN:
SF:src\features\achievements\hooks\useAchievementStats.js
FN:13,(anonymous_0)
FN:19,(anonymous_1)
FN:22,(anonymous_2)
FN:39,(anonymous_3)
FNF:4
FNH:2
FNDA:6,(anonymous_0)
FNDA:3,(anonymous_1)
FNDA:0,(anonymous_2)
FNDA:0,(anonymous_3)
DA:13,1
DA:14,6
DA:15,6
DA:16,6
DA:17,6
DA:19,6
DA:20,3
DA:22,0
DA:23,0
DA:24,0
DA:25,0
DA:26,0
DA:27,0
DA:29,0
DA:30,0
DA:32,0
DA:36,0
DA:39,0
DA:40,0
DA:41,0
DA:45,0
DA:48,6
LF:22
LH:8
BRDA:20,0,0,3
BRDA:20,0,1,0
BRDA:40,1,0,0
BRDA:40,1,1,0
BRF:4
BRH:1
end_of_record
TN:
SF:src\features\achievements\hooks\useAchievementSystem.js
FN:13,(anonymous_0)
FN:14,(anonymous_1)
FN:19,(anonymous_2)
FN:20,(anonymous_3)
FN:36,(anonymous_4)
FN:44,(anonymous_5)
FN:49,(anonymous_6)
FN:54,(anonymous_7)
FN:59,(anonymous_8)
FNF:9
FNH:5
FNDA:16,(anonymous_0)
FNDA:8,(anonymous_1)
FNDA:8,(anonymous_2)
FNDA:8,(anonymous_3)
FNDA:1,(anonymous_4)
FNDA:0,(anonymous_5)
FNDA:0,(anonymous_6)
FNDA:0,(anonymous_7)
FNDA:0,(anonymous_8)
DA:13,3
DA:14,16
DA:15,16
DA:16,16
DA:17,16
DA:19,16
DA:20,8
DA:21,8
DA:22,8
DA:23,0
DA:24,0
DA:26,8
DA:27,8
DA:29,8
DA:33,8
DA:36,16
DA:37,1
DA:38,1
DA:39,1
DA:41,0
DA:44,16
DA:45,0
DA:46,0
DA:49,16
DA:50,0
DA:51,0
DA:54,16
DA:55,0
DA:56,0
DA:59,16
DA:60,0
DA:61,0
DA:64,16
LF:33
LH:22
BRDA:37,0,0,1
BRDA:37,0,1,0
BRDA:45,1,0,0
BRDA:45,1,1,0
BRDA:50,2,0,0
BRDA:50,2,1,0
BRDA:55,3,0,0
BRDA:55,3,1,0
BRDA:60,4,0,0
BRDA:60,4,1,0
BRF:10
BRH:1
end_of_record
TN:
SF:src\features\achievements\hooks\useAchievements.js
FN:13,(anonymous_0)
FN:19,(anonymous_1)
FN:22,(anonymous_2)
FN:35,(anonymous_3)
FN:39,(anonymous_4)
FN:44,(anonymous_5)
FN:46,(anonymous_6)
FN:48,(anonymous_7)
FN:64,(anonymous_8)
FNF:9
FNH:2
FNDA:4,(anonymous_0)
FNDA:2,(anonymous_1)
FNDA:0,(anonymous_2)
FNDA:0,(anonymous_3)
FNDA:0,(anonymous_4)
FNDA:0,(anonymous_5)
FNDA:0,(anonymous_6)
FNDA:0,(anonymous_7)
FNDA:0,(anonymous_8)
DA:13,1
DA:14,4
DA:15,4
DA:16,4
DA:17,4
DA:19,4
DA:20,2
DA:22,0
DA:23,0
DA:24,0
DA:25,0
DA:27,0
DA:28,0
DA:30,0
DA:34,0
DA:35,0
DA:38,0
DA:39,0
DA:43,0
DA:44,0
DA:45,0
DA:46,0
DA:47,0
DA:48,0
DA:51,0
DA:52,0
DA:54,0
DA:55,0
DA:57,0
DA:61,0
DA:64,0
DA:65,0
DA:66,0
DA:70,0
DA:73,4
LF:35
LH:8
BRDA:13,0,0,4
BRDA:20,1,0,2
BRDA:20,1,1,0
BRDA:27,2,0,0
BRDA:27,2,1,0
BRDA:34,3,0,0
BRDA:34,3,1,0
BRDA:38,4,0,0
BRDA:38,4,1,0
BRDA:43,5,0,0
BRDA:43,5,1,0
BRDA:45,6,0,0
BRDA:45,6,1,0
BRDA:46,7,0,0
BRDA:46,7,1,0
BRDA:46,8,0,0
BRDA:46,8,1,0
BRDA:47,9,0,0
BRDA:47,9,1,0
BRDA:65,10,0,0
BRDA:65,10,1,0
BRF:21
BRH:2
end_of_record
TN:
SF:src\features\achievements\services\AchievementSystem.js
FN:16,(anonymous_0)
FN:27,(anonymous_1)
FN:43,(anonymous_2)
FN:46,(anonymous_3)
FN:48,(anonymous_4)
FN:60,(anonymous_5)
FN:94,(anonymous_6)
FN:119,(anonymous_7)
FN:141,(anonymous_8)
FN:160,(anonymous_9)
FN:162,(anonymous_10)
FN:168,(anonymous_11)
FN:170,(anonymous_12)
FN:176,(anonymous_13)
FN:178,(anonymous_14)
FN:185,(anonymous_15)
FN:187,(anonymous_16)
FN:188,(anonymous_17)
FN:189,(anonymous_18)
FN:190,(anonymous_19)
FN:198,(anonymous_20)
FN:200,(anonymous_21)
FN:206,(anonymous_22)
FN:207,(anonymous_23)
FN:219,(anonymous_24)
FN:228,(anonymous_25)
FNF:26
FNH:26
FNDA:38,(anonymous_0)
FNDA:25,(anonymous_1)
FNDA:41,(anonymous_2)
FNDA:205,(anonymous_3)
FNDA:1025,(anonymous_4)
FNDA:3,(anonymous_5)
FNDA:3,(anonymous_6)
FNDA:2,(anonymous_7)
FNDA:13,(anonymous_8)
FNDA:3,(anonymous_9)
FNDA:75,(anonymous_10)
FNDA:2,(anonymous_11)
FNDA:50,(anonymous_12)
FNDA:4,(anonymous_13)
FNDA:100,(anonymous_14)
FNDA:25,(anonymous_15)
FNDA:25,(anonymous_16)
FNDA:25,(anonymous_17)
FNDA:25,(anonymous_18)
FNDA:25,(anonymous_19)
FNDA:10,(anonymous_20)
FNDA:1,(anonymous_21)
FNDA:5,(anonymous_22)
FNDA:8,(anonymous_23)
FNDA:2,(anonymous_24)
FNDA:2,(anonymous_25)
DA:17,38
DA:18,38
DA:19,38
DA:20,38
DA:21,38
DA:28,25
DA:30,24
DA:31,24
DA:32,23
DA:33,23
DA:35,1
DA:36,1
DA:44,41
DA:46,41
DA:47,205
DA:48,205
DA:49,1025
DA:54,41
DA:61,3
DA:62,1
DA:63,1
DA:66,2
DA:67,2
DA:70,2
DA:71,50
DA:72,0
DA:73,0
DA:74,0
DA:80,2
DA:81,0
DA:84,2
DA:86,0
DA:87,0
DA:96,3
DA:97,3
DA:100,2
DA:102,2
DA:103,1
DA:104,1
DA:108,1
DA:109,0
DA:110,0
DA:113,1
DA:120,2
DA:123,2
DA:126,2
DA:135,2
DA:142,13
DA:144,13
DA:145,325
DA:146,325
DA:154,13
DA:161,3
DA:162,75
DA:169,2
DA:170,50
DA:177,4
DA:178,100
DA:180,4
DA:185,25
DA:187,25
DA:188,25
DA:189,25
DA:190,25
DA:199,10
DA:200,10
DA:207,5
DA:208,8
DA:209,8
DA:211,2
DA:220,2
DA:221,2
DA:226,1
DA:228,1
DA:229,2
DA:230,1
DA:232,2
LF:77
LH:69
BRDA:28,0,0,1
BRDA:28,0,1,24
BRDA:47,1,0,205
BRDA:47,1,1,0
BRDA:60,2,0,0
BRDA:61,3,0,1
BRDA:61,3,1,2
BRDA:71,4,0,0
BRDA:71,4,1,50
BRDA:73,5,0,0
BRDA:73,5,1,0
BRDA:80,6,0,0
BRDA:80,6,1,2
BRDA:97,7,0,1
BRDA:97,7,1,2
BRDA:102,8,0,1
BRDA:102,8,1,1
BRDA:108,9,0,0
BRDA:108,9,1,1
BRDA:148,10,0,325
BRDA:148,10,1,250
BRDA:149,11,0,325
BRDA:149,11,1,292
BRDA:150,12,0,325
BRDA:150,12,1,325
BRDA:185,13,0,25
BRDA:185,13,1,0
BRDA:229,14,0,1
BRDA:229,14,1,1
BRF:29
BRH:21
end_of_record
TN:
SF:src\features\achievements\services\NotificationManager.js
FN:14,(anonymous_0)
FN:24,(anonymous_1)
FN:42,(anonymous_2)
FN:52,(anonymous_3)
FN:73,(anonymous_4)
FN:100,(anonymous_5)
FN:150,(anonymous_6)
FN:153,(anonymous_7)
FN:166,(anonymous_8)
FN:186,(anonymous_9)
FN:187,(anonymous_10)
FN:193,(anonymous_11)
FN:206,(anonymous_12)
FNF:13
FNH:3
FNDA:5,(anonymous_0)
FNDA:1,(anonymous_1)
FNDA:3,(anonymous_2)
FNDA:0,(anonymous_3)
FNDA:0,(anonymous_4)
FNDA:0,(anonymous_5)
FNDA:0,(anonymous_6)
FNDA:0,(anonymous_7)
FNDA:0,(anonymous_8)
FNDA:0,(anonymous_9)
FNDA:0,(anonymous_10)
FNDA:0,(anonymous_11)
FNDA:0,(anonymous_12)
DA:15,5
DA:16,5
DA:17,5
DA:18,5
DA:25,1
DA:27,1
DA:28,1
DA:29,1
DA:36,1
DA:43,3
DA:44,3
DA:45,3
DA:53,0
DA:54,0
DA:55,0
DA:58,0
DA:59,0
DA:62,0
DA:65,0
DA:66,0
DA:67,0
DA:70,0
DA:73,0
DA:74,0
DA:75,0
DA:79,0
DA:81,0
DA:82,0
DA:84,0
DA:87,0
DA:88,0
DA:91,0
DA:94,0
DA:101,0
DA:102,0
DA:103,0
DA:120,0
DA:127,0
DA:129,0
DA:150,0
DA:151,0
DA:152,0
DA:153,0
DA:154,0
DA:155,0
DA:160,0
DA:167,0
DA:168,0
DA:175,0
DA:176,0
DA:177,0
DA:179,0
DA:187,0
DA:194,0
DA:195,0
DA:196,0
DA:198,0
DA:199,0
DA:204,1
DA:206,1
DA:207,0
DA:208,0
DA:210,0
LF:63
LH:14
BRDA:25,0,0,0
BRDA:25,0,1,1
BRDA:44,1,0,3
BRDA:44,1,1,0
BRDA:53,2,0,0
BRDA:53,2,1,0
BRDA:87,3,0,0
BRDA:87,3,1,0
BRDA:127,4,0,0
BRDA:127,4,1,0
BRDA:154,5,0,0
BRDA:154,5,1,0
BRDA:175,6,0,0
BRDA:175,6,1,0
BRDA:195,7,0,0
BRDA:195,7,1,0
BRDA:195,8,0,0
BRDA:195,8,1,0
BRDA:207,9,0,0
BRDA:207,9,1,0
BRF:20
BRH:2
end_of_record
TN:
SF:src\features\achievements\services\StorageManager.js
FN:16,(anonymous_0)
FN:27,(anonymous_1)
FN:49,(anonymous_2)
FN:69,(anonymous_3)
FN:95,(anonymous_4)
FN:128,(anonymous_5)
FN:137,(anonymous_6)
FN:171,(anonymous_7)
FN:207,(anonymous_8)
FN:240,(anonymous_9)
FN:256,(anonymous_10)
FN:292,(anonymous_11)
FN:304,(anonymous_12)
FN:312,(anonymous_13)
FN:321,(anonymous_14)
FNF:15
FNH:9
FNDA:12,(anonymous_0)
FNDA:1,(anonymous_1)
FNDA:1,(anonymous_2)
FNDA:0,(anonymous_3)
FNDA:1,(anonymous_4)
FNDA:0,(anonymous_5)
FNDA:6,(anonymous_6)
FNDA:6,(anonymous_7)
FNDA:1,(anonymous_8)
FNDA:1,(anonymous_9)
FNDA:9,(anonymous_10)
FNDA:0,(anonymous_11)
FNDA:0,(anonymous_12)
FNDA:0,(anonymous_13)
FNDA:0,(anonymous_14)
DA:17,12
DA:18,12
DA:19,12
DA:20,12
DA:28,1
DA:30,1
DA:32,1
DA:33,0
DA:36,1
DA:37,1
DA:39,0
DA:40,0
DA:50,1
DA:51,1
DA:52,1
DA:53,1
DA:56,0
DA:58,0
DA:59,0
DA:70,0
DA:71,0
DA:73,0
DA:74,0
DA:77,0
DA:82,0
DA:84,0
DA:85,0
DA:96,1
DA:97,1
DA:99,1
DA:100,0
DA:103,1
DA:104,0
DA:107,1
DA:113,1
DA:114,1
DA:117,1
DA:119,0
DA:120,0
DA:129,0
DA:138,6
DA:140,6
DA:141,1
DA:142,1
DA:145,5
DA:152,5
DA:153,5
DA:154,5
DA:156,0
DA:159,0
DA:160,0
DA:163,0
DA:172,6
DA:173,6
DA:175,6
DA:176,4
DA:177,4
DA:180,2
DA:183,2
DA:184,0
DA:185,0
DA:188,2
DA:189,2
DA:191,0
DA:194,0
DA:195,0
DA:196,0
DA:199,0
DA:208,1
DA:209,1
DA:211,1
DA:212,0
DA:213,0
DA:216,1
DA:231,0
DA:232,0
DA:241,1
DA:242,1
DA:243,1
DA:244,1
DA:246,0
DA:247,0
DA:257,9
DA:259,9
DA:260,3
DA:261,3
DA:265,6
DA:266,0
DA:267,0
DA:270,6
DA:271,0
DA:272,0
DA:275,6
DA:276,0
DA:277,0
DA:280,6
DA:282,0
DA:283,0
DA:293,0
DA:297,0
DA:305,0
DA:313,0
DA:314,0
DA:322,0
DA:323,0
DA:324,0
DA:326,0
DA:327,0
DA:329,0
LF:109
LH:54
BRDA:16,0,0,0
BRDA:28,1,0,0
BRDA:28,1,1,1
BRDA:32,2,0,0
BRDA:32,2,1,1
BRDA:52,3,0,1
BRDA:52,3,1,0
BRDA:52,4,0,1
BRDA:52,4,1,0
BRDA:56,5,0,0
BRDA:56,5,1,0
BRDA:71,6,0,0
BRDA:71,6,1,0
BRDA:73,7,0,0
BRDA:73,7,1,0
BRDA:97,8,0,1
BRDA:97,8,1,1
BRDA:99,9,0,0
BRDA:99,9,1,1
BRDA:103,10,0,0
BRDA:103,10,1,1
BRDA:113,11,0,1
BRDA:113,11,1,0
BRDA:140,12,0,1
BRDA:140,12,1,5
BRDA:159,13,0,0
BRDA:159,13,1,0
BRDA:175,14,0,4
BRDA:175,14,1,2
BRDA:183,15,0,0
BRDA:183,15,1,2
BRDA:194,16,0,0
BRDA:194,16,1,0
BRDA:211,17,0,0
BRDA:211,17,1,1
BRDA:259,18,0,3
BRDA:259,18,1,6
BRDA:259,19,0,9
BRDA:259,19,1,7
BRDA:265,20,0,0
BRDA:265,20,1,6
BRDA:265,21,0,6
BRDA:265,21,1,6
BRDA:270,22,0,0
BRDA:270,22,1,6
BRDA:270,23,0,6
BRDA:270,23,1,2
BRDA:275,24,0,0
BRDA:275,24,1,6
BRDA:275,25,0,6
BRDA:275,25,1,6
BRDA:297,26,0,0
BRDA:297,26,1,0
BRDA:314,27,0,0
BRDA:314,27,1,0
BRDA:324,28,0,0
BRDA:324,28,1,0
BRDA:327,29,0,0
BRDA:327,29,1,0
BRF:59
BRH:28
end_of_record
TN:
SF:src\games\CyberRunner\CyberRunner.js
FN:24,CyberRunner
FN:41,(anonymous_1)
FN:52,(anonymous_2)
FN:70,(anonymous_3)
FN:80,(anonymous_4)
FN:84,(anonymous_5)
FN:94,(anonymous_6)
FN:106,(anonymous_7)
FN:112,(anonymous_8)
FN:131,(anonymous_9)
FN:143,(anonymous_10)
FN:144,(anonymous_11)
FN:147,(anonymous_12)
FNF:13
FNH:0
FNDA:0,CyberRunner
FNDA:0,(anonymous_1)
FNDA:0,(anonymous_2)
FNDA:0,(anonymous_3)
FNDA:0,(anonymous_4)
FNDA:0,(anonymous_5)
FNDA:0,(anonymous_6)
FNDA:0,(anonymous_7)
FNDA:0,(anonymous_8)
FNDA:0,(anonymous_9)
FNDA:0,(anonymous_10)
FNDA:0,(anonymous_11)
FNDA:0,(anonymous_12)
DA:25,0
DA:26,0
DA:28,0
DA:29,0
DA:30,0
DA:31,0
DA:32,0
DA:34,0
DA:41,0
DA:43,0
DA:44,0
DA:52,0
DA:54,0
DA:59,0
DA:70,0
DA:77,0
DA:79,0
DA:80,0
DA:83,0
DA:84,0
DA:85,0
DA:86,0
DA:87,0
DA:89,0
DA:94,0
DA:96,0
DA:104,0
DA:105,0
DA:106,0
DA:108,0
DA:112,0
DA:113,0
DA:115,0
DA:119,0
DA:131,0
DA:132,0
DA:133,0
DA:134,0
DA:135,0
DA:143,0
DA:144,0
DA:147,0
DA:148,0
DA:151,0
LF:44
LH:0
BRDA:43,0,0,0
BRDA:43,0,1,0
BRDA:54,1,0,0
BRDA:54,1,1,0
BRDA:54,1,2,0
BRDA:54,1,3,0
BRDA:71,2,0,0
BRDA:71,2,1,0
BRDA:72,3,0,0
BRDA:72,3,1,0
BRDA:77,4,0,0
BRDA:77,4,1,0
BRDA:86,5,0,0
BRDA:86,5,1,0
BRDA:104,6,0,0
BRDA:104,6,1,0
BRDA:115,7,0,0
BRDA:115,7,1,0
BRDA:125,8,0,0
BRDA:125,8,1,0
BRDA:144,9,0,0
BRDA:144,9,1,0
BRDA:179,10,0,0
BRDA:179,10,1,0
BRF:24
BRH:0
end_of_record
TN:
SF:src\games\CyberRunner\components\GameUI.js
FN:8,GameUI
FN:37,(anonymous_1)
FNF:2
FNH:0
FNDA:0,GameUI
FNDA:0,(anonymous_1)
DA:17,0
DA:21,0
DA:25,0
DA:38,0
LF:4
LH:0
BRDA:17,0,0,0
BRDA:17,0,1,0
BRDA:21,1,0,0
BRDA:21,1,1,0
BRDA:40,2,0,0
BRDA:40,2,1,0
BRDA:65,3,0,0
BRDA:65,3,1,0
BRDA:88,4,0,0
BRDA:88,4,1,0
BRDA:114,5,0,0
BRDA:114,5,1,0
BRDA:151,6,0,0
BRDA:151,6,1,0
BRF:14
BRH:0
end_of_record
TN:
SF:src\games\CyberRunner\components\MathPortalSystem.js
FN:9,MathPortalSystem
FN:15,(anonymous_1)
FN:22,(anonymous_2)
FN:26,(anonymous_3)
FN:29,(anonymous_4)
FN:36,(anonymous_5)
FN:88,(anonymous_6)
FN:99,(anonymous_7)
FN:119,(anonymous_8)
FN:123,(anonymous_9)
FN:135,shuffle
FNF:11
FNH:0
FNDA:0,MathPortalSystem
FNDA:0,(anonymous_1)
FNDA:0,(anonymous_2)
FNDA:0,(anonymous_3)
FNDA:0,(anonymous_4)
FNDA:0,(anonymous_5)
FNDA:0,(anonymous_6)
FNDA:0,(anonymous_7)
FNDA:0,(anonymous_8)
FNDA:0,(anonymous_9)
FNDA:0,shuffle
DA:10,0
DA:11,0
DA:12,0
DA:13,0
DA:15,0
DA:16,0
DA:17,0
DA:18,0
DA:19,0
DA:22,0
DA:23,0
DA:26,0
DA:29,0
DA:30,0
DA:31,0
DA:32,0
DA:33,0
DA:36,0
DA:37,0
DA:43,0
DA:44,0
DA:48,0
DA:50,0
DA:51,0
DA:52,0
DA:54,0
DA:55,0
DA:56,0
DA:58,0
DA:59,0
DA:60,0
DA:62,0
DA:63,0
DA:66,0
DA:68,0
DA:69,0
DA:71,0
DA:72,0
DA:74,0
DA:75,0
DA:77,0
DA:78,0
DA:79,0
DA:81,0
DA:85,0
DA:88,0
DA:90,0
DA:92,0
DA:99,0
DA:100,0
DA:101,0
DA:103,0
DA:104,0
DA:107,0
DA:109,0
DA:120,0
DA:123,0
DA:136,0
DA:137,0
DA:138,0
DA:139,0
DA:141,0
LF:62
LH:0
BRDA:16,0,0,0
BRDA:16,0,1,0
BRDA:43,1,0,0
BRDA:43,1,1,0
BRDA:48,2,0,0
BRDA:48,2,1,0
BRDA:48,2,2,0
BRDA:48,2,3,0
BRDA:66,3,0,0
BRDA:66,3,1,0
BRDA:66,3,2,0
BRDA:66,3,3,0
BRDA:66,3,4,0
BRDA:107,4,0,0
BRDA:107,4,1,0
BRDA:107,5,0,0
BRDA:107,5,1,0
BRF:17
BRH:0
end_of_record
TN:
SF:src\games\CyberRunner\components\Obstacle.js
FN:10,Obstacle
FN:18,(anonymous_1)
FNF:2
FNH:0
FNDA:0,Obstacle
FNDA:0,(anonymous_1)
DA:11,0
DA:12,0
DA:14,0
DA:15,0
DA:16,0
DA:18,0
DA:19,0
DA:22,0
DA:23,0
DA:30,0
DA:31,0
DA:32,0
DA:36,0
LF:13
LH:0
BRDA:15,0,0,0
BRDA:15,0,1,0
BRDA:16,1,0,0
BRDA:16,1,1,0
BRDA:19,2,0,0
BRDA:19,2,1,0
BRDA:30,3,0,0
BRDA:30,3,1,0
BRDA:46,4,0,0
BRDA:46,4,1,0
BRF:10
BRH:0
end_of_record
TN:
SF:src\games\CyberRunner\components\ObstacleGenerator.js
FN:9,ObstacleGenerator
FN:35,(anonymous_1)
FN:47,(anonymous_2)
FN:48,(anonymous_3)
FN:52,(anonymous_4)
FN:62,(anonymous_5)
FN:67,(anonymous_6)
FNF:7
FNH:0
FNDA:0,ObstacleGenerator
FNDA:0,(anonymous_1)
FNDA:0,(anonymous_2)
FNDA:0,(anonymous_3)
FNDA:0,(anonymous_4)
FNDA:0,(anonymous_5)
FNDA:0,(anonymous_6)
DA:10,0
DA:11,0
DA:12,0
DA:15,0
DA:33,0
DA:35,0
DA:36,0
DA:38,0
DA:41,0
DA:42,0
DA:43,0
DA:47,0
DA:48,0
DA:52,0
DA:53,0
DA:55,0
DA:62,0
DA:65,0
DA:68,0
LF:19
LH:0
BRDA:33,0,0,0
BRDA:33,0,1,0
BRDA:36,1,0,0
BRDA:36,1,1,0
BRDA:41,2,0,0
BRDA:41,2,1,0
BRDA:57,3,0,0
BRDA:57,3,1,0
BRF:8
BRH:0
end_of_record
TN:
SF:src\games\CyberRunner\components\PlayerCharacter.js
FN:10,PlayerCharacter
FN:19,(anonymous_1)
FN:31,(anonymous_2)
FN:40,(anonymous_3)
FN:43,(anonymous_4)
FN:49,(anonymous_5)
FN:52,(anonymous_6)
FN:63,(anonymous_7)
FNF:8
FNH:0
FNDA:0,PlayerCharacter
FNDA:0,(anonymous_1)
FNDA:0,(anonymous_2)
FNDA:0,(anonymous_3)
FNDA:0,(anonymous_4)
FNDA:0,(anonymous_5)
FNDA:0,(anonymous_6)
FNDA:0,(anonymous_7)
DA:11,0
DA:12,0
DA:13,0
DA:14,0
DA:16,0
DA:19,0
DA:20,0
DA:22,0
DA:23,0
DA:26,0
DA:27,0
DA:31,0
DA:32,0
DA:34,0
DA:37,0
DA:40,0
DA:43,0
DA:44,0
DA:46,0
DA:49,0
DA:52,0
DA:53,0
DA:54,0
DA:55,0
DA:57,0
DA:59,0
DA:63,0
DA:64,0
DA:67,0
DA:68,0
DA:69,0
DA:73,0
DA:75,0
LF:33
LH:0
BRDA:20,0,0,0
BRDA:20,0,1,0
BRDA:22,1,0,0
BRDA:22,1,1,0
BRDA:22,2,0,0
BRDA:22,2,1,0
BRDA:26,3,0,0
BRDA:26,3,1,0
BRDA:26,4,0,0
BRDA:26,4,1,0
BRDA:32,5,0,0
BRDA:32,5,1,0
BRDA:32,6,0,0
BRDA:32,6,1,0
BRDA:44,7,0,0
BRDA:44,7,1,0
BRDA:53,8,0,0
BRDA:53,8,1,0
BRDA:57,9,0,0
BRDA:57,9,1,0
BRDA:57,10,0,0
BRDA:57,10,1,0
BRDA:64,11,0,0
BRDA:64,11,1,0
BRDA:68,12,0,0
BRDA:68,12,1,0
BRDA:73,13,0,0
BRDA:73,13,1,0
BRDA:89,14,0,0
BRDA:89,14,1,0
BRDA:89,15,0,0
BRDA:89,15,1,0
BRDA:90,16,0,0
BRDA:90,16,1,0
BRDA:90,17,0,0
BRDA:90,17,1,0
BRDA:91,18,0,0
BRDA:91,18,1,0
BRDA:91,19,0,0
BRDA:91,19,1,0
BRF:40
BRH:0
end_of_record
TN:
SF:src\games\CyberRunner\components\RunnerTrack.js
FN:9,RunnerTrack
FN:13,(anonymous_1)
FNF:2
FNH:0
FNDA:0,RunnerTrack
FNDA:0,(anonymous_1)
DA:10,0
DA:11,0
DA:13,0
DA:14,0
DA:17,0
DA:20,0
DA:21,0
DA:25,0
LF:8
LH:0
BRDA:14,0,0,0
BRDA:14,0,1,0
BRDA:20,1,0,0
BRDA:20,1,1,0
BRF:4
BRH:0
end_of_record
TN:
SF:src\games\CyberRunner\hooks\useKeyboardControls.js
FN:7,useKeyboardControls
FN:13,(anonymous_1)
FN:14,(anonymous_2)
FN:19,(anonymous_3)
FN:23,(anonymous_4)
FN:30,(anonymous_5)
FN:34,(anonymous_6)
FN:37,(anonymous_7)
FN:47,(anonymous_8)
FNF:9
FNH:0
FNDA:0,useKeyboardControls
FNDA:0,(anonymous_1)
FNDA:0,(anonymous_2)
FNDA:0,(anonymous_3)
FNDA:0,(anonymous_4)
FNDA:0,(anonymous_5)
FNDA:0,(anonymous_6)
FNDA:0,(anonymous_7)
FNDA:0,(anonymous_8)
DA:8,0
DA:13,0
DA:14,0
DA:15,0
DA:18,0
DA:19,0
DA:20,0
DA:22,0
DA:23,0
DA:24,0
DA:26,0
DA:30,0
DA:31,0
DA:34,0
DA:35,0
DA:37,0
DA:38,0
DA:40,0
DA:44,0
DA:45,0
DA:47,0
DA:48,0
DA:49,0
DA:53,0
LF:24
LH:0
BRDA:15,0,0,0
BRDA:15,0,1,0
BRDA:15,0,2,0
BRDA:15,0,3,0
BRDA:31,1,0,0
BRDA:31,1,1,0
BRDA:31,1,2,0
BRDA:31,1,3,0
BRF:8
BRH:0
end_of_record
TN:
SF:src\games\CyberRunnerCanvas\CyberRunnerCanvas.js
FN:5,(anonymous_0)
FN:20,(anonymous_1)
FN:52,(anonymous_2)
FN:70,(anonymous_3)
FN:77,(anonymous_4)
FN:84,(anonymous_5)
FN:90,(anonymous_6)
FN:91,(anonymous_7)
FN:92,(anonymous_8)
FN:102,(anonymous_9)
FN:115,(anonymous_10)
FN:128,(anonymous_11)
FN:142,(anonymous_12)
FN:151,(anonymous_13)
FN:170,(anonymous_14)
FN:191,(anonymous_15)
FN:225,(anonymous_16)
FN:259,(anonymous_17)
FN:279,(anonymous_18)
FN:299,(anonymous_19)
FN:323,(anonymous_20)
FN:344,(anonymous_21)
FN:357,(anonymous_22)
FN:358,(anonymous_23)
FN:359,(anonymous_24)
FN:369,(anonymous_25)
FN:384,(anonymous_26)
FN:397,(anonymous_27)
FN:417,(anonymous_28)
FN:433,(anonymous_29)
FNF:30
FNH:0
FNDA:0,(anonymous_0)
FNDA:0,(anonymous_1)
FNDA:0,(anonymous_2)
FNDA:0,(anonymous_3)
FNDA:0,(anonymous_4)
FNDA:0,(anonymous_5)
FNDA:0,(anonymous_6)
FNDA:0,(anonymous_7)
FNDA:0,(anonymous_8)
FNDA:0,(anonymous_9)
FNDA:0,(anonymous_10)
FNDA:0,(anonymous_11)
FNDA:0,(anonymous_12)
FNDA:0,(anonymous_13)
FNDA:0,(anonymous_14)
FNDA:0,(anonymous_15)
FNDA:0,(anonymous_16)
FNDA:0,(anonymous_17)
FNDA:0,(anonymous_18)
FNDA:0,(anonymous_19)
FNDA:0,(anonymous_20)
FNDA:0,(anonymous_21)
FNDA:0,(anonymous_22)
FNDA:0,(anonymous_23)
FNDA:0,(anonymous_24)
FNDA:0,(anonymous_25)
FNDA:0,(anonymous_26)
FNDA:0,(anonymous_27)
FNDA:0,(anonymous_28)
FNDA:0,(anonymous_29)
DA:5,0
DA:6,0
DA:7,0
DA:8,0
DA:9,0
DA:10,0
DA:11,0
DA:12,0
DA:13,0
DA:14,0
DA:15,0
DA:16,0
DA:17,0
DA:18,0
DA:20,0
DA:21,0
DA:22,0
DA:24,0
DA:25,0
DA:26,0
DA:29,0
DA:49,0
DA:52,0
DA:53,0
DA:55,0
DA:56,0
DA:57,0
DA:58,0
DA:59,0
DA:60,0
DA:61,0
DA:62,0
DA:63,0
DA:65,0
DA:66,0
DA:70,0
DA:71,0
DA:72,0
DA:73,0
DA:77,0
DA:78,0
DA:80,0
DA:81,0
DA:82,0
DA:84,0
DA:85,0
DA:87,0
DA:89,0
DA:90,0
DA:91,0
DA:92,0
DA:93,0
DA:95,0
DA:99,0
DA:102,0
DA:105,0
DA:110,0
DA:111,0
DA:112,0
DA:115,0
DA:116,0
DA:117,0
DA:125,0
DA:128,0
DA:129,0
DA:130,0
DA:131,0
DA:132,0
DA:135,0
DA:136,0
DA:137,0
DA:139,0
DA:140,0
DA:142,0
DA:144,0
DA:151,0
DA:152,0
DA:153,0
DA:154,0
DA:155,0
DA:156,0
DA:157,0
DA:158,0
DA:159,0
DA:160,0
DA:161,0
DA:162,0
DA:163,0
DA:164,0
DA:167,0
DA:170,0
DA:171,0
DA:172,0
DA:174,0
DA:175,0
DA:176,0
DA:177,0
DA:179,0
DA:180,0
DA:181,0
DA:183,0
DA:184,0
DA:185,0
DA:186,0
DA:187,0
DA:188,0
DA:191,0
DA:193,0
DA:194,0
DA:197,0
DA:198,0
DA:199,0
DA:200,0
DA:201,0
DA:202,0
DA:203,0
DA:205,0
DA:206,0
DA:207,0
DA:208,0
DA:209,0
DA:213,0
DA:214,0
DA:217,0
DA:218,0
DA:219,0
DA:220,0
DA:221,0
DA:222,0
DA:225,0
DA:226,0
DA:227,0
DA:228,0
DA:229,0
DA:231,0
DA:232,0
DA:233,0
DA:234,0
DA:238,0
DA:239,0
DA:240,0
DA:241,0
DA:243,0
DA:244,0
DA:245,0
DA:247,0
DA:248,0
DA:249,0
DA:250,0
DA:251,0
DA:254,0
DA:255,0
DA:259,0
DA:261,0
DA:262,0
DA:265,0
DA:266,0
DA:267,0
DA:268,0
DA:269,0
DA:272,0
DA:273,0
DA:274,0
DA:275,0
DA:278,0
DA:279,0
DA:280,0
DA:281,0
DA:282,0
DA:283,0
DA:285,0
DA:286,0
DA:287,0
DA:288,0
DA:289,0
DA:291,0
DA:292,0
DA:293,0
DA:295,0
DA:299,0
DA:300,0
DA:301,0
DA:303,0
DA:304,0
DA:305,0
DA:306,0
DA:308,0
DA:309,0
DA:310,0
DA:311,0
DA:313,0
DA:314,0
DA:315,0
DA:316,0
DA:317,0
DA:318,0
DA:319,0
DA:320,0
DA:323,0
DA:324,0
DA:326,0
DA:327,0
DA:328,0
DA:330,0
DA:331,0
DA:332,0
DA:333,0
DA:338,0
DA:339,0
DA:340,0
DA:344,0
DA:345,0
DA:348,0
DA:353,0
DA:356,0
DA:357,0
DA:358,0
DA:359,0
DA:360,0
DA:362,0
DA:366,0
DA:369,0
DA:370,0
DA:371,0
DA:372,0
DA:374,0
DA:382,0
DA:384,0
DA:387,0
DA:391,0
DA:392,0
DA:397,0
DA:398,0
DA:400,0
DA:401,0
DA:406,0
DA:410,0
DA:411,0
DA:412,0
DA:417,0
DA:418,0
DA:420,0
DA:421,0
DA:422,0
DA:423,0
DA:424,0
DA:425,0
DA:428,0
DA:431,0
DA:433,0
DA:434,0
DA:435,0
DA:436,0
DA:437,0
DA:438,0
DA:443,0
LF:256
LH:0
BRDA:22,0,0,0
BRDA:22,0,1,0
BRDA:55,1,0,0
BRDA:55,1,1,0
BRDA:55,2,0,0
BRDA:55,2,1,0
BRDA:58,3,0,0
BRDA:58,3,1,0
BRDA:59,4,0,0
BRDA:59,4,1,0
BRDA:59,5,0,0
BRDA:59,5,1,0
BRDA:59,5,2,0
BRDA:62,6,0,0
BRDA:62,6,1,0
BRDA:62,7,0,0
BRDA:62,7,1,0
BRDA:65,8,0,0
BRDA:65,8,1,0
BRDA:65,9,0,0
BRDA:65,9,1,0
BRDA:72,10,0,0
BRDA:72,10,1,0
BRDA:78,11,0,0
BRDA:78,11,1,0
BRDA:85,12,0,0
BRDA:85,12,1,0
BRDA:85,13,0,0
BRDA:85,13,1,0
BRDA:85,13,2,0
BRDA:85,13,3,0
BRDA:89,14,0,0
BRDA:89,14,1,0
BRDA:116,15,0,0
BRDA:116,15,1,0
BRDA:119,16,0,0
BRDA:119,16,1,0
BRDA:121,17,0,0
BRDA:121,17,1,0
BRDA:123,18,0,0
BRDA:123,18,1,0
BRDA:135,19,0,0
BRDA:135,19,1,0
BRDA:136,20,0,0
BRDA:136,20,1,0
BRDA:217,21,0,0
BRDA:217,21,1,0
BRDA:218,22,0,0
BRDA:218,22,1,0
BRDA:218,23,0,0
BRDA:218,23,1,0
BRDA:234,24,0,0
BRDA:234,24,1,0
BRDA:250,25,0,0
BRDA:250,25,1,0
BRDA:254,26,0,0
BRDA:254,26,1,0
BRDA:311,27,0,0
BRDA:311,27,1,0
BRDA:324,28,0,0
BRDA:324,28,1,0
BRDA:326,29,0,0
BRDA:326,29,1,0
BRDA:330,30,0,0
BRDA:330,30,1,0
BRDA:338,31,0,0
BRDA:338,31,1,0
BRDA:338,32,0,0
BRDA:338,32,1,0
BRDA:348,33,0,0
BRDA:348,33,1,0
BRDA:348,34,0,0
BRDA:348,34,1,0
BRDA:348,34,2,0
BRDA:348,34,3,0
BRDA:353,35,0,0
BRDA:353,35,1,0
BRDA:353,35,2,0
BRDA:353,35,3,0
BRDA:356,36,0,0
BRDA:356,36,1,0
BRDA:371,37,0,0
BRDA:371,37,1,0
BRDA:391,38,0,0
BRDA:391,38,1,0
BRDA:400,39,0,0
BRDA:400,39,1,0
BRDA:410,40,0,0
BRDA:410,40,1,0
BRDA:410,41,0,0
BRDA:410,41,1,0
BRDA:420,42,0,0
BRDA:420,42,1,0
BRDA:422,43,0,0
BRDA:422,43,1,0
BRDA:424,44,0,0
BRDA:424,44,1,0
BRDA:437,45,0,0
BRDA:437,45,1,0
BRF:99
BRH:0
end_of_record
TN:
SF:src\games\CyberRunnerCanvas\CyberRunnerEnhanced.js
FN:7,(anonymous_0)
FN:22,(anonymous_1)
FN:77,(anonymous_2)
FN:88,(anonymous_3)
FN:100,(anonymous_4)
FN:113,(anonymous_5)
FN:113,(anonymous_6)
FN:121,(anonymous_7)
FN:132,(anonymous_8)
FN:140,(anonymous_9)
FN:151,(anonymous_10)
FN:160,(anonymous_11)
FN:213,(anonymous_12)
FN:227,(anonymous_13)
FN:254,(anonymous_14)
FN:269,(anonymous_15)
FN:276,(anonymous_16)
FN:294,(anonymous_17)
FN:301,(anonymous_18)
FN:314,(anonymous_19)
FN:338,(anonymous_20)
FN:342,(anonymous_21)
FN:343,(anonymous_22)
FN:344,(anonymous_23)
FN:348,(anonymous_24)
FN:366,(anonymous_25)
FN:392,(anonymous_26)
FN:424,(anonymous_27)
FN:460,(anonymous_28)
FN:464,(anonymous_29)
FN:465,(anonymous_30)
FN:466,(anonymous_31)
FN:470,(anonymous_32)
FN:478,(anonymous_33)
FN:491,(anonymous_34)
FN:505,(anonymous_35)
FN:506,(anonymous_36)
FN:509,(anonymous_37)
FN:513,(anonymous_38)
FN:526,(anonymous_39)
FN:559,(anonymous_40)
FN:569,(anonymous_41)
FN:597,(anonymous_42)
FN:626,(anonymous_43)
FN:643,(anonymous_44)
FN:646,(anonymous_45)
FN:688,(anonymous_46)
FN:703,(anonymous_47)
FN:730,(anonymous_48)
FN:754,(anonymous_49)
FN:762,(anonymous_50)
FN:773,(anonymous_51)
FN:788,(anonymous_52)
FNF:53
FNH:0
FNDA:0,(anonymous_0)
FNDA:0,(anonymous_1)
FNDA:0,(anonymous_2)
FNDA:0,(anonymous_3)
FNDA:0,(anonymous_4)
FNDA:0,(anonymous_5)
FNDA:0,(anonymous_6)
FNDA:0,(anonymous_7)
FNDA:0,(anonymous_8)
FNDA:0,(anonymous_9)
FNDA:0,(anonymous_10)
FNDA:0,(anonymous_11)
FNDA:0,(anonymous_12)
FNDA:0,(anonymous_13)
FNDA:0,(anonymous_14)
FNDA:0,(anonymous_15)
FNDA:0,(anonymous_16)
FNDA:0,(anonymous_17)
FNDA:0,(anonymous_18)
FNDA:0,(anonymous_19)
FNDA:0,(anonymous_20)
FNDA:0,(anonymous_21)
FNDA:0,(anonymous_22)
FNDA:0,(anonymous_23)
FNDA:0,(anonymous_24)
FNDA:0,(anonymous_25)
FNDA:0,(anonymous_26)
FNDA:0,(anonymous_27)
FNDA:0,(anonymous_28)
FNDA:0,(anonymous_29)
FNDA:0,(anonymous_30)
FNDA:0,(anonymous_31)
FNDA:0,(anonymous_32)
FNDA:0,(anonymous_33)
FNDA:0,(anonymous_34)
FNDA:0,(anonymous_35)
FNDA:0,(anonymous_36)
FNDA:0,(anonymous_37)
FNDA:0,(anonymous_38)
FNDA:0,(anonymous_39)
FNDA:0,(anonymous_40)
FNDA:0,(anonymous_41)
FNDA:0,(anonymous_42)
FNDA:0,(anonymous_43)
FNDA:0,(anonymous_44)
FNDA:0,(anonymous_45)
FNDA:0,(anonymous_46)
FNDA:0,(anonymous_47)
FNDA:0,(anonymous_48)
FNDA:0,(anonymous_49)
FNDA:0,(anonymous_50)
FNDA:0,(anonymous_51)
FNDA:0,(anonymous_52)
DA:7,0
DA:8,0
DA:9,0
DA:10,0
DA:11,0
DA:12,0
DA:13,0
DA:14,0
DA:15,0
DA:16,0
DA:17,0
DA:18,0
DA:19,0
DA:20,0
DA:22,0
DA:23,0
DA:24,0
DA:26,0
DA:27,0
DA:28,0
DA:31,0
DA:32,0
DA:33,0
DA:36,0
DA:37,0
DA:39,0
DA:42,0
DA:70,0
DA:73,0
DA:78,0
DA:79,0
DA:80,0
DA:81,0
DA:83,0
DA:84,0
DA:85,0
DA:86,0
DA:87,0
DA:88,0
DA:89,0
DA:101,0
DA:107,0
DA:108,0
DA:109,0
DA:113,0
DA:122,0
DA:128,0
DA:129,0
DA:132,0
DA:141,0
DA:142,0
DA:143,0
DA:144,0
DA:145,0
DA:147,0
DA:151,0
DA:160,0
DA:161,0
DA:162,0
DA:165,0
DA:166,0
DA:169,0
DA:170,0
DA:173,0
DA:174,0
DA:177,0
DA:178,0
DA:181,0
DA:182,0
DA:183,0
DA:184,0
DA:185,0
DA:189,0
DA:190,0
DA:191,0
DA:192,0
DA:195,0
DA:196,0
DA:197,0
DA:198,0
DA:202,0
DA:203,0
DA:204,0
DA:205,0
DA:208,0
DA:209,0
DA:213,0
DA:214,0
DA:215,0
DA:223,0
DA:227,0
DA:228,0
DA:229,0
DA:230,0
DA:231,0
DA:233,0
DA:234,0
DA:235,0
DA:236,0
DA:238,0
DA:241,0
DA:250,0
DA:254,0
DA:255,0
DA:256,0
DA:269,0
DA:270,0
DA:271,0
DA:272,0
DA:276,0
DA:277,0
DA:279,0
DA:280,0
DA:281,0
DA:282,0
DA:283,0
DA:284,0
DA:285,0
DA:286,0
DA:287,0
DA:289,0
DA:290,0
DA:294,0
DA:295,0
DA:296,0
DA:297,0
DA:301,0
DA:302,0
DA:303,0
DA:304,0
DA:307,0
DA:308,0
DA:309,0
DA:312,0
DA:314,0
DA:315,0
DA:317,0
DA:321,0
DA:324,0
DA:331,0
DA:332,0
DA:333,0
DA:334,0
DA:337,0
DA:338,0
DA:341,0
DA:342,0
DA:343,0
DA:344,0
DA:345,0
DA:346,0
DA:348,0
DA:349,0
DA:350,0
DA:353,0
DA:358,0
DA:359,0
DA:360,0
DA:364,0
DA:366,0
DA:367,0
DA:368,0
DA:369,0
DA:370,0
DA:371,0
DA:372,0
DA:373,0
DA:374,0
DA:375,0
DA:376,0
DA:377,0
DA:378,0
DA:379,0
DA:380,0
DA:381,0
DA:382,0
DA:383,0
DA:384,0
DA:385,0
DA:386,0
DA:389,0
DA:392,0
DA:393,0
DA:396,0
DA:397,0
DA:400,0
DA:401,0
DA:402,0
DA:404,0
DA:405,0
DA:406,0
DA:407,0
DA:412,0
DA:413,0
DA:414,0
DA:418,0
DA:419,0
DA:420,0
DA:424,0
DA:425,0
DA:428,0
DA:433,0
DA:434,0
DA:435,0
DA:436,0
DA:437,0
DA:440,0
DA:444,0
DA:447,0
DA:454,0
DA:455,0
DA:456,0
DA:459,0
DA:460,0
DA:463,0
DA:464,0
DA:465,0
DA:466,0
DA:467,0
DA:468,0
DA:470,0
DA:471,0
DA:472,0
DA:473,0
DA:475,0
DA:477,0
DA:478,0
DA:479,0
DA:482,0
DA:485,0
DA:486,0
DA:491,0
DA:492,0
DA:493,0
DA:496,0
DA:502,0
DA:504,0
DA:505,0
DA:506,0
DA:507,0
DA:508,0
DA:509,0
DA:510,0
DA:511,0
DA:512,0
DA:513,0
DA:514,0
DA:517,0
DA:520,0
DA:521,0
DA:526,0
DA:527,0
DA:528,0
DA:529,0
DA:530,0
DA:531,0
DA:536,0
DA:537,0
DA:538,0
DA:539,0
DA:544,0
DA:545,0
DA:546,0
DA:547,0
DA:548,0
DA:552,0
DA:553,0
DA:554,0
DA:555,0
DA:559,0
DA:560,0
DA:561,0
DA:562,0
DA:563,0
DA:564,0
DA:565,0
DA:569,0
DA:570,0
DA:571,0
DA:574,0
DA:575,0
DA:576,0
DA:577,0
DA:578,0
DA:579,0
DA:580,0
DA:581,0
DA:584,0
DA:585,0
DA:586,0
DA:589,0
DA:596,0
DA:597,0
DA:598,0
DA:599,0
DA:600,0
DA:601,0
DA:605,0
DA:606,0
DA:607,0
DA:608,0
DA:609,0
DA:610,0
DA:611,0
DA:612,0
DA:615,0
DA:616,0
DA:617,0
DA:618,0
DA:619,0
DA:620,0
DA:621,0
DA:622,0
DA:623,0
DA:626,0
DA:628,0
DA:631,0
DA:632,0
DA:633,0
DA:636,0
DA:637,0
DA:638,0
DA:639,0
DA:643,0
DA:646,0
DA:647,0
DA:648,0
DA:649,0
DA:650,0
DA:651,0
DA:652,0
DA:653,0
DA:656,0
DA:657,0
DA:658,0
DA:659,0
DA:660,0
DA:664,0
DA:667,0
DA:670,0
DA:671,0
DA:672,0
DA:675,0
DA:676,0
DA:677,0
DA:678,0
DA:679,0
DA:680,0
DA:681,0
DA:685,0
DA:687,0
DA:688,0
DA:689,0
DA:690,0
DA:691,0
DA:699,0
DA:703,0
DA:704,0
DA:705,0
DA:708,0
DA:709,0
DA:710,0
DA:711,0
DA:712,0
DA:713,0
DA:714,0
DA:717,0
DA:718,0
DA:720,0
DA:729,0
DA:730,0
DA:731,0
DA:732,0
DA:733,0
DA:734,0
DA:738,0
DA:739,0
DA:740,0
DA:741,0
DA:742,0
DA:744,0
DA:745,0
DA:746,0
DA:749,0
DA:750,0
DA:751,0
DA:754,0
DA:755,0
DA:756,0
DA:757,0
DA:760,0
DA:762,0
DA:763,0
DA:764,0
DA:765,0
DA:766,0
DA:767,0
DA:773,0
DA:774,0
DA:775,0
DA:776,0
DA:779,0
DA:788,0
LF:403
LH:0
BRDA:24,0,0,0
BRDA:24,0,1,0
BRDA:36,1,0,0
BRDA:36,1,1,0
BRDA:83,2,0,0
BRDA:83,2,1,0
BRDA:84,3,0,0
BRDA:84,3,1,0
BRDA:162,4,0,0
BRDA:162,4,1,0
BRDA:165,5,0,0
BRDA:165,5,1,0
BRDA:166,6,0,0
BRDA:166,6,1,0
BRDA:166,7,0,0
BRDA:166,7,1,0
BRDA:182,8,0,0
BRDA:182,8,1,0
BRDA:195,9,0,0
BRDA:195,9,1,0
BRDA:195,10,0,0
BRDA:195,10,1,0
BRDA:202,11,0,0
BRDA:202,11,1,0
BRDA:214,12,0,0
BRDA:214,12,1,0
BRDA:217,13,0,0
BRDA:217,13,1,0
BRDA:219,14,0,0
BRDA:219,14,1,0
BRDA:221,15,0,0
BRDA:221,15,1,0
BRDA:234,16,0,0
BRDA:234,16,1,0
BRDA:254,17,0,0
BRDA:279,18,0,0
BRDA:279,18,1,0
BRDA:279,19,0,0
BRDA:279,19,1,0
BRDA:282,20,0,0
BRDA:282,20,1,0
BRDA:283,21,0,0
BRDA:283,21,1,0
BRDA:283,22,0,0
BRDA:283,22,1,0
BRDA:286,23,0,0
BRDA:286,23,1,0
BRDA:289,24,0,0
BRDA:289,24,1,0
BRDA:289,25,0,0
BRDA:289,25,1,0
BRDA:296,26,0,0
BRDA:296,26,1,0
BRDA:307,27,0,0
BRDA:307,27,1,0
BRDA:307,28,0,0
BRDA:307,28,1,0
BRDA:307,28,2,0
BRDA:307,28,3,0
BRDA:307,28,4,0
BRDA:312,29,0,0
BRDA:312,29,1,0
BRDA:315,30,0,0
BRDA:315,30,1,0
BRDA:315,31,0,0
BRDA:315,31,1,0
BRDA:315,31,2,0
BRDA:315,31,3,0
BRDA:317,32,0,0
BRDA:317,32,1,0
BRDA:331,33,0,0
BRDA:331,33,1,0
BRDA:341,34,0,0
BRDA:341,34,1,0
BRDA:393,35,0,0
BRDA:393,35,1,0
BRDA:396,36,0,0
BRDA:396,36,1,0
BRDA:400,37,0,0
BRDA:400,37,1,0
BRDA:404,38,0,0
BRDA:404,38,1,0
BRDA:412,39,0,0
BRDA:412,39,1,0
BRDA:412,40,0,0
BRDA:412,40,1,0
BRDA:418,41,0,0
BRDA:418,41,1,0
BRDA:418,42,0,0
BRDA:418,42,1,0
BRDA:428,43,0,0
BRDA:428,43,1,0
BRDA:428,44,0,0
BRDA:428,44,1,0
BRDA:428,44,2,0
BRDA:428,44,3,0
BRDA:433,45,0,0
BRDA:433,45,1,0
BRDA:440,46,0,0
BRDA:440,46,1,0
BRDA:440,46,2,0
BRDA:440,46,3,0
BRDA:454,47,0,0
BRDA:454,47,1,0
BRDA:463,48,0,0
BRDA:463,48,1,0
BRDA:472,49,0,0
BRDA:472,49,1,0
BRDA:485,50,0,0
BRDA:485,50,1,0
BRDA:496,51,0,0
BRDA:496,51,1,0
BRDA:496,52,0,0
BRDA:496,52,1,0
BRDA:496,52,2,0
BRDA:496,52,3,0
BRDA:496,52,4,0
BRDA:504,53,0,0
BRDA:504,53,1,0
BRDA:508,54,0,0
BRDA:508,54,1,0
BRDA:511,55,0,0
BRDA:511,55,1,0
BRDA:520,56,0,0
BRDA:520,56,1,0
BRDA:530,57,0,0
BRDA:530,57,1,0
BRDA:536,58,0,0
BRDA:536,58,1,0
BRDA:538,59,0,0
BRDA:538,59,1,0
BRDA:545,60,0,0
BRDA:545,60,1,0
BRDA:545,61,0,0
BRDA:545,61,1,0
BRDA:553,62,0,0
BRDA:553,62,1,0
BRDA:560,63,0,0
BRDA:560,63,1,0
BRDA:562,64,0,0
BRDA:562,64,1,0
BRDA:564,65,0,0
BRDA:564,65,1,0
BRDA:631,66,0,0
BRDA:631,66,1,0
BRDA:660,67,0,0
BRDA:660,67,1,0
BRDA:671,68,0,0
BRDA:671,68,1,0
BRDA:675,69,0,0
BRDA:675,69,1,0
BRDA:685,70,0,0
BRDA:685,70,1,0
BRDA:685,71,0,0
BRDA:685,71,1,0
BRDA:718,72,0,0
BRDA:718,72,1,0
BRDA:739,73,0,0
BRDA:739,73,1,0
BRDA:740,74,0,0
BRDA:740,74,1,0
BRDA:741,75,0,0
BRDA:741,75,1,0
BRDA:766,76,0,0
BRDA:766,76,1,0
BRDA:784,77,0,0
BRDA:784,77,1,0
BRF:167
BRH:0
end_of_record
TN:
SF:src\games\CyberRunnerCanvas\adaptiveDifficulty.js
FN:8,(anonymous_0)
FN:26,(anonymous_1)
FN:51,(anonymous_2)
FN:58,(anonymous_3)
FN:59,(anonymous_4)
FN:59,(anonymous_5)
FN:62,(anonymous_6)
FN:74,(anonymous_7)
FN:126,(anonymous_8)
FN:129,(anonymous_9)
FN:130,(anonymous_10)
FN:131,(anonymous_11)
FN:139,(anonymous_12)
FN:146,(anonymous_13)
FN:163,(anonymous_14)
FNF:15
FNH:0
FNDA:0,(anonymous_0)
FNDA:0,(anonymous_1)
FNDA:0,(anonymous_2)
FNDA:0,(anonymous_3)
FNDA:0,(anonymous_4)
FNDA:0,(anonymous_5)
FNDA:0,(anonymous_6)
FNDA:0,(anonymous_7)
FNDA:0,(anonymous_8)
FNDA:0,(anonymous_9)
FNDA:0,(anonymous_10)
FNDA:0,(anonymous_11)
FNDA:0,(anonymous_12)
FNDA:0,(anonymous_13)
FNDA:0,(anonymous_14)
DA:9,0
DA:10,0
DA:11,0
DA:19,0
DA:20,0
DA:27,0
DA:35,0
DA:36,0
DA:40,0
DA:42,0
DA:45,0
DA:52,0
DA:54,0
DA:55,0
DA:58,0
DA:59,0
DA:61,0
DA:62,0
DA:65,0
DA:67,0
DA:75,0
DA:77,0
DA:78,0
DA:81,0
DA:82,0
DA:83,0
DA:84,0
DA:86,0
DA:87,0
DA:90,0
DA:91,0
DA:92,0
DA:93,0
DA:94,0
DA:96,0
DA:97,0
DA:101,0
DA:102,0
DA:105,0
DA:106,0
DA:114,0
DA:120,0
DA:127,0
DA:129,0
DA:130,0
DA:131,0
DA:133,0
DA:140,0
DA:147,0
DA:149,0
DA:164,0
DA:165,0
DA:166,0
DA:167,0
LF:54
LH:0
BRDA:35,0,0,0
BRDA:35,0,1,0
BRDA:40,1,0,0
BRDA:40,1,1,0
BRDA:40,2,0,0
BRDA:40,2,1,0
BRDA:54,3,0,0
BRDA:54,3,1,0
BRDA:61,4,0,0
BRDA:61,4,1,0
BRDA:81,5,0,0
BRDA:81,5,1,0
BRDA:81,6,0,0
BRDA:81,6,1,0
BRDA:90,7,0,0
BRDA:90,7,1,0
BRDA:90,8,0,0
BRDA:90,8,1,0
BRDA:90,8,2,0
BRDA:127,9,0,0
BRDA:127,9,1,0
BRF:21
BRH:0
end_of_record
TN:
SF:src\games\CyberRunnerCanvas\gameDrawFunctions.js
FN:3,(anonymous_0)
FN:51,(anonymous_1)
FN:102,(anonymous_2)
FN:103,(anonymous_3)
FN:111,(anonymous_4)
FN:149,(anonymous_5)
FN:185,(anonymous_6)
FNF:7
FNH:0
FNDA:0,(anonymous_0)
FNDA:0,(anonymous_1)
FNDA:0,(anonymous_2)
FNDA:0,(anonymous_3)
FNDA:0,(anonymous_4)
FNDA:0,(anonymous_5)
FNDA:0,(anonymous_6)
DA:3,0
DA:5,0
DA:6,0
DA:7,0
DA:8,0
DA:9,0
DA:12,0
DA:13,0
DA:14,0
DA:15,0
DA:16,0
DA:17,0
DA:18,0
DA:20,0
DA:21,0
DA:22,0
DA:23,0
DA:24,0
DA:28,0
DA:29,0
DA:30,0
DA:31,0
DA:32,0
DA:33,0
DA:37,0
DA:38,0
DA:41,0
DA:42,0
DA:43,0
DA:44,0
DA:45,0
DA:46,0
DA:47,0
DA:48,0
DA:51,0
DA:52,0
DA:54,0
DA:55,0
DA:56,0
DA:58,0
DA:60,0
DA:61,0
DA:62,0
DA:63,0
DA:64,0
DA:65,0
DA:66,0
DA:67,0
DA:68,0
DA:69,0
DA:70,0
DA:72,0
DA:73,0
DA:74,0
DA:75,0
DA:76,0
DA:77,0
DA:78,0
DA:79,0
DA:80,0
DA:81,0
DA:82,0
DA:84,0
DA:85,0
DA:86,0
DA:88,0
DA:89,0
DA:90,0
DA:91,0
DA:92,0
DA:93,0
DA:94,0
DA:95,0
DA:98,0
DA:99,0
DA:102,0
DA:103,0
DA:104,0
DA:105,0
DA:106,0
DA:108,0
DA:111,0
DA:113,0
DA:114,0
DA:115,0
DA:116,0
DA:119,0
DA:122,0
DA:125,0
DA:126,0
DA:127,0
DA:130,0
DA:131,0
DA:132,0
DA:135,0
DA:136,0
DA:137,0
DA:138,0
DA:142,0
DA:143,0
DA:144,0
DA:145,0
DA:149,0
DA:151,0
DA:152,0
DA:155,0
DA:156,0
DA:157,0
DA:158,0
DA:159,0
DA:162,0
DA:163,0
DA:164,0
DA:165,0
DA:168,0
DA:169,0
DA:171,0
DA:172,0
DA:173,0
DA:174,0
DA:175,0
DA:176,0
DA:177,0
DA:178,0
DA:179,0
DA:181,0
DA:185,0
DA:186,0
DA:187,0
DA:188,0
DA:189,0
DA:190,0
DA:192,0
DA:193,0
DA:194,0
DA:195,0
LF:136
LH:0
BRDA:58,0,0,0
BRDA:58,0,1,0
BRDA:70,1,0,0
BRDA:70,1,1,0
BRDA:78,2,0,0
BRDA:78,2,1,0
BRDA:81,3,0,0
BRDA:81,3,1,0
BRDA:86,4,0,0
BRDA:86,4,1,0
BRDA:135,5,0,0
BRDA:135,5,1,0
BRDA:142,6,0,0
BRDA:142,6,1,0
BRDA:165,7,0,0
BRDA:165,7,1,0
BRDA:171,8,0,0
BRDA:171,8,1,0
BRDA:176,9,0,0
BRDA:176,9,1,0
BRDA:176,10,0,0
BRDA:176,10,1,0
BRF:22
BRH:0
end_of_record
TN:
SF:src\games\EchoTemple\EchoTemple.js
FN:8,(anonymous_0)
FN:24,(anonymous_1)
FN:78,(anonymous_2)
FN:89,(anonymous_3)
FN:109,(anonymous_4)
FN:119,(anonymous_5)
FN:133,(anonymous_6)
FN:170,(anonymous_7)
FN:173,(anonymous_8)
FN:213,(anonymous_9)
FN:247,(anonymous_10)
FN:248,(anonymous_11)
FN:257,(anonymous_12)
FN:307,(anonymous_13)
FN:340,(anonymous_14)
FN:348,(anonymous_15)
FN:354,(anonymous_16)
FN:367,(anonymous_17)
FN:370,(anonymous_18)
FN:371,(anonymous_19)
FN:386,(anonymous_20)
FN:397,(anonymous_21)
FN:408,(anonymous_22)
FN:409,(anonymous_23)
FN:425,(anonymous_24)
FN:428,(anonymous_25)
FN:435,(anonymous_26)
FN:441,(anonymous_27)
FN:448,(anonymous_28)
FN:462,(anonymous_29)
FN:476,(anonymous_30)
FN:529,(anonymous_31)
FN:540,(anonymous_32)
FN:550,(anonymous_33)
FN:581,(anonymous_34)
FN:600,(anonymous_35)
FN:608,(anonymous_36)
FN:631,(anonymous_37)
FN:639,(anonymous_38)
FN:650,(anonymous_39)
FN:665,(anonymous_40)
FNF:41
FNH:0
FNDA:0,(anonymous_0)
FNDA:0,(anonymous_1)
FNDA:0,(anonymous_2)
FNDA:0,(anonymous_3)
FNDA:0,(anonymous_4)
FNDA:0,(anonymous_5)
FNDA:0,(anonymous_6)
FNDA:0,(anonymous_7)
FNDA:0,(anonymous_8)
FNDA:0,(anonymous_9)
FNDA:0,(anonymous_10)
FNDA:0,(anonymous_11)
FNDA:0,(anonymous_12)
FNDA:0,(anonymous_13)
FNDA:0,(anonymous_14)
FNDA:0,(anonymous_15)
FNDA:0,(anonymous_16)
FNDA:0,(anonymous_17)
FNDA:0,(anonymous_18)
FNDA:0,(anonymous_19)
FNDA:0,(anonymous_20)
FNDA:0,(anonymous_21)
FNDA:0,(anonymous_22)
FNDA:0,(anonymous_23)
FNDA:0,(anonymous_24)
FNDA:0,(anonymous_25)
FNDA:0,(anonymous_26)
FNDA:0,(anonymous_27)
FNDA:0,(anonymous_28)
FNDA:0,(anonymous_29)
FNDA:0,(anonymous_30)
FNDA:0,(anonymous_31)
FNDA:0,(anonymous_32)
FNDA:0,(anonymous_33)
FNDA:0,(anonymous_34)
FNDA:0,(anonymous_35)
FNDA:0,(anonymous_36)
FNDA:0,(anonymous_37)
FNDA:0,(anonymous_38)
FNDA:0,(anonymous_39)
FNDA:0,(anonymous_40)
DA:8,0
DA:9,0
DA:10,0
DA:11,0
DA:12,0
DA:13,0
DA:14,0
DA:15,0
DA:16,0
DA:17,0
DA:18,0
DA:19,0
DA:20,0
DA:21,0
DA:22,0
DA:24,0
DA:25,0
DA:26,0
DA:28,0
DA:29,0
DA:30,0
DA:33,0
DA:34,0
DA:35,0
DA:38,0
DA:69,0
DA:72,0
DA:73,0
DA:75,0
DA:78,0
DA:79,0
DA:80,0
DA:81,0
DA:85,0
DA:86,0
DA:89,0
DA:91,0
DA:92,0
DA:93,0
DA:94,0
DA:96,0
DA:98,0
DA:99,0
DA:100,0
DA:101,0
DA:104,0
DA:105,0
DA:106,0
DA:109,0
DA:119,0
DA:120,0
DA:121,0
DA:133,0
DA:134,0
DA:137,0
DA:138,0
DA:141,0
DA:142,0
DA:143,0
DA:144,0
DA:145,0
DA:149,0
DA:150,0
DA:151,0
DA:152,0
DA:155,0
DA:156,0
DA:157,0
DA:160,0
DA:161,0
DA:162,0
DA:163,0
DA:170,0
DA:171,0
DA:173,0
DA:174,0
DA:175,0
DA:177,0
DA:179,0
DA:183,0
DA:185,0
DA:186,0
DA:187,0
DA:188,0
DA:191,0
DA:192,0
DA:193,0
DA:194,0
DA:195,0
DA:197,0
DA:199,0
DA:200,0
DA:201,0
DA:203,0
DA:204,0
DA:205,0
DA:206,0
DA:213,0
DA:214,0
DA:217,0
DA:218,0
DA:219,0
DA:220,0
DA:223,0
DA:224,0
DA:225,0
DA:226,0
DA:227,0
DA:228,0
DA:231,0
DA:232,0
DA:233,0
DA:234,0
DA:235,0
DA:236,0
DA:239,0
DA:240,0
DA:241,0
DA:242,0
DA:243,0
DA:247,0
DA:248,0
DA:249,0
DA:250,0
DA:251,0
DA:253,0
DA:257,0
DA:259,0
DA:260,0
DA:261,0
DA:262,0
DA:265,0
DA:268,0
DA:273,0
DA:274,0
DA:275,0
DA:276,0
DA:279,0
DA:280,0
DA:281,0
DA:282,0
DA:283,0
DA:284,0
DA:287,0
DA:288,0
DA:289,0
DA:290,0
DA:291,0
DA:292,0
DA:293,0
DA:297,0
DA:298,0
DA:299,0
DA:300,0
DA:301,0
DA:302,0
DA:307,0
DA:308,0
DA:310,0
DA:311,0
DA:312,0
DA:313,0
DA:314,0
DA:315,0
DA:317,0
DA:318,0
DA:319,0
DA:321,0
DA:322,0
DA:323,0
DA:324,0
DA:326,0
DA:327,0
DA:328,0
DA:329,0
DA:330,0
DA:331,0
DA:333,0
DA:335,0
DA:336,0
DA:340,0
DA:341,0
DA:344,0
DA:345,0
DA:348,0
DA:349,0
DA:350,0
DA:352,0
DA:354,0
DA:355,0
DA:358,0
DA:365,0
DA:366,0
DA:367,0
DA:370,0
DA:371,0
DA:372,0
DA:375,0
DA:377,0
DA:378,0
DA:381,0
DA:383,0
DA:386,0
DA:387,0
DA:388,0
DA:393,0
DA:397,0
DA:398,0
DA:399,0
DA:400,0
DA:405,0
DA:408,0
DA:409,0
DA:410,0
DA:416,0
DA:423,0
DA:424,0
DA:425,0
DA:428,0
DA:429,0
DA:432,0
DA:435,0
DA:436,0
DA:437,0
DA:438,0
DA:439,0
DA:440,0
DA:441,0
DA:442,0
DA:448,0
DA:449,0
DA:450,0
DA:451,0
DA:452,0
DA:453,0
DA:456,0
DA:457,0
DA:458,0
DA:459,0
DA:462,0
DA:463,0
DA:464,0
DA:465,0
DA:466,0
DA:467,0
DA:470,0
DA:472,0
DA:476,0
DA:477,0
DA:480,0
DA:481,0
DA:482,0
DA:483,0
DA:485,0
DA:486,0
DA:487,0
DA:488,0
DA:490,0
DA:491,0
DA:496,0
DA:497,0
DA:500,0
DA:501,0
DA:503,0
DA:504,0
DA:506,0
DA:507,0
DA:508,0
DA:511,0
DA:512,0
DA:518,0
DA:519,0
DA:521,0
DA:522,0
DA:523,0
DA:524,0
DA:529,0
DA:530,0
DA:531,0
DA:532,0
DA:533,0
DA:534,0
DA:540,0
DA:541,0
DA:542,0
DA:543,0
DA:544,0
DA:545,0
DA:546,0
DA:550,0
DA:551,0
DA:552,0
DA:555,0
DA:556,0
DA:557,0
DA:558,0
DA:559,0
DA:560,0
DA:561,0
DA:562,0
DA:565,0
DA:566,0
DA:567,0
DA:570,0
DA:580,0
DA:581,0
DA:582,0
DA:583,0
DA:584,0
DA:585,0
DA:589,0
DA:590,0
DA:591,0
DA:592,0
DA:593,0
DA:594,0
DA:595,0
DA:596,0
DA:597,0
DA:600,0
DA:601,0
DA:602,0
DA:603,0
DA:604,0
DA:605,0
DA:608,0
DA:609,0
DA:610,0
DA:612,0
DA:613,0
DA:614,0
DA:615,0
DA:617,0
DA:618,0
DA:620,0
DA:621,0
DA:622,0
DA:623,0
DA:624,0
DA:626,0
DA:627,0
DA:631,0
DA:632,0
DA:633,0
DA:634,0
DA:637,0
DA:639,0
DA:640,0
DA:641,0
DA:642,0
DA:643,0
DA:644,0
DA:650,0
DA:651,0
DA:652,0
DA:653,0
DA:656,0
DA:665,0
LF:358
LH:0
BRDA:26,0,0,0
BRDA:26,0,1,0
BRDA:72,1,0,0
BRDA:72,1,1,0
BRDA:79,2,0,0
BRDA:79,2,1,0
BRDA:119,3,0,0
BRDA:160,4,0,0
BRDA:160,4,1,0
BRDA:160,5,0,0
BRDA:160,5,1,0
BRDA:177,6,0,0
BRDA:177,6,1,0
BRDA:177,7,0,0
BRDA:177,7,1,0
BRDA:179,8,0,0
BRDA:179,8,1,0
BRDA:179,8,2,0
BRDA:183,9,0,0
BRDA:183,9,1,0
BRDA:197,10,0,0
BRDA:197,10,1,0
BRDA:199,11,0,0
BRDA:199,11,1,0
BRDA:276,12,0,0
BRDA:276,12,1,0
BRDA:280,13,0,0
BRDA:280,13,1,0
BRDA:287,14,0,0
BRDA:287,14,1,0
BRDA:297,15,0,0
BRDA:297,15,1,0
BRDA:297,16,0,0
BRDA:297,16,1,0
BRDA:310,17,0,0
BRDA:310,17,1,0
BRDA:311,18,0,0
BRDA:311,18,1,0
BRDA:314,19,0,0
BRDA:314,19,1,0
BRDA:314,20,0,0
BRDA:314,20,1,0
BRDA:317,21,0,0
BRDA:317,21,1,0
BRDA:317,22,0,0
BRDA:317,22,1,0
BRDA:317,22,2,0
BRDA:321,23,0,0
BRDA:321,23,1,0
BRDA:321,24,0,0
BRDA:321,24,1,0
BRDA:322,25,0,0
BRDA:322,25,1,0
BRDA:322,26,0,0
BRDA:322,26,1,0
BRDA:323,27,0,0
BRDA:323,27,1,0
BRDA:323,28,0,0
BRDA:323,28,1,0
BRDA:324,29,0,0
BRDA:324,29,1,0
BRDA:324,30,0,0
BRDA:324,30,1,0
BRDA:326,31,0,0
BRDA:326,31,1,0
BRDA:326,32,0,0
BRDA:326,32,1,0
BRDA:335,33,0,0
BRDA:335,33,1,0
BRDA:335,34,0,0
BRDA:335,34,1,0
BRDA:352,35,0,0
BRDA:352,35,1,0
BRDA:352,36,0,0
BRDA:352,36,1,0
BRDA:352,36,2,0
BRDA:354,37,0,0
BRDA:354,37,1,0
BRDA:355,38,0,0
BRDA:355,38,1,0
BRDA:365,39,0,0
BRDA:365,39,1,0
BRDA:381,40,0,0
BRDA:381,40,1,0
BRDA:399,41,0,0
BRDA:399,41,1,0
BRDA:423,42,0,0
BRDA:423,42,1,0
BRDA:477,43,0,0
BRDA:477,43,1,0
BRDA:480,44,0,0
BRDA:480,44,1,0
BRDA:485,45,0,0
BRDA:485,45,1,0
BRDA:496,46,0,0
BRDA:496,46,1,0
BRDA:496,47,0,0
BRDA:496,47,1,0
BRDA:503,48,0,0
BRDA:503,48,1,0
BRDA:506,49,0,0
BRDA:506,49,1,0
BRDA:518,50,0,0
BRDA:518,50,1,0
BRDA:521,51,0,0
BRDA:521,51,1,0
BRDA:533,52,0,0
BRDA:533,52,1,0
BRDA:541,53,0,0
BRDA:541,53,1,0
BRDA:543,54,0,0
BRDA:543,54,1,0
BRDA:545,55,0,0
BRDA:545,55,1,0
BRDA:582,56,0,0
BRDA:582,56,1,0
BRDA:583,57,0,0
BRDA:583,57,1,0
BRDA:618,58,0,0
BRDA:618,58,1,0
BRDA:643,59,0,0
BRDA:643,59,1,0
BRDA:661,60,0,0
BRDA:661,60,1,0
BRF:124
BRH:0
end_of_record
TN:
SF:src\games\GravityLab\GravityLab.js
FN:8,(anonymous_0)
FN:24,(anonymous_1)
FN:77,(anonymous_2)
FN:88,(anonymous_3)
FN:114,(anonymous_4)
FN:115,(anonymous_5)
FN:129,(anonymous_6)
FN:130,(anonymous_7)
FN:146,(anonymous_8)
FN:160,(anonymous_9)
FN:192,(anonymous_10)
FN:228,(anonymous_11)
FN:273,(anonymous_12)
FN:338,(anonymous_13)
FN:339,(anonymous_14)
FN:348,(anonymous_15)
FN:399,(anonymous_16)
FN:430,(anonymous_17)
FN:439,(anonymous_18)
FN:453,(anonymous_19)
FN:464,(anonymous_20)
FN:470,(anonymous_21)
FN:492,(anonymous_22)
FN:498,(anonymous_23)
FN:499,(anonymous_24)
FN:510,(anonymous_25)
FN:515,(anonymous_26)
FN:524,(anonymous_27)
FN:525,(anonymous_28)
FN:532,(anonymous_29)
FN:533,(anonymous_30)
FN:556,(anonymous_31)
FN:559,(anonymous_32)
FN:589,(anonymous_33)
FN:604,(anonymous_34)
FN:621,(anonymous_35)
FN:642,(anonymous_36)
FN:649,(anonymous_37)
FN:660,(anonymous_38)
FN:670,(anonymous_39)
FN:694,(anonymous_40)
FN:713,(anonymous_41)
FN:723,(anonymous_42)
FN:724,(anonymous_43)
FN:727,(anonymous_44)
FN:728,(anonymous_45)
FN:731,(anonymous_46)
FN:754,(anonymous_47)
FN:762,(anonymous_48)
FN:775,(anonymous_49)
FN:790,(anonymous_50)
FNF:51
FNH:0
FNDA:0,(anonymous_0)
FNDA:0,(anonymous_1)
FNDA:0,(anonymous_2)
FNDA:0,(anonymous_3)
FNDA:0,(anonymous_4)
FNDA:0,(anonymous_5)
FNDA:0,(anonymous_6)
FNDA:0,(anonymous_7)
FNDA:0,(anonymous_8)
FNDA:0,(anonymous_9)
FNDA:0,(anonymous_10)
FNDA:0,(anonymous_11)
FNDA:0,(anonymous_12)
FNDA:0,(anonymous_13)
FNDA:0,(anonymous_14)
FNDA:0,(anonymous_15)
FNDA:0,(anonymous_16)
FNDA:0,(anonymous_17)
FNDA:0,(anonymous_18)
FNDA:0,(anonymous_19)
FNDA:0,(anonymous_20)
FNDA:0,(anonymous_21)
FNDA:0,(anonymous_22)
FNDA:0,(anonymous_23)
FNDA:0,(anonymous_24)
FNDA:0,(anonymous_25)
FNDA:0,(anonymous_26)
FNDA:0,(anonymous_27)
FNDA:0,(anonymous_28)
FNDA:0,(anonymous_29)
FNDA:0,(anonymous_30)
FNDA:0,(anonymous_31)
FNDA:0,(anonymous_32)
FNDA:0,(anonymous_33)
FNDA:0,(anonymous_34)
FNDA:0,(anonymous_35)
FNDA:0,(anonymous_36)
FNDA:0,(anonymous_37)
FNDA:0,(anonymous_38)
FNDA:0,(anonymous_39)
FNDA:0,(anonymous_40)
FNDA:0,(anonymous_41)
FNDA:0,(anonymous_42)
FNDA:0,(anonymous_43)
FNDA:0,(anonymous_44)
FNDA:0,(anonymous_45)
FNDA:0,(anonymous_46)
FNDA:0,(anonymous_47)
FNDA:0,(anonymous_48)
FNDA:0,(anonymous_49)
FNDA:0,(anonymous_50)
DA:8,0
DA:9,0
DA:10,0
DA:11,0
DA:12,0
DA:13,0
DA:14,0
DA:15,0
DA:16,0
DA:17,0
DA:18,0
DA:19,0
DA:20,0
DA:21,0
DA:22,0
DA:24,0
DA:25,0
DA:26,0
DA:28,0
DA:29,0
DA:30,0
DA:33,0
DA:34,0
DA:35,0
DA:38,0
DA:48,0
DA:68,0
DA:71,0
DA:72,0
DA:74,0
DA:77,0
DA:78,0
DA:79,0
DA:80,0
DA:84,0
DA:85,0
DA:88,0
DA:89,0
DA:90,0
DA:91,0
DA:94,0
DA:95,0
DA:96,0
DA:97,0
DA:99,0
DA:100,0
DA:101,0
DA:113,0
DA:114,0
DA:115,0
DA:116,0
DA:129,0
DA:130,0
DA:131,0
DA:146,0
DA:147,0
DA:148,0
DA:160,0
DA:162,0
DA:163,0
DA:164,0
DA:165,0
DA:166,0
DA:169,0
DA:170,0
DA:171,0
DA:172,0
DA:173,0
DA:174,0
DA:175,0
DA:177,0
DA:178,0
DA:179,0
DA:180,0
DA:181,0
DA:185,0
DA:186,0
DA:187,0
DA:188,0
DA:192,0
DA:193,0
DA:194,0
DA:195,0
DA:198,0
DA:199,0
DA:201,0
DA:202,0
DA:203,0
DA:205,0
DA:206,0
DA:207,0
DA:208,0
DA:209,0
DA:210,0
DA:211,0
DA:212,0
DA:213,0
DA:214,0
DA:215,0
DA:216,0
DA:217,0
DA:218,0
DA:219,0
DA:220,0
DA:223,0
DA:224,0
DA:228,0
DA:230,0
DA:231,0
DA:232,0
DA:233,0
DA:236,0
DA:237,0
DA:240,0
DA:241,0
DA:242,0
DA:245,0
DA:246,0
DA:247,0
DA:248,0
DA:249,0
DA:250,0
DA:251,0
DA:252,0
DA:253,0
DA:254,0
DA:255,0
DA:256,0
DA:257,0
DA:258,0
DA:259,0
DA:260,0
DA:263,0
DA:266,0
DA:267,0
DA:268,0
DA:269,0
DA:273,0
DA:274,0
DA:277,0
DA:278,0
DA:281,0
DA:282,0
DA:285,0
DA:286,0
DA:287,0
DA:288,0
DA:289,0
DA:290,0
DA:291,0
DA:292,0
DA:293,0
DA:294,0
DA:297,0
DA:298,0
DA:300,0
DA:301,0
DA:302,0
DA:303,0
DA:306,0
DA:307,0
DA:308,0
DA:309,0
DA:311,0
DA:312,0
DA:315,0
DA:316,0
DA:317,0
DA:320,0
DA:321,0
DA:324,0
DA:328,0
DA:329,0
DA:330,0
DA:333,0
DA:334,0
DA:338,0
DA:339,0
DA:340,0
DA:341,0
DA:342,0
DA:344,0
DA:348,0
DA:350,0
DA:351,0
DA:352,0
DA:353,0
DA:356,0
DA:359,0
DA:362,0
DA:363,0
DA:365,0
DA:366,0
DA:367,0
DA:368,0
DA:369,0
DA:370,0
DA:371,0
DA:374,0
DA:375,0
DA:376,0
DA:377,0
DA:378,0
DA:379,0
DA:382,0
DA:383,0
DA:384,0
DA:385,0
DA:388,0
DA:389,0
DA:390,0
DA:391,0
DA:392,0
DA:393,0
DA:394,0
DA:399,0
DA:400,0
DA:403,0
DA:404,0
DA:407,0
DA:408,0
DA:409,0
DA:410,0
DA:411,0
DA:414,0
DA:415,0
DA:416,0
DA:417,0
DA:420,0
DA:421,0
DA:423,0
DA:424,0
DA:425,0
DA:426,0
DA:430,0
DA:431,0
DA:432,0
DA:433,0
DA:435,0
DA:436,0
DA:439,0
DA:440,0
DA:441,0
DA:442,0
DA:443,0
DA:445,0
DA:446,0
DA:447,0
DA:453,0
DA:454,0
DA:455,0
DA:456,0
DA:458,0
DA:459,0
DA:460,0
DA:464,0
DA:465,0
DA:467,0
DA:468,0
DA:470,0
DA:471,0
DA:477,0
DA:480,0
DA:483,0
DA:490,0
DA:491,0
DA:492,0
DA:495,0
DA:496,0
DA:497,0
DA:498,0
DA:499,0
DA:500,0
DA:503,0
DA:506,0
DA:507,0
DA:510,0
DA:512,0
DA:515,0
DA:516,0
DA:517,0
DA:521,0
DA:524,0
DA:525,0
DA:528,0
DA:529,0
DA:531,0
DA:532,0
DA:533,0
DA:534,0
DA:535,0
DA:537,0
DA:542,0
DA:543,0
DA:547,0
DA:554,0
DA:555,0
DA:556,0
DA:559,0
DA:560,0
DA:563,0
DA:566,0
DA:567,0
DA:569,0
DA:575,0
DA:580,0
DA:581,0
DA:584,0
DA:585,0
DA:586,0
DA:589,0
DA:590,0
DA:591,0
DA:592,0
DA:593,0
DA:594,0
DA:595,0
DA:597,0
DA:598,0
DA:602,0
DA:604,0
DA:605,0
DA:606,0
DA:607,0
DA:608,0
DA:609,0
DA:610,0
DA:611,0
DA:612,0
DA:615,0
DA:617,0
DA:621,0
DA:622,0
DA:625,0
DA:626,0
DA:627,0
DA:628,0
DA:629,0
DA:634,0
DA:635,0
DA:636,0
DA:637,0
DA:642,0
DA:643,0
DA:644,0
DA:649,0
DA:650,0
DA:651,0
DA:652,0
DA:653,0
DA:654,0
DA:660,0
DA:661,0
DA:662,0
DA:663,0
DA:664,0
DA:665,0
DA:666,0
DA:670,0
DA:671,0
DA:673,0
DA:674,0
DA:675,0
DA:676,0
DA:677,0
DA:678,0
DA:679,0
DA:681,0
DA:682,0
DA:683,0
DA:685,0
DA:693,0
DA:694,0
DA:695,0
DA:696,0
DA:697,0
DA:698,0
DA:702,0
DA:703,0
DA:704,0
DA:705,0
DA:706,0
DA:707,0
DA:708,0
DA:709,0
DA:710,0
DA:713,0
DA:714,0
DA:715,0
DA:716,0
DA:717,0
DA:718,0
DA:719,0
DA:720,0
DA:723,0
DA:724,0
DA:727,0
DA:728,0
DA:731,0
DA:732,0
DA:734,0
DA:735,0
DA:736,0
DA:737,0
DA:739,0
DA:740,0
DA:742,0
DA:743,0
DA:744,0
DA:745,0
DA:746,0
DA:747,0
DA:749,0
DA:750,0
DA:754,0
DA:755,0
DA:756,0
DA:757,0
DA:760,0
DA:762,0
DA:763,0
DA:764,0
DA:765,0
DA:766,0
DA:767,0
DA:768,0
DA:769,0
DA:775,0
DA:776,0
DA:777,0
DA:778,0
DA:781,0
DA:790,0
LF:433
LH:0
BRDA:26,0,0,0
BRDA:26,0,1,0
BRDA:71,1,0,0
BRDA:71,1,1,0
BRDA:78,2,0,0
BRDA:78,2,1,0
BRDA:113,3,0,0
BRDA:113,3,1,0
BRDA:123,4,0,0
BRDA:123,4,1,0
BRDA:124,5,0,0
BRDA:124,5,1,0
BRDA:125,6,0,0
BRDA:125,6,1,0
BRDA:138,7,0,0
BRDA:138,7,1,0
BRDA:139,8,0,0
BRDA:139,8,1,0
BRDA:146,9,0,0
BRDA:205,10,0,0
BRDA:205,10,1,0
BRDA:208,11,0,0
BRDA:208,11,1,0
BRDA:213,12,0,0
BRDA:213,12,1,0
BRDA:240,13,0,0
BRDA:240,13,1,0
BRDA:245,14,0,0
BRDA:245,14,1,0
BRDA:246,15,0,0
BRDA:246,15,1,0
BRDA:248,16,0,0
BRDA:248,16,1,0
BRDA:250,17,0,0
BRDA:250,17,1,0
BRDA:254,18,0,0
BRDA:254,18,1,0
BRDA:298,19,0,0
BRDA:298,19,1,0
BRDA:309,20,0,0
BRDA:309,20,1,0
BRDA:362,21,0,0
BRDA:362,21,1,0
BRDA:363,22,0,0
BRDA:363,22,1,0
BRDA:375,23,0,0
BRDA:375,23,1,0
BRDA:388,24,0,0
BRDA:388,24,1,0
BRDA:400,25,0,0
BRDA:400,25,1,0
BRDA:423,26,0,0
BRDA:423,26,1,0
BRDA:440,27,0,0
BRDA:440,27,1,0
BRDA:445,28,0,0
BRDA:445,28,1,0
BRDA:458,29,0,0
BRDA:458,29,1,0
BRDA:458,30,0,0
BRDA:458,30,1,0
BRDA:465,31,0,0
BRDA:465,31,1,0
BRDA:465,32,0,0
BRDA:465,32,1,0
BRDA:471,33,0,0
BRDA:471,33,1,0
BRDA:471,34,0,0
BRDA:471,34,1,0
BRDA:471,34,2,0
BRDA:471,34,3,0
BRDA:477,35,0,0
BRDA:477,35,1,0
BRDA:477,35,2,0
BRDA:477,35,3,0
BRDA:480,36,0,0
BRDA:480,36,1,0
BRDA:490,37,0,0
BRDA:490,37,1,0
BRDA:510,38,0,0
BRDA:510,38,1,0
BRDA:531,39,0,0
BRDA:531,39,1,0
BRDA:531,40,0,0
BRDA:531,40,1,0
BRDA:532,41,0,0
BRDA:532,41,1,0
BRDA:554,42,0,0
BRDA:554,42,1,0
BRDA:575,43,0,0
BRDA:575,43,1,0
BRDA:575,44,0,0
BRDA:575,44,1,0
BRDA:590,45,0,0
BRDA:590,45,1,0
BRDA:591,46,0,0
BRDA:591,46,1,0
BRDA:594,47,0,0
BRDA:594,47,1,0
BRDA:594,48,0,0
BRDA:594,48,1,0
BRDA:597,49,0,0
BRDA:597,49,1,0
BRDA:597,50,0,0
BRDA:597,50,1,0
BRDA:622,51,0,0
BRDA:622,51,1,0
BRDA:625,52,0,0
BRDA:625,52,1,0
BRDA:627,53,0,0
BRDA:627,53,1,0
BRDA:634,54,0,0
BRDA:634,54,1,0
BRDA:636,55,0,0
BRDA:636,55,1,0
BRDA:643,56,0,0
BRDA:643,56,1,0
BRDA:643,57,0,0
BRDA:643,57,1,0
BRDA:653,58,0,0
BRDA:653,58,1,0
BRDA:661,59,0,0
BRDA:661,59,1,0
BRDA:663,60,0,0
BRDA:663,60,1,0
BRDA:665,61,0,0
BRDA:665,61,1,0
BRDA:695,62,0,0
BRDA:695,62,1,0
BRDA:696,63,0,0
BRDA:696,63,1,0
BRDA:740,64,0,0
BRDA:740,64,1,0
BRDA:768,65,0,0
BRDA:768,65,1,0
BRDA:786,66,0,0
BRDA:786,66,1,0
BRF:137
BRH:0
end_of_record
TN:
SF:src\games\SonicJump\SonicJump.js
FN:9,(anonymous_0)
FN:26,(anonymous_1)
FN:81,(anonymous_2)
FN:97,(anonymous_3)
FN:102,(anonymous_4)
FN:143,(anonymous_5)
FN:157,(anonymous_6)
FN:192,(anonymous_7)
FN:193,(anonymous_8)
FN:237,(anonymous_9)
FN:279,(anonymous_10)
FN:280,(anonymous_11)
FN:291,(anonymous_12)
FN:373,(anonymous_13)
FN:414,(anonymous_14)
FN:454,(anonymous_15)
FN:462,(anonymous_16)
FN:463,(anonymous_17)
FN:496,(anonymous_18)
FN:499,(anonymous_19)
FN:500,(anonymous_20)
FN:503,(anonymous_21)
FN:517,(anonymous_22)
FN:520,(anonymous_23)
FN:535,(anonymous_24)
FN:539,(anonymous_25)
FN:546,(anonymous_26)
FN:556,(anonymous_27)
FN:567,(anonymous_28)
FN:577,(anonymous_29)
FN:592,(anonymous_30)
FN:621,(anonymous_31)
FN:633,(anonymous_32)
FN:645,(anonymous_33)
FN:655,(anonymous_34)
FN:684,(anonymous_35)
FN:703,(anonymous_36)
FN:712,(anonymous_37)
FN:737,(anonymous_38)
FN:745,(anonymous_39)
FN:756,(anonymous_40)
FN:771,(anonymous_41)
FNF:42
FNH:0
FNDA:0,(anonymous_0)
FNDA:0,(anonymous_1)
FNDA:0,(anonymous_2)
FNDA:0,(anonymous_3)
FNDA:0,(anonymous_4)
FNDA:0,(anonymous_5)
FNDA:0,(anonymous_6)
FNDA:0,(anonymous_7)
FNDA:0,(anonymous_8)
FNDA:0,(anonymous_9)
FNDA:0,(anonymous_10)
FNDA:0,(anonymous_11)
FNDA:0,(anonymous_12)
FNDA:0,(anonymous_13)
FNDA:0,(anonymous_14)
FNDA:0,(anonymous_15)
FNDA:0,(anonymous_16)
FNDA:0,(anonymous_17)
FNDA:0,(anonymous_18)
FNDA:0,(anonymous_19)
FNDA:0,(anonymous_20)
FNDA:0,(anonymous_21)
FNDA:0,(anonymous_22)
FNDA:0,(anonymous_23)
FNDA:0,(anonymous_24)
FNDA:0,(anonymous_25)
FNDA:0,(anonymous_26)
FNDA:0,(anonymous_27)
FNDA:0,(anonymous_28)
FNDA:0,(anonymous_29)
FNDA:0,(anonymous_30)
FNDA:0,(anonymous_31)
FNDA:0,(anonymous_32)
FNDA:0,(anonymous_33)
FNDA:0,(anonymous_34)
FNDA:0,(anonymous_35)
FNDA:0,(anonymous_36)
FNDA:0,(anonymous_37)
FNDA:0,(anonymous_38)
FNDA:0,(anonymous_39)
FNDA:0,(anonymous_40)
FNDA:0,(anonymous_41)
DA:9,0
DA:10,0
DA:11,0
DA:12,0
DA:13,0
DA:14,0
DA:15,0
DA:16,0
DA:17,0
DA:18,0
DA:19,0
DA:20,0
DA:21,0
DA:22,0
DA:23,0
DA:24,0
DA:26,0
DA:27,0
DA:28,0
DA:30,0
DA:31,0
DA:32,0
DA:35,0
DA:36,0
DA:37,0
DA:40,0
DA:52,0
DA:72,0
DA:75,0
DA:76,0
DA:78,0
DA:81,0
DA:82,0
DA:83,0
DA:84,0
DA:86,0
DA:87,0
DA:88,0
DA:89,0
DA:93,0
DA:94,0
DA:97,0
DA:98,0
DA:101,0
DA:102,0
DA:105,0
DA:106,0
DA:108,0
DA:109,0
DA:110,0
DA:111,0
DA:113,0
DA:126,0
DA:127,0
DA:130,0
DA:131,0
DA:133,0
DA:136,0
DA:137,0
DA:138,0
DA:143,0
DA:144,0
DA:145,0
DA:157,0
DA:159,0
DA:160,0
DA:161,0
DA:162,0
DA:163,0
DA:166,0
DA:167,0
DA:168,0
DA:170,0
DA:171,0
DA:172,0
DA:173,0
DA:174,0
DA:175,0
DA:177,0
DA:181,0
DA:182,0
DA:183,0
DA:184,0
DA:185,0
DA:186,0
DA:187,0
DA:192,0
DA:193,0
DA:194,0
DA:196,0
DA:198,0
DA:199,0
DA:200,0
DA:203,0
DA:204,0
DA:205,0
DA:206,0
DA:209,0
DA:210,0
DA:211,0
DA:213,0
DA:216,0
DA:217,0
DA:218,0
DA:219,0
DA:222,0
DA:223,0
DA:226,0
DA:227,0
DA:229,0
DA:232,0
DA:237,0
DA:238,0
DA:241,0
DA:242,0
DA:243,0
DA:244,0
DA:245,0
DA:249,0
DA:250,0
DA:251,0
DA:254,0
DA:255,0
DA:256,0
DA:259,0
DA:262,0
DA:263,0
DA:264,0
DA:265,0
DA:266,0
DA:268,0
DA:271,0
DA:272,0
DA:273,0
DA:274,0
DA:275,0
DA:279,0
DA:280,0
DA:281,0
DA:282,0
DA:283,0
DA:284,0
DA:285,0
DA:287,0
DA:291,0
DA:292,0
DA:295,0
DA:296,0
DA:297,0
DA:300,0
DA:301,0
DA:302,0
DA:303,0
DA:305,0
DA:306,0
DA:307,0
DA:308,0
DA:309,0
DA:312,0
DA:313,0
DA:314,0
DA:315,0
DA:316,0
DA:317,0
DA:318,0
DA:319,0
DA:320,0
DA:321,0
DA:323,0
DA:326,0
DA:327,0
DA:328,0
DA:329,0
DA:330,0
DA:331,0
DA:332,0
DA:335,0
DA:336,0
DA:337,0
DA:340,0
DA:341,0
DA:342,0
DA:345,0
DA:346,0
DA:347,0
DA:348,0
DA:349,0
DA:350,0
DA:351,0
DA:352,0
DA:356,0
DA:357,0
DA:358,0
DA:359,0
DA:362,0
DA:363,0
DA:364,0
DA:367,0
DA:368,0
DA:369,0
DA:373,0
DA:375,0
DA:376,0
DA:377,0
DA:378,0
DA:381,0
DA:384,0
DA:385,0
DA:386,0
DA:389,0
DA:390,0
DA:391,0
DA:392,0
DA:393,0
DA:396,0
DA:397,0
DA:398,0
DA:399,0
DA:403,0
DA:404,0
DA:405,0
DA:406,0
DA:407,0
DA:408,0
DA:409,0
DA:414,0
DA:415,0
DA:417,0
DA:418,0
DA:419,0
DA:420,0
DA:421,0
DA:422,0
DA:424,0
DA:425,0
DA:426,0
DA:427,0
DA:428,0
DA:432,0
DA:433,0
DA:434,0
DA:435,0
DA:437,0
DA:442,0
DA:443,0
DA:444,0
DA:445,0
DA:446,0
DA:449,0
DA:450,0
DA:454,0
DA:455,0
DA:458,0
DA:459,0
DA:462,0
DA:463,0
DA:464,0
DA:466,0
DA:467,0
DA:468,0
DA:470,0
DA:477,0
DA:478,0
DA:479,0
DA:480,0
DA:482,0
DA:484,0
DA:487,0
DA:494,0
DA:495,0
DA:496,0
DA:499,0
DA:500,0
DA:503,0
DA:504,0
DA:505,0
DA:509,0
DA:512,0
DA:515,0
DA:517,0
DA:519,0
DA:520,0
DA:521,0
DA:526,0
DA:533,0
DA:534,0
DA:535,0
DA:538,0
DA:539,0
DA:540,0
DA:541,0
DA:542,0
DA:544,0
DA:546,0
DA:547,0
DA:550,0
DA:553,0
DA:554,0
DA:556,0
DA:557,0
DA:558,0
DA:567,0
DA:568,0
DA:569,0
DA:570,0
DA:571,0
DA:572,0
DA:573,0
DA:574,0
DA:577,0
DA:578,0
DA:579,0
DA:580,0
DA:581,0
DA:582,0
DA:583,0
DA:586,0
DA:588,0
DA:592,0
DA:593,0
DA:596,0
DA:597,0
DA:598,0
DA:599,0
DA:600,0
DA:605,0
DA:606,0
DA:609,0
DA:610,0
DA:611,0
DA:614,0
DA:617,0
DA:620,0
DA:621,0
DA:622,0
DA:623,0
DA:624,0
DA:626,0
DA:628,0
DA:633,0
DA:634,0
DA:635,0
DA:636,0
DA:637,0
DA:638,0
DA:639,0
DA:645,0
DA:646,0
DA:647,0
DA:648,0
DA:649,0
DA:650,0
DA:651,0
DA:655,0
DA:656,0
DA:659,0
DA:660,0
DA:661,0
DA:662,0
DA:663,0
DA:664,0
DA:665,0
DA:666,0
DA:669,0
DA:670,0
DA:671,0
DA:674,0
DA:683,0
DA:684,0
DA:685,0
DA:686,0
DA:687,0
DA:688,0
DA:692,0
DA:693,0
DA:694,0
DA:695,0
DA:696,0
DA:697,0
DA:698,0
DA:699,0
DA:700,0
DA:703,0
DA:704,0
DA:705,0
DA:706,0
DA:707,0
DA:708,0
DA:709,0
DA:712,0
DA:713,0
DA:715,0
DA:716,0
DA:717,0
DA:718,0
DA:719,0
DA:720,0
DA:721,0
DA:723,0
DA:724,0
DA:726,0
DA:727,0
DA:728,0
DA:729,0
DA:730,0
DA:732,0
DA:733,0
DA:737,0
DA:738,0
DA:739,0
DA:740,0
DA:743,0
DA:745,0
DA:746,0
DA:747,0
DA:748,0
DA:749,0
DA:750,0
DA:756,0
DA:757,0
DA:758,0
DA:759,0
DA:762,0
DA:771,0
LF:424
LH:0
BRDA:28,0,0,0
BRDA:28,0,1,0
BRDA:75,1,0,0
BRDA:75,1,1,0
BRDA:82,2,0,0
BRDA:82,2,1,0
BRDA:86,3,0,0
BRDA:86,3,1,0
BRDA:111,4,0,0
BRDA:111,4,1,0
BRDA:136,5,0,0
BRDA:136,5,1,0
BRDA:143,6,0,0
BRDA:174,7,0,0
BRDA:174,7,1,0
BRDA:194,8,0,0
BRDA:194,8,1,0
BRDA:241,9,0,0
BRDA:241,9,1,0
BRDA:292,10,0,0
BRDA:292,10,1,0
BRDA:292,11,0,0
BRDA:292,11,1,0
BRDA:320,12,0,0
BRDA:320,12,1,0
BRDA:390,13,0,0
BRDA:390,13,1,0
BRDA:396,14,0,0
BRDA:396,14,1,0
BRDA:396,15,0,0
BRDA:396,15,1,0
BRDA:403,16,0,0
BRDA:403,16,1,0
BRDA:417,17,0,0
BRDA:417,17,1,0
BRDA:418,18,0,0
BRDA:418,18,1,0
BRDA:421,19,0,0
BRDA:421,19,1,0
BRDA:421,20,0,0
BRDA:421,20,1,0
BRDA:424,21,0,0
BRDA:424,21,1,0
BRDA:425,22,0,0
BRDA:425,22,1,0
BRDA:425,23,0,0
BRDA:425,23,1,0
BRDA:425,23,2,0
BRDA:432,24,0,0
BRDA:432,24,1,0
BRDA:432,25,0,0
BRDA:432,25,1,0
BRDA:432,25,2,0
BRDA:432,25,3,0
BRDA:433,26,0,0
BRDA:433,26,1,0
BRDA:442,27,0,0
BRDA:442,27,1,0
BRDA:443,28,0,0
BRDA:443,28,1,0
BRDA:445,29,0,0
BRDA:445,29,1,0
BRDA:449,30,0,0
BRDA:449,30,1,0
BRDA:449,31,0,0
BRDA:449,31,1,0
BRDA:464,32,0,0
BRDA:464,32,1,0
BRDA:470,33,0,0
BRDA:470,33,1,0
BRDA:470,34,0,0
BRDA:470,34,1,0
BRDA:470,34,2,0
BRDA:470,34,3,0
BRDA:470,34,4,0
BRDA:484,35,0,0
BRDA:484,35,1,0
BRDA:494,36,0,0
BRDA:494,36,1,0
BRDA:533,37,0,0
BRDA:533,37,1,0
BRDA:541,38,0,0
BRDA:541,38,1,0
BRDA:557,39,0,0
BRDA:557,39,1,0
BRDA:593,40,0,0
BRDA:593,40,1,0
BRDA:596,41,0,0
BRDA:596,41,1,0
BRDA:598,42,0,0
BRDA:598,42,1,0
BRDA:605,43,0,0
BRDA:605,43,1,0
BRDA:620,44,0,0
BRDA:620,44,1,0
BRDA:623,45,0,0
BRDA:623,45,1,0
BRDA:638,46,0,0
BRDA:638,46,1,0
BRDA:646,47,0,0
BRDA:646,47,1,0
BRDA:648,48,0,0
BRDA:648,48,1,0
BRDA:650,49,0,0
BRDA:650,49,1,0
BRDA:685,50,0,0
BRDA:685,50,1,0
BRDA:686,51,0,0
BRDA:686,51,1,0
BRDA:724,52,0,0
BRDA:724,52,1,0
BRDA:749,53,0,0
BRDA:749,53,1,0
BRDA:767,54,0,0
BRDA:767,54,1,0
BRF:115
BRH:0
end_of_record
TN:
SF:src\games\shared\FeedbackSystem.js
FN:8,(anonymous_0)
FN:13,(anonymous_1)
FN:24,(anonymous_2)
FN:48,(anonymous_3)
FN:72,(anonymous_4)
FN:85,(anonymous_5)
FN:100,(anonymous_6)
FN:106,(anonymous_7)
FN:127,(anonymous_8)
FN:150,(anonymous_9)
FN:173,(anonymous_10)
FN:182,(anonymous_11)
FNF:12
FNH:0
FNDA:0,(anonymous_0)
FNDA:0,(anonymous_1)
FNDA:0,(anonymous_2)
FNDA:0,(anonymous_3)
FNDA:0,(anonymous_4)
FNDA:0,(anonymous_5)
FNDA:0,(anonymous_6)
FNDA:0,(anonymous_7)
FNDA:0,(anonymous_8)
FNDA:0,(anonymous_9)
FNDA:0,(anonymous_10)
FNDA:0,(anonymous_11)
DA:9,0
DA:10,0
DA:14,0
DA:15,0
DA:17,0
DA:26,0
DA:33,0
DA:36,0
DA:38,0
DA:50,0
DA:57,0
DA:60,0
DA:62,0
DA:74,0
DA:76,0
DA:87,0
DA:101,0
DA:103,0
DA:104,0
DA:106,0
DA:107,0
DA:108,0
DA:110,0
DA:111,0
DA:113,0
DA:114,0
DA:116,0
DA:117,0
DA:119,0
DA:120,0
DA:128,0
DA:130,0
DA:131,0
DA:132,0
DA:134,0
DA:135,0
DA:137,0
DA:138,0
DA:140,0
DA:141,0
DA:143,0
DA:144,0
DA:151,0
DA:153,0
DA:154,0
DA:155,0
DA:157,0
DA:158,0
DA:160,0
DA:161,0
DA:163,0
DA:164,0
DA:166,0
DA:167,0
DA:174,0
DA:175,0
DA:183,0
DA:184,0
LF:58
LH:0
BRDA:15,0,0,0
BRDA:15,0,1,0
BRDA:24,1,0,0
BRDA:48,2,0,0
BRDA:101,3,0,0
BRDA:101,3,1,0
BRDA:128,4,0,0
BRDA:128,4,1,0
BRDA:151,5,0,0
BRDA:151,5,1,0
BRDA:174,6,0,0
BRDA:174,6,1,0
BRDA:183,7,0,0
BRDA:183,7,1,0
BRF:14
BRH:0
end_of_record
TN:
SF:src\games\shared\useTelemetry.js
FN:8,useTelemetry
FN:14,(anonymous_1)
FN:19,(anonymous_2)
FN:24,(anonymous_3)
FN:31,(anonymous_4)
FN:44,(anonymous_5)
FN:55,(anonymous_6)
FN:71,(anonymous_7)
FNF:8
FNH:0
FNDA:0,useTelemetry
FNDA:0,(anonymous_1)
FNDA:0,(anonymous_2)
FNDA:0,(anonymous_3)
FNDA:0,(anonymous_4)
FNDA:0,(anonymous_5)
FNDA:0,(anonymous_6)
FNDA:0,(anonymous_7)
DA:9,0
DA:10,0
DA:11,0
DA:12,0
DA:14,0
DA:16,0
DA:19,0
DA:20,0
DA:24,0
DA:25,0
DA:26,0
DA:27,0
DA:31,0
DA:32,0
DA:41,0
DA:44,0
DA:45,0
DA:52,0
DA:55,0
DA:56,0
DA:63,0
DA:66,0
DA:67,0
DA:71,0
DA:72,0
DA:74,0
DA:75,0
DA:77,0
DA:78,0
DA:86,0
DA:87,0
DA:90,0
DA:92,0
DA:96,0
LF:34
LH:0
BRDA:66,0,0,0
BRDA:66,0,1,0
BRDA:72,1,0,0
BRDA:72,1,1,0
BRDA:86,2,0,0
BRDA:86,2,1,0
BRF:6
BRH:0
end_of_record
TN:
SF:src\pages\JogoCacadorAlvos.js
FN:15,Spaceship
FN:19,(anonymous_1)
FN:30,(anonymous_2)
FN:31,(anonymous_3)
FN:41,Target
FN:45,(anonymous_5)
FN:53,(anonymous_6)
FN:83,Obstacle
FN:87,(anonymous_8)
FN:94,(anonymous_9)
FN:117,JogoCacadorAlvos
FN:138,(anonymous_11)
FN:140,(anonymous_12)
FN:145,(anonymous_13)
FN:151,(anonymous_14)
FN:181,(anonymous_15)
FN:183,(anonymous_16)
FN:184,(anonymous_17)
FN:193,(anonymous_18)
FN:197,(anonymous_19)
FN:213,(anonymous_20)
FN:238,(anonymous_21)
FN:256,(anonymous_22)
FN:259,(anonymous_23)
FN:270,(anonymous_24)
FN:271,(anonymous_25)
FN:272,(anonymous_26)
FN:282,(anonymous_27)
FN:282,(anonymous_28)
FN:288,(anonymous_29)
FN:306,(anonymous_30)
FN:307,(anonymous_31)
FN:309,(anonymous_32)
FN:321,(anonymous_33)
FN:326,(anonymous_34)
FN:326,(anonymous_35)
FN:331,(anonymous_36)
FN:334,(anonymous_37)
FN:335,(anonymous_38)
FN:336,(anonymous_39)
FN:339,(anonymous_40)
FN:349,(anonymous_41)
FN:353,(anonymous_42)
FN:426,(anonymous_43)
FN:447,(anonymous_44)
FN:457,(anonymous_45)
FNF:46
FNH:0
FNDA:0,Spaceship
FNDA:0,(anonymous_1)
FNDA:0,(anonymous_2)
FNDA:0,(anonymous_3)
FNDA:0,Target
FNDA:0,(anonymous_5)
FNDA:0,(anonymous_6)
FNDA:0,Obstacle
FNDA:0,(anonymous_8)
FNDA:0,(anonymous_9)
FNDA:0,JogoCacadorAlvos
FNDA:0,(anonymous_11)
FNDA:0,(anonymous_12)
FNDA:0,(anonymous_13)
FNDA:0,(anonymous_14)
FNDA:0,(anonymous_15)
FNDA:0,(anonymous_16)
FNDA:0,(anonymous_17)
FNDA:0,(anonymous_18)
FNDA:0,(anonymous_19)
FNDA:0,(anonymous_20)
FNDA:0,(anonymous_21)
FNDA:0,(anonymous_22)
FNDA:0,(anonymous_23)
FNDA:0,(anonymous_24)
FNDA:0,(anonymous_25)
FNDA:0,(anonymous_26)
FNDA:0,(anonymous_27)
FNDA:0,(anonymous_28)
FNDA:0,(anonymous_29)
FNDA:0,(anonymous_30)
FNDA:0,(anonymous_31)
FNDA:0,(anonymous_32)
FNDA:0,(anonymous_33)
FNDA:0,(anonymous_34)
FNDA:0,(anonymous_35)
FNDA:0,(anonymous_36)
FNDA:0,(anonymous_37)
FNDA:0,(anonymous_38)
FNDA:0,(anonymous_39)
FNDA:0,(anonymous_40)
FNDA:0,(anonymous_41)
FNDA:0,(anonymous_42)
FNDA:0,(anonymous_43)
FNDA:0,(anonymous_44)
FNDA:0,(anonymous_45)
DA:16,0
DA:17,0
DA:19,0
DA:20,0
DA:21,0
DA:22,0
DA:26,0
DA:30,0
DA:31,0
DA:42,0
DA:43,0
DA:45,0
DA:46,0
DA:47,0
DA:48,0
DA:49,0
DA:53,0
DA:54,0
DA:55,0
DA:56,0
DA:60,0
DA:62,0
DA:64,0
DA:84,0
DA:85,0
DA:87,0
DA:88,0
DA:89,0
DA:90,0
DA:94,0
DA:95,0
DA:96,0
DA:97,0
DA:101,0
DA:103,0
DA:118,0
DA:119,0
DA:120,0
DA:121,0
DA:122,0
DA:123,0
DA:124,0
DA:125,0
DA:126,0
DA:132,0
DA:133,0
DA:134,0
DA:135,0
DA:136,0
DA:137,0
DA:138,0
DA:140,0
DA:141,0
DA:142,0
DA:145,0
DA:146,0
DA:147,0
DA:149,0
DA:150,0
DA:151,0
DA:154,0
DA:155,0
DA:156,0
DA:174,0
DA:177,0
DA:178,0
DA:181,0
DA:182,0
DA:183,0
DA:184,0
DA:185,0
DA:186,0
DA:187,0
DA:189,0
DA:193,0
DA:197,0
DA:198,0
DA:199,0
DA:200,0
DA:201,0
DA:202,0
DA:203,0
DA:204,0
DA:205,0
DA:206,0
DA:213,0
DA:214,0
DA:215,0
DA:216,0
DA:217,0
DA:219,0
DA:220,0
DA:221,0
DA:222,0
DA:231,0
DA:234,0
DA:235,0
DA:238,0
DA:239,0
DA:240,0
DA:242,0
DA:243,0
DA:253,0
DA:256,0
DA:257,0
DA:259,0
DA:266,0
DA:267,0
DA:268,0
DA:270,0
DA:271,0
DA:272,0
DA:279,0
DA:282,0
DA:285,0
DA:286,0
DA:287,0
DA:288,0
DA:291,0
DA:292,0
DA:296,0
DA:306,0
DA:307,0
DA:308,0
DA:309,0
DA:316,0
DA:317,0
DA:318,0
DA:320,0
DA:321,0
DA:326,0
DA:328,0
DA:329,0
DA:330,0
DA:331,0
DA:334,0
DA:335,0
DA:336,0
DA:337,0
DA:339,0
DA:340,0
DA:341,0
DA:347,0
DA:349,0
DA:353,0
DA:426,0
DA:448,0
DA:458,0
LF:148
LH:0
BRDA:20,0,0,0
BRDA:20,0,1,0
BRDA:32,1,0,0
BRDA:32,1,1,0
BRDA:35,2,0,0
BRDA:35,2,1,0
BRDA:41,3,0,0
BRDA:46,4,0,0
BRDA:46,4,1,0
BRDA:46,5,0,0
BRDA:46,5,1,0
BRDA:54,6,0,0
BRDA:54,6,1,0
BRDA:60,7,0,0
BRDA:60,7,1,0
BRDA:62,8,0,0
BRDA:62,8,1,0
BRDA:62,9,0,0
BRDA:62,9,1,0
BRDA:66,10,0,0
BRDA:66,10,1,0
BRDA:88,11,0,0
BRDA:88,11,1,0
BRDA:88,12,0,0
BRDA:88,12,1,0
BRDA:95,13,0,0
BRDA:95,13,1,0
BRDA:101,14,0,0
BRDA:101,14,1,0
BRDA:150,15,0,0
BRDA:150,15,1,0
BRDA:182,16,0,0
BRDA:182,16,1,0
BRDA:185,17,0,0
BRDA:185,17,1,0
BRDA:220,18,0,0
BRDA:220,18,1,0
BRDA:257,19,0,0
BRDA:257,19,1,0
BRDA:266,20,0,0
BRDA:266,20,1,0
BRDA:286,21,0,0
BRDA:286,21,1,0
BRDA:291,22,0,0
BRDA:291,22,1,0
BRDA:317,23,0,0
BRDA:317,23,1,0
BRDA:320,24,0,0
BRDA:320,24,1,0
BRDA:369,25,0,0
BRDA:369,25,1,0
BRDA:382,26,0,0
BRDA:382,26,1,0
BRDA:397,27,0,0
BRDA:397,27,1,0
BRDA:443,28,0,0
BRDA:443,28,1,0
BRF:57
BRH:0
end_of_record
TN:
SF:src\pages\JogoMemoriaDupla.js
FN:13,JogoMemoriaDupla
FN:33,(anonymous_1)
FN:46,(anonymous_2)
FN:51,(anonymous_3)
FN:60,(anonymous_4)
FN:91,(anonymous_5)
FN:97,(anonymous_6)
FN:104,(anonymous_7)
FN:106,(anonymous_8)
FN:110,(anonymous_9)
FN:114,(anonymous_10)
FN:122,(anonymous_11)
FN:123,(anonymous_12)
FN:135,(anonymous_13)
FN:137,(anonymous_14)
FN:148,(anonymous_15)
FN:157,(anonymous_16)
FN:159,(anonymous_17)
FN:162,(anonymous_18)
FN:164,(anonymous_19)
FN:183,(anonymous_20)
FN:184,(anonymous_21)
FN:193,(anonymous_22)
FN:200,(anonymous_23)
FN:232,(anonymous_24)
FN:236,(anonymous_25)
FN:280,(anonymous_26)
FN:309,(anonymous_27)
FN:318,(anonymous_28)
FN:378,(anonymous_29)
FNF:30
FNH:0
FNDA:0,JogoMemoriaDupla
FNDA:0,(anonymous_1)
FNDA:0,(anonymous_2)
FNDA:0,(anonymous_3)
FNDA:0,(anonymous_4)
FNDA:0,(anonymous_5)
FNDA:0,(anonymous_6)
FNDA:0,(anonymous_7)
FNDA:0,(anonymous_8)
FNDA:0,(anonymous_9)
FNDA:0,(anonymous_10)
FNDA:0,(anonymous_11)
FNDA:0,(anonymous_12)
FNDA:0,(anonymous_13)
FNDA:0,(anonymous_14)
FNDA:0,(anonymous_15)
FNDA:0,(anonymous_16)
FNDA:0,(anonymous_17)
FNDA:0,(anonymous_18)
FNDA:0,(anonymous_19)
FNDA:0,(anonymous_20)
FNDA:0,(anonymous_21)
FNDA:0,(anonymous_22)
FNDA:0,(anonymous_23)
FNDA:0,(anonymous_24)
FNDA:0,(anonymous_25)
FNDA:0,(anonymous_26)
FNDA:0,(anonymous_27)
FNDA:0,(anonymous_28)
FNDA:0,(anonymous_29)
DA:14,0
DA:15,0
DA:16,0
DA:17,0
DA:18,0
DA:19,0
DA:20,0
DA:21,0
DA:22,0
DA:28,0
DA:29,0
DA:30,0
DA:32,0
DA:33,0
DA:36,0
DA:43,0
DA:44,0
DA:46,0
DA:47,0
DA:48,0
DA:51,0
DA:52,0
DA:53,0
DA:54,0
DA:55,0
DA:56,0
DA:57,0
DA:60,0
DA:61,0
DA:62,0
DA:64,0
DA:66,0
DA:67,0
DA:69,0
DA:73,0
DA:77,0
DA:85,0
DA:86,0
DA:87,0
DA:91,0
DA:92,0
DA:93,0
DA:94,0
DA:97,0
DA:100,0
DA:101,0
DA:104,0
DA:105,0
DA:106,0
DA:107,0
DA:110,0
DA:114,0
DA:115,0
DA:117,0
DA:118,0
DA:121,0
DA:122,0
DA:123,0
DA:129,0
DA:131,0
DA:132,0
DA:133,0
DA:134,0
DA:135,0
DA:137,0
DA:143,0
DA:144,0
DA:145,0
DA:147,0
DA:148,0
DA:152,0
DA:153,0
DA:157,0
DA:158,0
DA:159,0
DA:162,0
DA:163,0
DA:164,0
DA:167,0
DA:168,0
DA:169,0
DA:170,0
DA:171,0
DA:174,0
DA:182,0
DA:183,0
DA:184,0
DA:185,0
DA:186,0
DA:187,0
DA:188,0
DA:190,0
DA:191,0
DA:193,0
DA:194,0
DA:195,0
DA:200,0
DA:201,0
DA:202,0
DA:204,0
DA:206,0
DA:207,0
DA:208,0
DA:224,0
DA:228,0
DA:230,0
DA:232,0
DA:236,0
DA:281,0
DA:309,0
DA:318,0
DA:378,0
LF:112
LH:0
BRDA:66,0,0,0
BRDA:66,0,1,0
BRDA:67,1,0,0
BRDA:67,1,1,0
BRDA:69,2,0,0
BRDA:69,2,1,0
BRDA:73,3,0,0
BRDA:73,3,1,0
BRDA:92,4,0,0
BRDA:92,4,1,0
BRDA:105,5,0,0
BRDA:105,5,1,0
BRDA:105,6,0,0
BRDA:105,6,1,0
BRDA:115,7,0,0
BRDA:115,7,1,0
BRDA:115,8,0,0
BRDA:115,8,1,0
BRDA:118,9,0,0
BRDA:118,9,1,0
BRDA:121,10,0,0
BRDA:121,10,1,0
BRDA:144,11,0,0
BRDA:144,11,1,0
BRDA:147,12,0,0
BRDA:147,12,1,0
BRDA:169,13,0,0
BRDA:169,13,1,0
BRDA:170,14,0,0
BRDA:170,14,1,0
BRDA:182,15,0,0
BRDA:182,15,1,0
BRDA:182,16,0,0
BRDA:182,16,1,0
BRDA:182,16,2,0
BRDA:190,17,0,0
BRDA:190,17,1,0
BRDA:255,18,0,0
BRDA:255,18,1,0
BRDA:276,19,0,0
BRDA:276,19,1,0
BRDA:276,19,2,0
BRDA:283,20,0,0
BRDA:283,20,1,0
BRDA:283,21,0,0
BRDA:283,21,1,0
BRDA:284,22,0,0
BRDA:284,22,1,0
BRDA:284,23,0,0
BRDA:284,23,1,0
BRDA:301,24,0,0
BRDA:301,24,1,0
BRDA:328,25,0,0
BRDA:328,25,1,0
BRDA:349,26,0,0
BRDA:349,26,1,0
BRF:56
BRH:0
end_of_record
TN:
SF:src\pages\JogoMestresSinal.js
FN:8,JogoMestresSinal
FN:19,(anonymous_1)
FN:27,(anonymous_2)
FN:33,(anonymous_3)
FN:40,(anonymous_4)
FN:46,(anonymous_5)
FN:58,(anonymous_6)
FN:66,(anonymous_7)
FN:67,(anonymous_8)
FN:72,(anonymous_9)
FN:73,(anonymous_10)
FN:91,(anonymous_11)
FN:96,(anonymous_12)
FN:123,(anonymous_13)
FN:125,(anonymous_14)
FNF:15
FNH:0
FNDA:0,JogoMestresSinal
FNDA:0,(anonymous_1)
FNDA:0,(anonymous_2)
FNDA:0,(anonymous_3)
FNDA:0,(anonymous_4)
FNDA:0,(anonymous_5)
FNDA:0,(anonymous_6)
FNDA:0,(anonymous_7)
FNDA:0,(anonymous_8)
FNDA:0,(anonymous_9)
FNDA:0,(anonymous_10)
FNDA:0,(anonymous_11)
FNDA:0,(anonymous_12)
FNDA:0,(anonymous_13)
FNDA:0,(anonymous_14)
DA:9,0
DA:10,0
DA:11,0
DA:12,0
DA:13,0
DA:14,0
DA:15,0
DA:16,0
DA:17,0
DA:19,0
DA:20,0
DA:21,0
DA:22,0
DA:23,0
DA:24,0
DA:27,0
DA:28,0
DA:29,0
DA:30,0
DA:31,0
DA:33,0
DA:34,0
DA:35,0
DA:40,0
DA:41,0
DA:42,0
DA:46,0
DA:47,0
DA:49,0
DA:50,0
DA:52,0
DA:54,0
DA:55,0
DA:58,0
DA:65,0
DA:66,0
DA:67,0
DA:70,0
DA:72,0
DA:73,0
DA:76,0
DA:77,0
DA:78,0
DA:80,0
DA:81,0
DA:86,0
DA:87,0
DA:91,0
DA:92,0
DA:93,0
DA:95,0
DA:96,0
DA:99,0
DA:100,0
DA:101,0
DA:114,0
DA:115,0
DA:117,0
DA:121,0
DA:123,0
DA:125,0
LF:61
LH:0
BRDA:29,0,0,0
BRDA:29,0,1,0
BRDA:34,1,0,0
BRDA:34,1,1,0
BRDA:41,2,0,0
BRDA:41,2,1,0
BRDA:47,3,0,0
BRDA:47,3,1,0
BRDA:47,4,0,0
BRDA:47,4,1,0
BRDA:54,5,0,0
BRDA:54,5,1,0
BRDA:65,6,0,0
BRDA:65,6,1,0
BRDA:77,7,0,0
BRDA:77,7,1,0
BRDA:80,8,0,0
BRDA:80,8,1,0
BRDA:86,9,0,0
BRDA:86,9,1,0
BRDA:95,10,0,0
BRDA:95,10,1,0
BRDA:130,11,0,0
BRDA:130,11,1,0
BRDA:142,12,0,0
BRDA:142,12,1,0
BRDA:154,13,0,0
BRDA:154,13,1,0
BRF:28
BRH:0
end_of_record
TN:
SF:src\pages\Login.js
FN:7,Login
FN:19,(anonymous_1)
FN:43,(anonymous_2)
FN:95,(anonymous_3)
FN:106,(anonymous_4)
FN:116,(anonymous_5)
FN:126,(anonymous_6)
FN:133,(anonymous_7)
FN:151,(anonymous_8)
FNF:9
FNH:0
FNDA:0,Login
FNDA:0,(anonymous_1)
FNDA:0,(anonymous_2)
FNDA:0,(anonymous_3)
FNDA:0,(anonymous_4)
FNDA:0,(anonymous_5)
FNDA:0,(anonymous_6)
FNDA:0,(anonymous_7)
FNDA:0,(anonymous_8)
DA:8,0
DA:9,0
DA:10,0
DA:11,0
DA:17,0
DA:19,0
DA:20,0
DA:21,0
DA:23,0
DA:26,0
DA:31,0
DA:33,0
DA:34,0
DA:36,0
DA:37,0
DA:38,0
DA:43,0
DA:44,0
DA:46,0
DA:48,0
DA:49,0
DA:50,0
DA:54,0
DA:55,0
DA:56,0
DA:58,0
DA:59,0
DA:60,0
DA:62,0
DA:65,0
DA:69,0
DA:95,0
DA:106,0
DA:116,0
DA:126,0
DA:133,0
DA:151,0
LF:37
LH:0
BRDA:31,0,0,0
BRDA:31,0,1,0
BRDA:36,1,0,0
BRDA:36,1,1,0
BRDA:36,2,0,0
BRDA:36,2,1,0
BRDA:44,3,0,0
BRDA:44,3,1,0
BRDA:55,4,0,0
BRDA:55,4,1,0
BRDA:58,5,0,0
BRDA:58,5,1,0
BRDA:65,6,0,0
BRDA:65,6,1,0
BRDA:89,7,0,0
BRDA:89,7,1,0
BRDA:121,8,0,0
BRDA:121,8,1,0
BRDA:125,9,0,0
BRDA:125,9,1,0
BRDA:132,10,0,0
BRDA:132,10,1,0
BRDA:140,11,0,0
BRDA:140,11,1,0
BRDA:143,12,0,0
BRDA:143,12,1,0
BRDA:147,13,0,0
BRDA:147,13,1,0
BRDA:153,14,0,0
BRDA:153,14,1,0
BRF:30
BRH:0
end_of_record
TN:
SF:src\pages\PainelAluno.js
FN:5,PainelAluno
FN:154,(anonymous_1)
FN:158,(anonymous_2)
FN:165,(anonymous_3)
FNF:4
FNH:0
FNDA:0,PainelAluno
FNDA:0,(anonymous_1)
FNDA:0,(anonymous_2)
FNDA:0,(anonymous_3)
DA:6,0
DA:8,0
DA:102,0
DA:155,0
DA:159,0
DA:160,0
DA:166,0
DA:167,0
LF:8
LH:0
BRDA:157,0,0,0
BRDA:157,0,1,0
BRDA:157,1,0,0
BRDA:157,1,1,0
BRDA:159,2,0,0
BRDA:159,2,1,0
BRDA:166,3,0,0
BRDA:166,3,1,0
BRDA:166,4,0,0
BRDA:166,4,1,0
BRDA:171,5,0,0
BRDA:171,5,1,0
BRDA:172,6,0,0
BRDA:172,6,1,0
BRDA:182,7,0,0
BRDA:182,7,1,0
BRF:16
BRH:0
end_of_record
TN:
SF:src\pages\PainelEducador.js
FN:6,PainelEducador
FN:11,(anonymous_1)
FN:15,(anonymous_2)
FN:27,(anonymous_3)
FN:34,(anonymous_4)
FN:40,(anonymous_5)
FN:43,(anonymous_6)
FN:44,(anonymous_7)
FN:49,(anonymous_8)
FN:73,(anonymous_9)
FN:77,(anonymous_10)
FNF:11
FNH:0
FNDA:0,PainelEducador
FNDA:0,(anonymous_1)
FNDA:0,(anonymous_2)
FNDA:0,(anonymous_3)
FNDA:0,(anonymous_4)
FNDA:0,(anonymous_5)
FNDA:0,(anonymous_6)
FNDA:0,(anonymous_7)
FNDA:0,(anonymous_8)
FNDA:0,(anonymous_9)
FNDA:0,(anonymous_10)
DA:7,0
DA:8,0
DA:9,0
DA:11,0
DA:12,0
DA:15,0
DA:16,0
DA:17,0
DA:18,0
DA:21,0
DA:23,0
DA:27,0
DA:28,0
DA:29,0
DA:30,0
DA:33,0
DA:34,0
DA:36,0
DA:40,0
DA:41,0
DA:43,0
DA:44,0
DA:45,0
DA:46,0
DA:48,0
DA:49,0
DA:56,0
DA:58,0
DA:74,0
DA:77,0
LF:30
LH:0
BRDA:41,0,0,0
BRDA:41,0,1,0
BRDA:46,1,0,0
BRDA:46,1,1,0
BRDA:76,2,0,0
BRDA:76,2,1,0
BRDA:96,3,0,0
BRDA:96,3,1,0
BRDA:102,4,0,0
BRDA:102,4,1,0
BRDA:119,5,0,0
BRDA:119,5,1,0
BRDA:119,6,0,0
BRDA:119,6,1,0
BRF:14
BRH:0
end_of_record
TN:
SF:src\shared\components\EmergencyStop.js
FN:4,EmergencyStop
FN:5,(anonymous_1)
FN:11,(anonymous_2)
FN:16,(anonymous_3)
FNF:4
FNH:0
FNDA:0,EmergencyStop
FNDA:0,(anonymous_1)
FNDA:0,(anonymous_2)
FNDA:0,(anonymous_3)
DA:5,0
DA:6,0
DA:7,0
DA:8,0
DA:11,0
DA:12,0
DA:13,0
DA:16,0
DA:17,0
DA:18,0
DA:21,0
DA:24,0
LF:12
LH:0
BRDA:7,0,0,0
BRDA:7,0,1,0
BRDA:21,1,0,0
BRDA:21,1,1,0
BRF:4
BRH:0
end_of_record
TN:
SF:src\shared\components\Logo.js
FN:3,Logo
FNF:1
FNH:0
FNDA:0,Logo
DA:4,0
DA:11,0
LF:2
LH:0
BRDA:3,0,0,0
BRDA:3,1,0,0
BRDA:3,2,0,0
BRDA:12,3,0,0
BRDA:12,3,1,0
BRDA:76,4,0,0
BRDA:76,4,1,0
BRF:7
BRH:0
end_of_record
TN:
SF:src\shared\components\ParticleSystem.js
FN:3,(anonymous_0)
FN:8,(anonymous_1)
FN:19,(anonymous_2)
FN:40,(anonymous_3)
FN:53,(anonymous_4)
FN:56,(anonymous_5)
FN:92,(anonymous_6)
FN:121,(anonymous_7)
FNF:8
FNH:0
FNDA:0,(anonymous_0)
FNDA:0,(anonymous_1)
FNDA:0,(anonymous_2)
FNDA:0,(anonymous_3)
FNDA:0,(anonymous_4)
FNDA:0,(anonymous_5)
FNDA:0,(anonymous_6)
FNDA:0,(anonymous_7)
DA:3,0
DA:4,0
DA:5,0
DA:6,0
DA:8,0
DA:9,0
DA:11,0
DA:12,0
DA:14,0
DA:15,0
DA:16,0
DA:19,0
DA:20,0
DA:21,0
DA:23,0
DA:24,0
DA:37,0
DA:40,0
DA:41,0
DA:47,0
DA:48,0
DA:51,0
DA:53,0
DA:54,0
DA:56,0
DA:58,0
DA:59,0
DA:60,0
DA:61,0
DA:62,0
DA:63,0
DA:66,0
DA:67,0
DA:68,0
DA:69,0
DA:71,0
DA:73,0
DA:76,0
DA:77,0
DA:78,0
DA:79,0
DA:82,0
DA:84,0
DA:87,0
DA:88,0
DA:92,0
DA:93,0
DA:94,0
DA:95,0
DA:96,0
DA:98,0
DA:99,0
DA:101,0
DA:102,0
DA:103,0
DA:104,0
DA:105,0
DA:107,0
DA:108,0
DA:109,0
DA:110,0
DA:113,0
DA:114,0
DA:115,0
DA:116,0
DA:119,0
DA:121,0
DA:122,0
DA:123,0
DA:128,0
DA:130,0
LF:71
LH:0
BRDA:3,0,0,0
BRDA:3,1,0,0
BRDA:9,2,0,0
BRDA:9,2,1,0
BRDA:12,3,0,0
BRDA:12,3,1,0
BRDA:21,4,0,0
BRDA:21,4,1,0
BRDA:21,5,0,0
BRDA:21,5,1,0
BRDA:26,6,0,0
BRDA:26,6,1,0
BRDA:28,7,0,0
BRDA:28,7,1,0
BRDA:47,8,0,0
BRDA:47,8,1,0
BRDA:71,9,0,0
BRDA:71,9,1,0
BRDA:84,10,0,0
BRDA:84,10,1,0
BRDA:87,11,0,0
BRDA:87,11,1,0
BRDA:122,12,0,0
BRDA:122,12,1,0
BRDA:128,13,0,0
BRDA:128,13,1,0
BRF:26
BRH:0
end_of_record
TN:
SF:src\shared\components\SensorySettings.js
FN:32,SensorySettings
FN:37,(anonymous_1)
FN:49,(anonymous_2)
FN:50,(anonymous_3)
FN:60,(anonymous_4)
FN:106,(anonymous_5)
FN:107,(anonymous_6)
FN:125,(anonymous_7)
FN:128,(anonymous_8)
FN:141,(anonymous_9)
FN:147,(anonymous_10)
FN:153,(anonymous_11)
FN:173,(anonymous_12)
FN:185,(anonymous_13)
FN:199,(anonymous_14)
FN:213,(anonymous_15)
FN:227,(anonymous_16)
FN:242,(anonymous_17)
FN:262,(anonymous_18)
FN:274,(anonymous_19)
FN:285,(anonymous_20)
FN:296,(anonymous_21)
FN:317,(anonymous_22)
FN:329,(anonymous_23)
FN:344,(anonymous_24)
FN:358,(anonymous_25)
FN:370,applySensorySettings
FN:402,loadSensorySettings
FNF:28
FNH:0
FNDA:0,SensorySettings
FNDA:0,(anonymous_1)
FNDA:0,(anonymous_2)
FNDA:0,(anonymous_3)
FNDA:0,(anonymous_4)
FNDA:0,(anonymous_5)
FNDA:0,(anonymous_6)
FNDA:0,(anonymous_7)
FNDA:0,(anonymous_8)
FNDA:0,(anonymous_9)
FNDA:0,(anonymous_10)
FNDA:0,(anonymous_11)
FNDA:0,(anonymous_12)
FNDA:0,(anonymous_13)
FNDA:0,(anonymous_14)
FNDA:0,(anonymous_15)
FNDA:0,(anonymous_16)
FNDA:0,(anonymous_17)
FNDA:0,(anonymous_18)
FNDA:0,(anonymous_19)
FNDA:0,(anonymous_20)
FNDA:0,(anonymous_21)
FNDA:0,(anonymous_22)
FNDA:0,(anonymous_23)
FNDA:0,(anonymous_24)
FNDA:0,(anonymous_25)
FNDA:0,applySensorySettings
FNDA:0,loadSensorySettings
DA:10,0
DA:33,0
DA:34,0
DA:37,0
DA:38,0
DA:39,0
DA:40,0
DA:41,0
DA:43,0
DA:49,0
DA:50,0
DA:60,0
DA:61,0
DA:62,0
DA:63,0
DA:65,0
DA:69,0
DA:106,0
DA:107,0
DA:113,0
DA:126,0
DA:128,0
DA:141,0
DA:147,0
DA:153,0
DA:173,0
DA:185,0
DA:199,0
DA:213,0
DA:227,0
DA:242,0
DA:262,0
DA:274,0
DA:285,0
DA:296,0
DA:317,0
DA:329,0
DA:344,0
DA:358,0
DA:371,0
DA:374,0
DA:375,0
DA:378,0
DA:381,0
DA:382,0
DA:383,0
DA:384,0
DA:387,0
DA:391,0
DA:392,0
DA:393,0
DA:396,0
DA:403,0
DA:404,0
DA:405,0
DA:406,0
DA:408,0
DA:411,0
LF:58
LH:0
BRDA:38,0,0,0
BRDA:38,0,1,0
BRDA:39,1,0,0
BRDA:39,1,1,0
BRDA:61,2,0,0
BRDA:61,2,1,0
BRDA:62,3,0,0
BRDA:62,3,1,0
BRDA:140,4,0,0
BRDA:140,4,1,0
BRDA:146,5,0,0
BRDA:146,5,1,0
BRDA:152,6,0,0
BRDA:152,6,1,0
BRDA:162,7,0,0
BRDA:162,7,1,0
BRDA:251,8,0,0
BRDA:251,8,1,0
BRDA:305,9,0,0
BRDA:305,9,1,0
BRDA:335,10,0,0
BRDA:335,10,1,0
BRDA:371,11,0,0
BRDA:371,11,1,0
BRDA:374,12,0,0
BRDA:374,12,1,0
BRDA:374,13,0,0
BRDA:374,13,1,0
BRDA:381,14,0,0
BRDA:381,14,1,0
BRDA:383,15,0,0
BRDA:383,15,1,0
BRDA:391,16,0,0
BRDA:391,16,1,0
BRDA:391,17,0,0
BRDA:391,17,1,0
BRDA:403,18,0,0
BRDA:403,18,1,0
BRDA:404,19,0,0
BRDA:404,19,1,0
BRF:40
BRH:0
end_of_record
TN:
SF:src\shared\components\index.js
FNF:0
FNH:0
LF:0
LH:0
BRF:0
BRH:0
end_of_record
TN:
SF:src\shared\utils\aiAdaptation.js
FN:5,(anonymous_0)
FN:11,(anonymous_1)
FN:34,(anonymous_2)
FN:90,(anonymous_3)
FN:112,(anonymous_4)
FN:118,(anonymous_5)
FN:121,(anonymous_6)
FN:122,(anonymous_7)
FN:129,(anonymous_8)
FN:130,(anonymous_9)
FN:143,(anonymous_10)
FN:187,(anonymous_11)
FN:192,(anonymous_12)
FN:201,(anonymous_13)
FN:213,(anonymous_14)
FN:218,(anonymous_15)
FN:227,(anonymous_16)
FN:235,(anonymous_17)
FN:240,(anonymous_18)
FN:251,(anonymous_19)
FN:263,(anonymous_20)
FN:264,(anonymous_21)
FN:276,(anonymous_22)
FN:277,(anonymous_23)
FN:282,(anonymous_24)
FN:295,(anonymous_25)
FNF:26
FNH:1
FNDA:1,(anonymous_0)
FNDA:0,(anonymous_1)
FNDA:0,(anonymous_2)
FNDA:0,(anonymous_3)
FNDA:0,(anonymous_4)
FNDA:0,(anonymous_5)
FNDA:0,(anonymous_6)
FNDA:0,(anonymous_7)
FNDA:0,(anonymous_8)
FNDA:0,(anonymous_9)
FNDA:0,(anonymous_10)
FNDA:0,(anonymous_11)
FNDA:0,(anonymous_12)
FNDA:0,(anonymous_13)
FNDA:0,(anonymous_14)
FNDA:0,(anonymous_15)
FNDA:0,(anonymous_16)
FNDA:0,(anonymous_17)
FNDA:0,(anonymous_18)
FNDA:0,(anonymous_19)
FNDA:0,(anonymous_20)
FNDA:0,(anonymous_21)
FNDA:0,(anonymous_22)
FNDA:0,(anonymous_23)
FNDA:0,(anonymous_24)
FNDA:0,(anonymous_25)
DA:6,1
DA:7,1
DA:8,1
DA:12,0
DA:15,0
DA:24,0
DA:30,0
DA:35,0
DA:42,0
DA:45,0
DA:46,0
DA:47,0
DA:48,0
DA:52,0
DA:58,0
DA:61,0
DA:62,0
DA:66,0
DA:67,0
DA:70,0
DA:78,0
DA:79,0
DA:82,0
DA:92,0
DA:94,0
DA:96,0
DA:97,0
DA:99,0
DA:100,0
DA:102,0
DA:103,0
DA:105,0
DA:108,0
DA:113,0
DA:114,0
DA:117,0
DA:118,0
DA:121,0
DA:122,0
DA:124,0
DA:125,0
DA:126,0
DA:129,0
DA:130,0
DA:131,0
DA:133,0
DA:144,0
DA:145,0
DA:147,0
DA:148,0
DA:153,0
DA:154,0
DA:161,0
DA:162,0
DA:167,0
DA:168,0
DA:175,0
DA:176,0
DA:183,0
DA:188,0
DA:191,0
DA:192,0
DA:198,0
DA:199,0
DA:200,0
DA:201,0
DA:203,0
DA:204,0
DA:205,0
DA:209,0
DA:214,0
DA:217,0
DA:218,0
DA:219,0
DA:222,0
DA:226,0
DA:227,0
DA:228,0
DA:231,0
DA:235,0
DA:236,0
DA:241,0
DA:252,0
DA:253,0
DA:262,0
DA:263,0
DA:264,0
DA:266,0
DA:267,0
DA:276,0
DA:277,0
DA:278,0
DA:279,0
DA:280,0
DA:281,0
DA:282,0
DA:284,0
DA:296,0
DA:300,1
LF:99
LH:4
BRDA:12,0,0,0
BRDA:12,0,1,0
BRDA:61,1,0,0
BRDA:61,1,1,0
BRDA:66,2,0,0
BRDA:66,2,1,0
BRDA:78,3,0,0
BRDA:78,3,1,0
BRDA:94,4,0,0
BRDA:94,4,1,0
BRDA:97,5,0,0
BRDA:97,5,1,0
BRDA:99,6,0,0
BRDA:99,6,1,0
BRDA:100,7,0,0
BRDA:100,7,1,0
BRDA:103,8,0,0
BRDA:103,8,1,0
BRDA:105,9,0,0
BRDA:105,9,1,0
BRDA:113,10,0,0
BRDA:113,10,1,0
BRDA:125,11,0,0
BRDA:125,11,1,0
BRDA:126,12,0,0
BRDA:126,12,1,0
BRDA:147,13,0,0
BRDA:147,13,1,0
BRDA:153,14,0,0
BRDA:153,14,1,0
BRDA:161,15,0,0
BRDA:161,15,1,0
BRDA:167,16,0,0
BRDA:167,16,1,0
BRDA:175,17,0,0
BRDA:175,17,1,0
BRDA:188,18,0,0
BRDA:188,18,1,0
BRDA:203,19,0,0
BRDA:203,19,1,0
BRDA:217,20,0,0
BRDA:217,20,1,0
BRDA:219,21,0,0
BRDA:219,21,1,0
BRDA:222,22,0,0
BRDA:222,22,1,0
BRDA:226,23,0,0
BRDA:226,23,1,0
BRDA:228,24,0,0
BRDA:228,24,1,0
BRDA:231,25,0,0
BRDA:231,25,1,0
BRDA:236,26,0,0
BRDA:236,26,1,0
BRDA:252,27,0,0
BRDA:252,27,1,0
BRDA:266,28,0,0
BRDA:266,28,1,0
BRF:58
BRH:0
end_of_record
TN:
SF:src\shared\utils\audioFeedback.js
FN:8,(anonymous_0)
FN:19,(anonymous_1)
FN:36,(anonymous_2)
FN:69,(anonymous_3)
FN:139,(anonymous_4)
FN:165,(anonymous_5)
FN:170,(anonymous_6)
FN:173,(anonymous_7)
FN:180,(anonymous_8)
FN:188,(anonymous_9)
FN:195,(anonymous_10)
FN:202,(anonymous_11)
FN:209,(anonymous_12)
FN:216,(anonymous_13)
FN:223,(anonymous_14)
FN:230,(anonymous_15)
FN:243,getAudioFeedback
FNF:17
FNH:0
FNDA:0,(anonymous_0)
FNDA:0,(anonymous_1)
FNDA:0,(anonymous_2)
FNDA:0,(anonymous_3)
FNDA:0,(anonymous_4)
FNDA:0,(anonymous_5)
FNDA:0,(anonymous_6)
FNDA:0,(anonymous_7)
FNDA:0,(anonymous_8)
FNDA:0,(anonymous_9)
FNDA:0,(anonymous_10)
FNDA:0,(anonymous_11)
FNDA:0,(anonymous_12)
FNDA:0,(anonymous_13)
FNDA:0,(anonymous_14)
FNDA:0,(anonymous_15)
FNDA:0,getAudioFeedback
DA:9,0
DA:10,0
DA:11,0
DA:12,0
DA:13,0
DA:20,0
DA:22,0
DA:23,0
DA:24,0
DA:25,0
DA:26,0
DA:28,0
DA:29,0
DA:38,0
DA:48,0
DA:49,0
DA:50,0
DA:51,0
DA:52,0
DA:53,0
DA:54,0
DA:57,0
DA:61,0
DA:70,0
DA:73,0
DA:75,0
DA:76,0
DA:77,0
DA:78,0
DA:80,0
DA:81,0
DA:82,0
DA:83,0
DA:85,0
DA:86,0
DA:87,0
DA:88,0
DA:90,0
DA:91,0
DA:92,0
DA:93,0
DA:95,0
DA:96,0
DA:97,0
DA:98,0
DA:100,0
DA:101,0
DA:102,0
DA:103,0
DA:105,0
DA:106,0
DA:107,0
DA:108,0
DA:110,0
DA:111,0
DA:112,0
DA:115,0
DA:116,0
DA:118,0
DA:119,0
DA:120,0
DA:122,0
DA:123,0
DA:124,0
DA:125,0
DA:126,0
DA:127,0
DA:128,0
DA:129,0
DA:133,0
DA:140,0
DA:141,0
DA:144,0
DA:145,0
DA:146,0
DA:148,0
DA:149,0
DA:151,0
DA:153,0
DA:154,0
DA:156,0
DA:158,0
DA:166,0
DA:169,0
DA:170,0
DA:172,0
DA:173,0
DA:182,0
DA:189,0
DA:196,0
DA:203,0
DA:210,0
DA:217,0
DA:224,0
DA:231,0
DA:241,1
DA:244,0
DA:245,0
DA:247,0
LF:99
LH:1
BRDA:20,0,0,0
BRDA:20,0,1,0
BRDA:23,1,0,0
BRDA:23,1,1,0
BRDA:51,2,0,0
BRDA:51,2,1,0
BRDA:73,3,0,0
BRDA:73,3,1,0
BRDA:73,3,2,0
BRDA:73,3,3,0
BRDA:73,3,4,0
BRDA:73,3,5,0
BRDA:73,3,6,0
BRDA:73,3,7,0
BRDA:122,4,0,0
BRDA:122,4,1,0
BRDA:124,5,0,0
BRDA:124,5,1,0
BRDA:125,6,0,0
BRDA:125,6,1,0
BRDA:126,7,0,0
BRDA:126,7,1,0
BRDA:128,8,0,0
BRDA:128,8,1,0
BRDA:139,9,0,0
BRDA:139,10,0,0
BRDA:140,11,0,0
BRDA:140,11,1,0
BRDA:140,12,0,0
BRDA:140,12,1,0
BRDA:140,12,2,0
BRDA:165,13,0,0
BRDA:169,14,0,0
BRDA:169,14,1,0
BRDA:172,15,0,0
BRDA:172,15,1,0
BRDA:244,16,0,0
BRDA:244,16,1,0
BRF:38
BRH:0
end_of_record
TN:
SF:src\shared\utils\audioManager.js
FN:4,(anonymous_0)
FN:11,(anonymous_1)
FN:22,(anonymous_2)
FN:47,(anonymous_3)
FN:64,(anonymous_4)
FN:80,(anonymous_5)
FN:94,(anonymous_6)
FN:107,(anonymous_7)
FN:116,(anonymous_8)
FN:120,(anonymous_9)
FN:156,(anonymous_10)
FN:181,(anonymous_11)
FN:186,(anonymous_12)
FN:191,(anonymous_13)
FNF:14
FNH:0
FNDA:0,(anonymous_0)
FNDA:0,(anonymous_1)
FNDA:0,(anonymous_2)
FNDA:0,(anonymous_3)
FNDA:0,(anonymous_4)
FNDA:0,(anonymous_5)
FNDA:0,(anonymous_6)
FNDA:0,(anonymous_7)
FNDA:0,(anonymous_8)
FNDA:0,(anonymous_9)
FNDA:0,(anonymous_10)
FNDA:0,(anonymous_11)
FNDA:0,(anonymous_12)
FNDA:0,(anonymous_13)
DA:5,0
DA:6,0
DA:7,0
DA:8,0
DA:12,0
DA:15,0
DA:16,0
DA:18,0
DA:23,0
DA:24,0
DA:25,0
DA:26,0
DA:27,0
DA:29,0
DA:30,0
DA:32,0
DA:33,0
DA:34,0
DA:36,0
DA:37,0
DA:44,0
DA:48,0
DA:49,0
DA:50,0
DA:51,0
DA:52,0
DA:54,0
DA:55,0
DA:56,0
DA:57,0
DA:58,0
DA:61,0
DA:65,0
DA:66,0
DA:67,0
DA:68,0
DA:69,0
DA:71,0
DA:72,0
DA:73,0
DA:74,0
DA:77,0
DA:81,0
DA:82,0
DA:83,0
DA:84,0
DA:85,0
DA:87,0
DA:89,0
DA:90,0
DA:91,0
DA:92,0
DA:94,0
DA:95,0
DA:96,0
DA:97,0
DA:101,0
DA:104,0
DA:108,0
DA:109,0
DA:110,0
DA:111,0
DA:112,0
DA:113,0
DA:116,0
DA:117,0
DA:118,0
DA:120,0
DA:121,0
DA:122,0
DA:125,0
DA:126,0
DA:127,0
DA:128,0
DA:129,0
DA:130,0
DA:131,0
DA:132,0
DA:133,0
DA:134,0
DA:135,0
DA:136,0
DA:137,0
DA:139,0
DA:140,0
DA:143,0
DA:144,0
DA:145,0
DA:146,0
DA:147,0
DA:148,0
DA:150,0
DA:153,0
DA:157,0
DA:160,0
DA:161,0
DA:163,0
DA:164,0
DA:166,0
DA:167,0
DA:168,0
DA:169,0
DA:170,0
DA:171,0
DA:173,0
DA:174,0
DA:177,0
DA:178,0
DA:183,0
DA:188,0
DA:196,0
LF:111
LH:0
BRDA:12,0,0,0
BRDA:12,0,1,0
BRDA:15,1,0,0
BRDA:15,1,1,0
BRDA:23,2,0,0
BRDA:23,2,1,0
BRDA:48,3,0,0
BRDA:48,3,1,0
BRDA:65,4,0,0
BRDA:65,4,1,0
BRDA:81,5,0,0
BRDA:81,5,1,0
BRDA:96,6,0,0
BRDA:96,6,1,0
BRDA:146,7,0,0
BRDA:146,7,1,0
BRDA:157,8,0,0
BRDA:157,8,1,0
BRDA:166,9,0,0
BRDA:166,9,1,0
BRDA:169,10,0,0
BRDA:169,10,1,0
BRDA:181,11,0,0
BRDA:186,12,0,0
BRF:24
BRH:0
end_of_record
TN:
SF:src\shared\utils\errorCascadeDetector.js
FN:5,(anonymous_0)
FN:11,(anonymous_1)
FN:26,(anonymous_2)
FN:33,(anonymous_3)
FN:50,(anonymous_4)
FN:57,(anonymous_5)
FN:67,(anonymous_6)
FN:80,(anonymous_7)
FN:86,(anonymous_8)
FN:91,(anonymous_9)
FN:96,(anonymous_10)
FN:104,(anonymous_11)
FN:105,(anonymous_12)
FNF:13
FNH:0
FNDA:0,(anonymous_0)
FNDA:0,(anonymous_1)
FNDA:0,(anonymous_2)
FNDA:0,(anonymous_3)
FNDA:0,(anonymous_4)
FNDA:0,(anonymous_5)
FNDA:0,(anonymous_6)
FNDA:0,(anonymous_7)
FNDA:0,(anonymous_8)
FNDA:0,(anonymous_9)
FNDA:0,(anonymous_10)
FNDA:0,(anonymous_11)
FNDA:0,(anonymous_12)
DA:6,0
DA:7,0
DA:12,0
DA:18,0
DA:19,0
DA:22,0
DA:27,0
DA:28,0
DA:32,0
DA:33,0
DA:36,0
DA:37,0
DA:46,0
DA:51,0
DA:52,0
DA:53,0
DA:58,0
DA:59,0
DA:67,0
DA:68,0
DA:69,0
DA:71,0
DA:81,0
DA:82,0
DA:87,0
DA:92,0
DA:97,0
DA:98,0
DA:101,0
DA:102,0
DA:104,0
DA:105,0
DA:107,0
DA:108,0
DA:109,0
DA:114,0
LF:36
LH:0
BRDA:5,0,0,0
BRDA:18,1,0,0
BRDA:18,1,1,0
BRDA:27,2,0,0
BRDA:27,2,1,0
BRDA:36,3,0,0
BRDA:36,3,1,0
BRDA:51,4,0,0
BRDA:51,4,1,0
BRDA:52,5,0,0
BRDA:52,5,1,0
BRDA:58,6,0,0
BRDA:58,6,1,0
BRDA:82,7,0,0
BRDA:82,7,1,0
BRDA:91,8,0,0
BRDA:97,9,0,0
BRDA:97,9,1,0
BRDA:107,10,0,0
BRDA:107,10,1,0
BRDA:108,11,0,0
BRDA:108,11,1,0
BRF:22
BRH:0
end_of_record
TN:
SF:src\shared\utils\index.js
FNF:0
FNH:0
LF:0
LH:0
BRF:0
BRH:0
end_of_record
TN:
SF:src\shared\utils\offlineQueue.js
FN:2,(anonymous_0)
FN:6,(anonymous_1)
FN:15,(anonymous_2)
FN:36,(anonymous_3)
FN:40,(anonymous_4)
FN:44,(anonymous_5)
FNF:6
FNH:0
FNDA:0,(anonymous_0)
FNDA:0,(anonymous_1)
FNDA:0,(anonymous_2)
FNDA:0,(anonymous_3)
FNDA:0,(anonymous_4)
FNDA:0,(anonymous_5)
DA:3,0
DA:7,0
DA:12,0
DA:16,0
DA:18,0
DA:19,0
DA:20,0
DA:22,0
DA:23,0
DA:24,0
DA:30,0
DA:33,0
DA:37,0
DA:41,0
DA:45,0
DA:46,0
DA:50,0
LF:17
LH:0
BRDA:3,0,0,0
BRDA:3,0,1,0
BRDA:16,1,0,0
BRDA:16,1,1,0
BRF:4
BRH:0
end_of_record
TN:
SF:src\shared\utils\phonemeSynthesizer.js
FN:11,(anonymous_0)
FN:106,(anonymous_1)
FN:123,(anonymous_2)
FN:148,(anonymous_3)
FN:239,(anonymous_4)
FN:295,(anonymous_5)
FN:311,(anonymous_6)
FN:318,(anonymous_7)
FN:325,(anonymous_8)
FN:336,getPhonemeSynthesizer
FNF:10
FNH:0
FNDA:0,(anonymous_0)
FNDA:0,(anonymous_1)
FNDA:0,(anonymous_2)
FNDA:0,(anonymous_3)
FNDA:0,(anonymous_4)
FNDA:0,(anonymous_5)
FNDA:0,(anonymous_6)
FNDA:0,(anonymous_7)
FNDA:0,(anonymous_8)
FNDA:0,getPhonemeSynthesizer
DA:12,0
DA:13,0
DA:17,0
DA:107,0
DA:109,0
DA:110,0
DA:111,0
DA:112,0
DA:114,0
DA:124,0
DA:125,0
DA:126,0
DA:129,0
DA:130,0
DA:131,0
DA:132,0
DA:135,0
DA:137,0
DA:138,0
DA:139,0
DA:140,0
DA:149,0
DA:152,0
DA:153,0
DA:154,0
DA:156,0
DA:157,0
DA:158,0
DA:159,0
DA:161,0
DA:162,0
DA:163,0
DA:165,0
DA:166,0
DA:167,0
DA:169,0
DA:170,0
DA:173,0
DA:174,0
DA:175,0
DA:178,0
DA:179,0
DA:180,0
DA:183,0
DA:184,0
DA:185,0
DA:186,0
DA:189,0
DA:190,0
DA:191,0
DA:192,0
DA:195,0
DA:196,0
DA:197,0
DA:198,0
DA:200,0
DA:201,0
DA:202,0
DA:203,0
DA:205,0
DA:206,0
DA:210,0
DA:211,0
DA:212,0
DA:214,0
DA:215,0
DA:216,0
DA:218,0
DA:219,0
DA:220,0
DA:222,0
DA:223,0
DA:224,0
DA:226,0
DA:227,0
DA:228,0
DA:230,0
DA:231,0
DA:240,0
DA:243,0
DA:244,0
DA:245,0
DA:248,0
DA:249,0
DA:250,0
DA:251,0
DA:254,0
DA:256,0
DA:257,0
DA:258,0
DA:260,0
DA:261,0
DA:262,0
DA:263,0
DA:265,0
DA:266,0
DA:267,0
DA:269,0
DA:270,0
DA:271,0
DA:273,0
DA:274,0
DA:278,0
DA:279,0
DA:280,0
DA:281,0
DA:282,0
DA:284,0
DA:285,0
DA:286,0
DA:288,0
DA:289,0
DA:296,0
DA:297,0
DA:298,0
DA:299,0
DA:301,0
DA:302,0
DA:305,0
DA:312,0
DA:319,0
DA:326,0
DA:331,0
DA:337,0
DA:338,0
DA:340,0
LF:126
LH:0
BRDA:107,0,0,0
BRDA:107,0,1,0
BRDA:110,1,0,0
BRDA:110,1,1,0
BRDA:123,2,0,0
BRDA:124,3,0,0
BRDA:124,3,1,0
BRDA:130,4,0,0
BRDA:130,4,1,0
BRDA:137,5,0,0
BRDA:137,5,1,0
BRDA:139,6,0,0
BRDA:139,6,1,0
BRDA:173,7,0,0
BRDA:173,7,1,0
BRDA:210,8,0,0
BRDA:210,8,1,0
BRDA:251,9,0,0
BRDA:251,9,1,0
BRDA:254,10,0,0
BRDA:254,10,1,0
BRDA:337,11,0,0
BRDA:337,11,1,0
BRF:23
BRH:0
end_of_record
TN:
SF:src\store\gameStore.js
FN:4,(anonymous_0)
FN:7,(anonymous_1)
FN:13,(anonymous_2)
FN:13,(anonymous_3)
FN:14,(anonymous_4)
FN:14,(anonymous_5)
FN:15,(anonymous_6)
FN:21,(anonymous_7)
FN:21,(anonymous_8)
FN:33,(anonymous_9)
FN:33,(anonymous_10)
FN:44,(anonymous_11)
FN:44,(anonymous_12)
FN:59,(anonymous_13)
FN:62,(anonymous_14)
FNF:15
FNH:0
FNDA:0,(anonymous_0)
FNDA:0,(anonymous_1)
FNDA:0,(anonymous_2)
FNDA:0,(anonymous_3)
FNDA:0,(anonymous_4)
FNDA:0,(anonymous_5)
FNDA:0,(anonymous_6)
FNDA:0,(anonymous_7)
FNDA:0,(anonymous_8)
FNDA:0,(anonymous_9)
FNDA:0,(anonymous_10)
FNDA:0,(anonymous_11)
FNDA:0,(anonymous_12)
FNDA:0,(anonymous_13)
FNDA:0,(anonymous_14)
DA:4,0
DA:7,0
DA:13,0
DA:14,0
DA:15,0
DA:21,0
DA:22,0
DA:23,0
DA:24,0
DA:33,0
DA:44,0
DA:60,0
DA:61,0
DA:62,0
DA:64,0
DA:65,0
DA:66,0
DA:68,0
LF:18
LH:0
BRDA:50,0,0,0
BRDA:50,0,1,0
BRDA:65,1,0,0
BRDA:65,1,1,0
BRDA:66,2,0,0
BRDA:66,2,1,0
BRF:6
BRH:0
end_of_record
